[2026-07-12T09:43:37Z] auto-run start: state=INIT
[2026-07-12T09:43:37Z] auto-run: running step=planner
[2026-07-12T09:43:38Z] prompt: resolved=prompts/generic/planner.md source=generic
[2026-07-12T09:43:38Z] prompt: generic fallback — injecting runs/T020/ticket.md
[2026-07-12T09:43:38Z] compose: global-context=docs/ai/global-context.md
[2026-07-12T09:43:38Z] compose: role=ai/roles/planner.md
[2026-07-12T09:43:38Z] compose: skill=ai/skills/workflow-discipline.md
[2026-07-12T09:43:38Z] compose: skill=ai/skills/architecture-discipline.md
[2026-07-12T09:43:38Z] compose: skill=ai/skills/documentation.md
[2026-07-12T09:43:38Z] compose: task (canonical prompt)
[2026-07-12T09:43:38Z] snapshot: runtime-prompt=runs/T020/prompts/planner-attempt-1.md
[2026-07-12T09:46:53Z] auto-run: step=planner done rc=0
[2026-07-12T09:49:50Z] auto-run start: state=INIT
[2026-07-12T09:49:50Z] auto-run: running step=planner
[2026-07-12T09:49:50Z] prompt: resolved=prompts/generic/planner.md source=generic
[2026-07-12T09:49:50Z] prompt: generic fallback — injecting runs/T020/ticket.md
[2026-07-12T09:49:50Z] compose: global-context=docs/ai/global-context.md
[2026-07-12T09:49:50Z] compose: role=ai/roles/planner.md
[2026-07-12T09:49:50Z] compose: skill=ai/skills/workflow-discipline.md
[2026-07-12T09:49:50Z] compose: skill=ai/skills/architecture-discipline.md
[2026-07-12T09:49:50Z] compose: skill=ai/skills/documentation.md
[2026-07-12T09:49:50Z] compose: task (canonical prompt)
[2026-07-12T09:49:50Z] snapshot: runtime-prompt=runs/T020/prompts/planner-attempt-2.md
[2026-07-12T09:54:52Z] auto-run: step=planner done rc=0
[2026-07-12T09:58:25Z] auto-run start: state=INIT
[2026-07-12T09:58:25Z] auto-run: running step=planner
[2026-07-12T09:58:25Z] prompt: resolved=prompts/generic/planner.md source=generic
[2026-07-12T09:58:25Z] prompt: generic fallback — injecting runs/T020/ticket.md
[2026-07-12T09:58:25Z] compose: global-context=docs/ai/global-context.md
[2026-07-12T09:58:25Z] compose: role=ai/roles/planner.md
[2026-07-12T09:58:25Z] compose: skill=ai/skills/workflow-discipline.md
[2026-07-12T09:58:25Z] compose: skill=ai/skills/architecture-discipline.md
[2026-07-12T09:58:25Z] compose: skill=ai/skills/documentation.md
[2026-07-12T09:58:25Z] compose: task (canonical prompt)
[2026-07-12T09:58:25Z] snapshot: runtime-prompt=runs/T020/prompts/planner-attempt-3.md
[2026-07-12T10:01:18Z] auto-run: step=planner done rc=0
[2026-07-12T10:04:33Z] auto-run start: state=INIT
[2026-07-12T10:04:33Z] auto-run: running step=planner
[2026-07-12T10:04:33Z] prompt: resolved=prompts/generic/planner.md source=generic
[2026-07-12T10:04:33Z] prompt: generic fallback — injecting runs/T020/ticket.md
[2026-07-12T10:04:33Z] compose: global-context=docs/ai/global-context.md
[2026-07-12T10:04:33Z] compose: role=ai/roles/planner.md
[2026-07-12T10:04:33Z] compose: skill=ai/skills/workflow-discipline.md
[2026-07-12T10:04:33Z] compose: skill=ai/skills/architecture-discipline.md
[2026-07-12T10:04:33Z] compose: skill=ai/skills/documentation.md
[2026-07-12T10:04:33Z] compose: task (canonical prompt)
[2026-07-12T10:04:33Z] snapshot: runtime-prompt=runs/T020/prompts/planner-attempt-4.md
[2026-07-12T10:08:34Z] auto-run: step=planner done rc=0
