[2026-07-20T07:39:54Z] auto-run start: state=INIT
[2026-07-20T07:39:54Z] auto-run: running step=planner
[2026-07-20T07:39:54Z] prompt: resolved=prompts/generic/planner.md source=generic
[2026-07-20T07:39:54Z] prompt: generic fallback — injecting runs/T023/ticket.md
[2026-07-20T07:39:54Z] compose: global-context=docs/ai/global-context.md
[2026-07-20T07:39:54Z] compose: role=ai/roles/planner.md
[2026-07-20T07:39:54Z] compose: skill=ai/skills/workflow-discipline.md
[2026-07-20T07:39:54Z] compose: skill=ai/skills/architecture-discipline.md
[2026-07-20T07:39:54Z] compose: skill=ai/skills/documentation.md
[2026-07-20T07:39:54Z] compose: task (canonical prompt)
[2026-07-20T07:39:54Z] snapshot: runtime-prompt=runs/T023/prompts/planner-attempt-1.md
[2026-07-20T07:44:25Z] auto-run: step=planner done rc=0
[2026-07-20T07:57:16Z] auto-run start: state=INIT
[2026-07-20T07:57:16Z] auto-run: running step=planner
[2026-07-20T07:57:16Z] prompt: resolved=prompts/generic/planner.md source=generic
[2026-07-20T07:57:16Z] prompt: generic fallback — injecting runs/T023/ticket.md
[2026-07-20T07:57:16Z] compose: global-context=docs/ai/global-context.md
[2026-07-20T07:57:16Z] compose: role=ai/roles/planner.md
[2026-07-20T07:57:16Z] compose: skill=ai/skills/workflow-discipline.md
[2026-07-20T07:57:16Z] compose: skill=ai/skills/architecture-discipline.md
[2026-07-20T07:57:16Z] compose: skill=ai/skills/documentation.md
[2026-07-20T07:57:16Z] compose: task (canonical prompt)
[2026-07-20T07:57:16Z] snapshot: runtime-prompt=runs/T023/prompts/planner-attempt-2.md
[2026-07-20T08:00:22Z] auto-run: step=planner done rc=0
[2026-07-20T08:03:27Z] auto-run start: state=INIT
[2026-07-20T08:03:27Z] auto-run: running step=planner
[2026-07-20T08:03:27Z] prompt: resolved=prompts/generic/planner.md source=generic
[2026-07-20T08:03:27Z] prompt: generic fallback — injecting runs/T023/ticket.md
[2026-07-20T08:03:27Z] compose: global-context=docs/ai/global-context.md
[2026-07-20T08:03:27Z] compose: role=ai/roles/planner.md
[2026-07-20T08:03:27Z] compose: skill=ai/skills/workflow-discipline.md
[2026-07-20T08:03:27Z] compose: skill=ai/skills/architecture-discipline.md
[2026-07-20T08:03:27Z] compose: skill=ai/skills/documentation.md
[2026-07-20T08:03:27Z] compose: task (canonical prompt)
[2026-07-20T08:03:27Z] snapshot: runtime-prompt=runs/T023/prompts/planner-attempt-3.md
[2026-07-20T08:07:45Z] auto-run: step=planner done rc=0
[2026-07-20T08:10:53Z] auto-run start: state=INIT
[2026-07-20T08:10:53Z] auto-run: running step=planner
[2026-07-20T08:10:53Z] prompt: resolved=prompts/generic/planner.md source=generic
[2026-07-20T08:10:53Z] prompt: generic fallback — injecting runs/T023/ticket.md
[2026-07-20T08:10:53Z] compose: global-context=docs/ai/global-context.md
[2026-07-20T08:10:53Z] compose: role=ai/roles/planner.md
[2026-07-20T08:10:53Z] compose: skill=ai/skills/workflow-discipline.md
[2026-07-20T08:10:53Z] compose: skill=ai/skills/architecture-discipline.md
[2026-07-20T08:10:53Z] compose: skill=ai/skills/documentation.md
[2026-07-20T08:10:53Z] compose: task (canonical prompt)
[2026-07-20T08:10:53Z] snapshot: runtime-prompt=runs/T023/prompts/planner-attempt-4.md
[2026-07-20T08:15:16Z] auto-run: step=planner done rc=0
[2026-07-20T08:18:21Z] auto-run start: state=INIT
[2026-07-20T08:18:21Z] auto-run: running step=planner
[2026-07-20T08:18:21Z] prompt: resolved=prompts/generic/planner.md source=generic
[2026-07-20T08:18:21Z] prompt: generic fallback — injecting runs/T023/ticket.md
[2026-07-20T08:18:21Z] compose: global-context=docs/ai/global-context.md
[2026-07-20T08:18:21Z] compose: role=ai/roles/planner.md
[2026-07-20T08:18:21Z] compose: skill=ai/skills/workflow-discipline.md
[2026-07-20T08:18:21Z] compose: skill=ai/skills/architecture-discipline.md
[2026-07-20T08:18:21Z] compose: skill=ai/skills/documentation.md
[2026-07-20T08:18:21Z] compose: task (canonical prompt)
[2026-07-20T08:18:21Z] snapshot: runtime-prompt=runs/T023/prompts/planner-attempt-5.md
[2026-07-20T08:22:54Z] auto-run: step=planner done rc=0
[2026-07-20T08:25:53Z] auto-run start: state=INIT
[2026-07-20T08:25:53Z] auto-run: running step=planner
[2026-07-20T08:25:53Z] prompt: resolved=prompts/generic/planner.md source=generic
[2026-07-20T08:25:53Z] prompt: generic fallback — injecting runs/T023/ticket.md
[2026-07-20T08:25:53Z] compose: global-context=docs/ai/global-context.md
[2026-07-20T08:25:53Z] compose: role=ai/roles/planner.md
[2026-07-20T08:25:53Z] compose: skill=ai/skills/workflow-discipline.md
[2026-07-20T08:25:53Z] compose: skill=ai/skills/architecture-discipline.md
[2026-07-20T08:25:53Z] compose: skill=ai/skills/documentation.md
[2026-07-20T08:25:53Z] compose: task (canonical prompt)
[2026-07-20T08:25:53Z] snapshot: runtime-prompt=runs/T023/prompts/planner-attempt-6.md
[2026-07-20T08:30:46Z] auto-run: step=planner done rc=0
[2026-07-20T08:34:39Z] auto-run start: state=INIT
[2026-07-20T08:34:39Z] auto-run: running step=planner
[2026-07-20T08:34:39Z] prompt: resolved=prompts/generic/planner.md source=generic
[2026-07-20T08:34:39Z] prompt: generic fallback — injecting runs/T023/ticket.md
[2026-07-20T08:34:39Z] compose: global-context=docs/ai/global-context.md
[2026-07-20T08:34:39Z] compose: role=ai/roles/planner.md
[2026-07-20T08:34:39Z] compose: skill=ai/skills/workflow-discipline.md
[2026-07-20T08:34:39Z] compose: skill=ai/skills/architecture-discipline.md
[2026-07-20T08:34:39Z] compose: skill=ai/skills/documentation.md
[2026-07-20T08:34:39Z] compose: task (canonical prompt)
[2026-07-20T08:34:39Z] snapshot: runtime-prompt=runs/T023/prompts/planner-attempt-7.md
[2026-07-20T08:38:25Z] auto-run: step=planner done rc=0
[2026-07-20T08:42:11Z] auto-run start: state=INIT
[2026-07-20T08:42:11Z] auto-run: running step=planner
[2026-07-20T08:42:11Z] prompt: resolved=prompts/generic/planner.md source=generic
[2026-07-20T08:42:11Z] prompt: generic fallback — injecting runs/T023/ticket.md
[2026-07-20T08:42:11Z] compose: global-context=docs/ai/global-context.md
[2026-07-20T08:42:11Z] compose: role=ai/roles/planner.md
[2026-07-20T08:42:11Z] compose: skill=ai/skills/workflow-discipline.md
[2026-07-20T08:42:11Z] compose: skill=ai/skills/architecture-discipline.md
[2026-07-20T08:42:11Z] compose: skill=ai/skills/documentation.md
[2026-07-20T08:42:11Z] compose: task (canonical prompt)
[2026-07-20T08:42:11Z] snapshot: runtime-prompt=runs/T023/prompts/planner-attempt-8.md
[2026-07-20T08:46:43Z] auto-run: step=planner done rc=0
[2026-07-20T08:49:39Z] auto-run start: state=INIT
[2026-07-20T08:49:39Z] auto-run: running step=planner
[2026-07-20T08:49:39Z] prompt: resolved=prompts/generic/planner.md source=generic
[2026-07-20T08:49:39Z] prompt: generic fallback — injecting runs/T023/ticket.md
[2026-07-20T08:49:39Z] compose: global-context=docs/ai/global-context.md
[2026-07-20T08:49:39Z] compose: role=ai/roles/planner.md
[2026-07-20T08:49:39Z] compose: skill=ai/skills/workflow-discipline.md
[2026-07-20T08:49:39Z] compose: skill=ai/skills/architecture-discipline.md
[2026-07-20T08:49:39Z] compose: skill=ai/skills/documentation.md
[2026-07-20T08:49:39Z] compose: task (canonical prompt)
[2026-07-20T08:49:39Z] snapshot: runtime-prompt=runs/T023/prompts/planner-attempt-9.md
[2026-07-20T08:53:15Z] auto-run: step=planner done rc=0
[2026-07-20T08:57:03Z] auto-run start: state=INIT
[2026-07-20T08:57:03Z] auto-run: running step=planner
[2026-07-20T08:57:03Z] prompt: resolved=prompts/generic/planner.md source=generic
[2026-07-20T08:57:03Z] prompt: generic fallback — injecting runs/T023/ticket.md
[2026-07-20T08:57:03Z] compose: global-context=docs/ai/global-context.md
[2026-07-20T08:57:03Z] compose: role=ai/roles/planner.md
[2026-07-20T08:57:03Z] compose: skill=ai/skills/workflow-discipline.md
[2026-07-20T08:57:03Z] compose: skill=ai/skills/architecture-discipline.md
[2026-07-20T08:57:03Z] compose: skill=ai/skills/documentation.md
[2026-07-20T08:57:03Z] compose: task (canonical prompt)
[2026-07-20T08:57:03Z] snapshot: runtime-prompt=runs/T023/prompts/planner-attempt-10.md
[2026-07-20T09:01:18Z] auto-run: step=planner done rc=0
[2026-07-20T09:04:33Z] auto-run start: state=INIT
[2026-07-20T09:04:33Z] auto-run: running step=planner
[2026-07-20T09:04:33Z] prompt: resolved=prompts/generic/planner.md source=generic
[2026-07-20T09:04:33Z] prompt: generic fallback — injecting runs/T023/ticket.md
[2026-07-20T09:04:33Z] compose: global-context=docs/ai/global-context.md
[2026-07-20T09:04:33Z] compose: role=ai/roles/planner.md
[2026-07-20T09:04:33Z] compose: skill=ai/skills/workflow-discipline.md
[2026-07-20T09:04:33Z] compose: skill=ai/skills/architecture-discipline.md
[2026-07-20T09:04:33Z] compose: skill=ai/skills/documentation.md
[2026-07-20T09:04:33Z] compose: task (canonical prompt)
[2026-07-20T09:04:33Z] snapshot: runtime-prompt=runs/T023/prompts/planner-attempt-11.md
[2026-07-20T09:07:17Z] auto-run: step=planner done rc=0
[2026-07-20T09:10:52Z] auto-run start: state=INIT
[2026-07-20T09:10:52Z] auto-run: running step=planner
[2026-07-20T09:10:52Z] prompt: resolved=prompts/generic/planner.md source=generic
[2026-07-20T09:10:52Z] prompt: generic fallback — injecting runs/T023/ticket.md
[2026-07-20T09:10:52Z] compose: global-context=docs/ai/global-context.md
[2026-07-20T09:10:52Z] compose: role=ai/roles/planner.md
[2026-07-20T09:10:52Z] compose: skill=ai/skills/workflow-discipline.md
[2026-07-20T09:10:52Z] compose: skill=ai/skills/architecture-discipline.md
[2026-07-20T09:10:52Z] compose: skill=ai/skills/documentation.md
[2026-07-20T09:10:52Z] compose: task (canonical prompt)
[2026-07-20T09:10:52Z] snapshot: runtime-prompt=runs/T023/prompts/planner-attempt-12.md
[2026-07-20T09:15:03Z] auto-run: step=planner done rc=0
[2026-07-20T09:18:25Z] auto-run start: state=INIT
[2026-07-20T09:18:25Z] auto-run: running step=planner
[2026-07-20T09:18:25Z] prompt: resolved=prompts/generic/planner.md source=generic
[2026-07-20T09:18:25Z] prompt: generic fallback — injecting runs/T023/ticket.md
[2026-07-20T09:18:25Z] compose: global-context=docs/ai/global-context.md
[2026-07-20T09:18:25Z] compose: role=ai/roles/planner.md
[2026-07-20T09:18:25Z] compose: skill=ai/skills/workflow-discipline.md
[2026-07-20T09:18:25Z] compose: skill=ai/skills/architecture-discipline.md
[2026-07-20T09:18:25Z] compose: skill=ai/skills/documentation.md
[2026-07-20T09:18:25Z] compose: task (canonical prompt)
[2026-07-20T09:18:25Z] snapshot: runtime-prompt=runs/T023/prompts/planner-attempt-13.md
[2026-07-20T09:21:28Z] auto-run: step=planner done rc=0
[2026-07-20T09:24:41Z] auto-run start: state=INIT
[2026-07-20T09:24:41Z] auto-run: running step=planner
[2026-07-20T09:24:42Z] prompt: resolved=prompts/generic/planner.md source=generic
[2026-07-20T09:24:42Z] prompt: generic fallback — injecting runs/T023/ticket.md
[2026-07-20T09:24:42Z] compose: global-context=docs/ai/global-context.md
[2026-07-20T09:24:42Z] compose: role=ai/roles/planner.md
[2026-07-20T09:24:42Z] compose: skill=ai/skills/workflow-discipline.md
[2026-07-20T09:24:42Z] compose: skill=ai/skills/architecture-discipline.md
[2026-07-20T09:24:42Z] compose: skill=ai/skills/documentation.md
[2026-07-20T09:24:42Z] compose: task (canonical prompt)
[2026-07-20T09:24:42Z] snapshot: runtime-prompt=runs/T023/prompts/planner-attempt-14.md
[2026-07-20T09:27:55Z] auto-run: step=planner done rc=0
[2026-07-20T09:30:58Z] auto-run start: state=INIT
[2026-07-20T09:30:58Z] auto-run: running step=planner
[2026-07-20T09:30:58Z] prompt: resolved=prompts/generic/planner.md source=generic
[2026-07-20T09:30:58Z] prompt: generic fallback — injecting runs/T023/ticket.md
[2026-07-20T09:30:58Z] compose: global-context=docs/ai/global-context.md
[2026-07-20T09:30:58Z] compose: role=ai/roles/planner.md
[2026-07-20T09:30:58Z] compose: skill=ai/skills/workflow-discipline.md
[2026-07-20T09:30:58Z] compose: skill=ai/skills/architecture-discipline.md
[2026-07-20T09:30:58Z] compose: skill=ai/skills/documentation.md
[2026-07-20T09:30:58Z] compose: task (canonical prompt)
[2026-07-20T09:30:58Z] snapshot: runtime-prompt=runs/T023/prompts/planner-attempt-15.md
[2026-07-20T09:34:10Z] auto-run: step=planner done rc=0
[2026-07-20T09:37:15Z] auto-run start: state=INIT
[2026-07-20T09:37:15Z] auto-run: running step=planner
[2026-07-20T09:37:15Z] prompt: resolved=prompts/generic/planner.md source=generic
[2026-07-20T09:37:15Z] prompt: generic fallback — injecting runs/T023/ticket.md
[2026-07-20T09:37:15Z] compose: global-context=docs/ai/global-context.md
[2026-07-20T09:37:15Z] compose: role=ai/roles/planner.md
[2026-07-20T09:37:15Z] compose: skill=ai/skills/workflow-discipline.md
[2026-07-20T09:37:15Z] compose: skill=ai/skills/architecture-discipline.md
[2026-07-20T09:37:15Z] compose: skill=ai/skills/documentation.md
[2026-07-20T09:37:15Z] compose: task (canonical prompt)
[2026-07-20T09:37:15Z] snapshot: runtime-prompt=runs/T023/prompts/planner-attempt-16.md
[2026-07-20T09:41:30Z] auto-run: step=planner done rc=0
[2026-07-20T09:44:43Z] auto-run start: state=INIT
[2026-07-20T09:44:43Z] auto-run: running step=planner
[2026-07-20T09:44:43Z] prompt: resolved=prompts/generic/planner.md source=generic
[2026-07-20T09:44:43Z] prompt: generic fallback — injecting runs/T023/ticket.md
[2026-07-20T09:44:43Z] compose: global-context=docs/ai/global-context.md
[2026-07-20T09:44:43Z] compose: role=ai/roles/planner.md
[2026-07-20T09:44:43Z] compose: skill=ai/skills/workflow-discipline.md
[2026-07-20T09:44:43Z] compose: skill=ai/skills/architecture-discipline.md
[2026-07-20T09:44:43Z] compose: skill=ai/skills/documentation.md
[2026-07-20T09:44:43Z] compose: task (canonical prompt)
[2026-07-20T09:44:43Z] snapshot: runtime-prompt=runs/T023/prompts/planner-attempt-17.md
[2026-07-20T09:48:49Z] auto-run: step=planner done rc=0
[2026-07-20T09:52:10Z] auto-run start: state=INIT
[2026-07-20T09:52:10Z] auto-run: running step=planner
[2026-07-20T09:52:10Z] prompt: resolved=prompts/generic/planner.md source=generic
[2026-07-20T09:52:10Z] prompt: generic fallback — injecting runs/T023/ticket.md
[2026-07-20T09:52:10Z] compose: global-context=docs/ai/global-context.md
[2026-07-20T09:52:10Z] compose: role=ai/roles/planner.md
[2026-07-20T09:52:10Z] compose: skill=ai/skills/workflow-discipline.md
[2026-07-20T09:52:10Z] compose: skill=ai/skills/architecture-discipline.md
[2026-07-20T09:52:10Z] compose: skill=ai/skills/documentation.md
[2026-07-20T09:52:10Z] compose: task (canonical prompt)
[2026-07-20T09:52:10Z] snapshot: runtime-prompt=runs/T023/prompts/planner-attempt-18.md
[2026-07-20T09:55:39Z] auto-run: step=planner done rc=0
[2026-07-20T09:58:25Z] auto-run start: state=INIT
[2026-07-20T09:58:25Z] auto-run: running step=planner
[2026-07-20T09:58:26Z] prompt: resolved=prompts/generic/planner.md source=generic
[2026-07-20T09:58:26Z] prompt: generic fallback — injecting runs/T023/ticket.md
[2026-07-20T09:58:26Z] compose: global-context=docs/ai/global-context.md
[2026-07-20T09:58:26Z] compose: role=ai/roles/planner.md
[2026-07-20T09:58:26Z] compose: skill=ai/skills/workflow-discipline.md
[2026-07-20T09:58:26Z] compose: skill=ai/skills/architecture-discipline.md
[2026-07-20T09:58:26Z] compose: skill=ai/skills/documentation.md
[2026-07-20T09:58:26Z] compose: task (canonical prompt)
[2026-07-20T09:58:26Z] snapshot: runtime-prompt=runs/T023/prompts/planner-attempt-19.md
[2026-07-20T10:01:36Z] auto-run: step=planner done rc=0
[2026-07-20T10:04:41Z] auto-run start: state=INIT
[2026-07-20T10:04:41Z] auto-run: running step=planner
[2026-07-20T10:04:41Z] prompt: resolved=prompts/generic/planner.md source=generic
[2026-07-20T10:04:41Z] prompt: generic fallback — injecting runs/T023/ticket.md
[2026-07-20T10:04:41Z] compose: global-context=docs/ai/global-context.md
[2026-07-20T10:04:41Z] compose: role=ai/roles/planner.md
[2026-07-20T10:04:41Z] compose: skill=ai/skills/workflow-discipline.md
[2026-07-20T10:04:41Z] compose: skill=ai/skills/architecture-discipline.md
[2026-07-20T10:04:41Z] compose: skill=ai/skills/documentation.md
[2026-07-20T10:04:41Z] compose: task (canonical prompt)
[2026-07-20T10:04:41Z] snapshot: runtime-prompt=runs/T023/prompts/planner-attempt-20.md
[2026-07-20T10:08:24Z] auto-run: step=planner done rc=0
[2026-07-20T10:12:13Z] auto-run start: state=INIT
[2026-07-20T10:12:13Z] auto-run: running step=planner
[2026-07-20T10:12:13Z] prompt: resolved=prompts/generic/planner.md source=generic
[2026-07-20T10:12:13Z] prompt: generic fallback — injecting runs/T023/ticket.md
[2026-07-20T10:12:13Z] compose: global-context=docs/ai/global-context.md
[2026-07-20T10:12:13Z] compose: role=ai/roles/planner.md
[2026-07-20T10:12:13Z] compose: skill=ai/skills/workflow-discipline.md
[2026-07-20T10:12:13Z] compose: skill=ai/skills/architecture-discipline.md
[2026-07-20T10:12:13Z] compose: skill=ai/skills/documentation.md
[2026-07-20T10:12:13Z] compose: task (canonical prompt)
[2026-07-20T10:12:13Z] snapshot: runtime-prompt=runs/T023/prompts/planner-attempt-21.md
[2026-07-20T10:15:34Z] auto-run: step=planner done rc=0
[2026-07-20T10:18:30Z] auto-run start: state=INIT
[2026-07-20T10:18:30Z] auto-run: running step=planner
[2026-07-20T10:18:30Z] prompt: resolved=prompts/generic/planner.md source=generic
[2026-07-20T10:18:30Z] prompt: generic fallback — injecting runs/T023/ticket.md
[2026-07-20T10:18:30Z] compose: global-context=docs/ai/global-context.md
[2026-07-20T10:18:30Z] compose: role=ai/roles/planner.md
[2026-07-20T10:18:30Z] compose: skill=ai/skills/workflow-discipline.md
[2026-07-20T10:18:30Z] compose: skill=ai/skills/architecture-discipline.md
[2026-07-20T10:18:30Z] compose: skill=ai/skills/documentation.md
[2026-07-20T10:18:30Z] compose: task (canonical prompt)
[2026-07-20T10:18:30Z] snapshot: runtime-prompt=runs/T023/prompts/planner-attempt-22.md
[2026-07-20T10:21:13Z] auto-run: step=planner done rc=0
[2026-07-20T10:24:47Z] auto-run start: state=INIT
[2026-07-20T10:24:47Z] auto-run: running step=planner
[2026-07-20T10:24:47Z] prompt: resolved=prompts/generic/planner.md source=generic
[2026-07-20T10:24:47Z] prompt: generic fallback — injecting runs/T023/ticket.md
[2026-07-20T10:24:47Z] compose: global-context=docs/ai/global-context.md
[2026-07-20T10:24:47Z] compose: role=ai/roles/planner.md
[2026-07-20T10:24:47Z] compose: skill=ai/skills/workflow-discipline.md
[2026-07-20T10:24:47Z] compose: skill=ai/skills/architecture-discipline.md
[2026-07-20T10:24:47Z] compose: skill=ai/skills/documentation.md
[2026-07-20T10:24:47Z] compose: task (canonical prompt)
[2026-07-20T10:24:47Z] snapshot: runtime-prompt=runs/T023/prompts/planner-attempt-23.md
[2026-07-20T10:27:29Z] auto-run: step=planner done rc=0
[2026-07-20T10:31:03Z] auto-run start: state=INIT
[2026-07-20T10:31:03Z] auto-run: running step=planner
[2026-07-20T10:31:03Z] prompt: resolved=prompts/generic/planner.md source=generic
[2026-07-20T10:31:03Z] prompt: generic fallback — injecting runs/T023/ticket.md
[2026-07-20T10:31:03Z] compose: global-context=docs/ai/global-context.md
[2026-07-20T10:31:03Z] compose: role=ai/roles/planner.md
[2026-07-20T10:31:03Z] compose: skill=ai/skills/workflow-discipline.md
[2026-07-20T10:31:03Z] compose: skill=ai/skills/architecture-discipline.md
[2026-07-20T10:31:03Z] compose: skill=ai/skills/documentation.md
[2026-07-20T10:31:03Z] compose: task (canonical prompt)
[2026-07-20T10:31:03Z] snapshot: runtime-prompt=runs/T023/prompts/planner-attempt-24.md
[2026-07-20T10:35:05Z] auto-run: step=planner done rc=0
[2026-07-20T10:38:31Z] auto-run start: state=INIT
[2026-07-20T10:38:31Z] auto-run: running step=planner
[2026-07-20T10:38:31Z] prompt: resolved=prompts/generic/planner.md source=generic
[2026-07-20T10:38:31Z] prompt: generic fallback — injecting runs/T023/ticket.md
[2026-07-20T10:38:31Z] compose: global-context=docs/ai/global-context.md
[2026-07-20T10:38:31Z] compose: role=ai/roles/planner.md
[2026-07-20T10:38:31Z] compose: skill=ai/skills/workflow-discipline.md
[2026-07-20T10:38:31Z] compose: skill=ai/skills/architecture-discipline.md
[2026-07-20T10:38:31Z] compose: skill=ai/skills/documentation.md
[2026-07-20T10:38:31Z] compose: task (canonical prompt)
[2026-07-20T10:38:31Z] snapshot: runtime-prompt=runs/T023/prompts/planner-attempt-25.md
[2026-07-20T10:43:19Z] auto-run: step=planner done rc=0
[2026-07-20T10:47:10Z] auto-run start: state=INIT
[2026-07-20T10:47:10Z] auto-run: running step=planner
[2026-07-20T10:47:10Z] prompt: resolved=prompts/generic/planner.md source=generic
[2026-07-20T10:47:10Z] prompt: generic fallback — injecting runs/T023/ticket.md
[2026-07-20T10:47:10Z] compose: global-context=docs/ai/global-context.md
[2026-07-20T10:47:10Z] compose: role=ai/roles/planner.md
[2026-07-20T10:47:10Z] compose: skill=ai/skills/workflow-discipline.md
[2026-07-20T10:47:10Z] compose: skill=ai/skills/architecture-discipline.md
[2026-07-20T10:47:10Z] compose: skill=ai/skills/documentation.md
[2026-07-20T10:47:10Z] compose: task (canonical prompt)
[2026-07-20T10:47:10Z] snapshot: runtime-prompt=runs/T023/prompts/planner-attempt-26.md
[2026-07-20T10:51:28Z] auto-run: step=planner done rc=0
[2026-07-20T10:54:38Z] auto-run start: state=INIT
[2026-07-20T10:54:38Z] auto-run: running step=planner
[2026-07-20T10:54:38Z] prompt: resolved=prompts/generic/planner.md source=generic
[2026-07-20T10:54:38Z] prompt: generic fallback — injecting runs/T023/ticket.md
[2026-07-20T10:54:38Z] compose: global-context=docs/ai/global-context.md
[2026-07-20T10:54:38Z] compose: role=ai/roles/planner.md
[2026-07-20T10:54:38Z] compose: skill=ai/skills/workflow-discipline.md
[2026-07-20T10:54:38Z] compose: skill=ai/skills/architecture-discipline.md
[2026-07-20T10:54:38Z] compose: skill=ai/skills/documentation.md
[2026-07-20T10:54:38Z] compose: task (canonical prompt)
[2026-07-20T10:54:38Z] snapshot: runtime-prompt=runs/T023/prompts/planner-attempt-27.md
[2026-07-20T10:57:27Z] auto-run: step=planner done rc=0
[2026-07-20T11:00:58Z] auto-run start: state=INIT
[2026-07-20T11:00:58Z] auto-run: running step=planner
[2026-07-20T11:00:58Z] prompt: resolved=prompts/generic/planner.md source=generic
[2026-07-20T11:00:58Z] prompt: generic fallback — injecting runs/T023/ticket.md
[2026-07-20T11:00:58Z] compose: global-context=docs/ai/global-context.md
[2026-07-20T11:00:58Z] compose: role=ai/roles/planner.md
[2026-07-20T11:00:58Z] compose: skill=ai/skills/workflow-discipline.md
[2026-07-20T11:00:58Z] compose: skill=ai/skills/architecture-discipline.md
[2026-07-20T11:00:58Z] compose: skill=ai/skills/documentation.md
[2026-07-20T11:00:58Z] compose: task (canonical prompt)
[2026-07-20T11:00:58Z] snapshot: runtime-prompt=runs/T023/prompts/planner-attempt-28.md
[2026-07-20T11:04:29Z] auto-run: step=planner done rc=0
[2026-07-20T11:08:30Z] auto-run start: state=INIT
[2026-07-20T11:08:30Z] auto-run: running step=planner
[2026-07-20T11:08:30Z] prompt: resolved=prompts/generic/planner.md source=generic
[2026-07-20T11:08:30Z] prompt: generic fallback — injecting runs/T023/ticket.md
[2026-07-20T11:08:30Z] compose: global-context=docs/ai/global-context.md
[2026-07-20T11:08:30Z] compose: role=ai/roles/planner.md
[2026-07-20T11:08:30Z] compose: skill=ai/skills/workflow-discipline.md
[2026-07-20T11:08:30Z] compose: skill=ai/skills/architecture-discipline.md
[2026-07-20T11:08:30Z] compose: skill=ai/skills/documentation.md
[2026-07-20T11:08:30Z] compose: task (canonical prompt)
[2026-07-20T11:08:30Z] snapshot: runtime-prompt=runs/T023/prompts/planner-attempt-29.md
[2026-07-20T11:11:26Z] auto-run: step=planner done rc=0
[2026-07-20T11:14:47Z] auto-run start: state=INIT
[2026-07-20T11:14:47Z] auto-run: running step=planner
[2026-07-20T11:14:47Z] prompt: resolved=prompts/generic/planner.md source=generic
[2026-07-20T11:14:47Z] prompt: generic fallback — injecting runs/T023/ticket.md
[2026-07-20T11:14:47Z] compose: global-context=docs/ai/global-context.md
[2026-07-20T11:14:47Z] compose: role=ai/roles/planner.md
[2026-07-20T11:14:47Z] compose: skill=ai/skills/workflow-discipline.md
[2026-07-20T11:14:47Z] compose: skill=ai/skills/architecture-discipline.md
[2026-07-20T11:14:47Z] compose: skill=ai/skills/documentation.md
[2026-07-20T11:14:47Z] compose: task (canonical prompt)
[2026-07-20T11:14:47Z] snapshot: runtime-prompt=runs/T023/prompts/planner-attempt-30.md
[2026-07-20T11:18:13Z] auto-run: step=planner done rc=0
[2026-07-20T11:21:04Z] auto-run start: state=INIT
[2026-07-20T11:21:04Z] auto-run: running step=planner
[2026-07-20T11:21:04Z] prompt: resolved=prompts/generic/planner.md source=generic
[2026-07-20T11:21:04Z] prompt: generic fallback — injecting runs/T023/ticket.md
[2026-07-20T11:21:04Z] compose: global-context=docs/ai/global-context.md
[2026-07-20T11:21:04Z] compose: role=ai/roles/planner.md
[2026-07-20T11:21:04Z] compose: skill=ai/skills/workflow-discipline.md
[2026-07-20T11:21:04Z] compose: skill=ai/skills/architecture-discipline.md
[2026-07-20T11:21:04Z] compose: skill=ai/skills/documentation.md
[2026-07-20T11:21:04Z] compose: task (canonical prompt)
[2026-07-20T11:21:04Z] snapshot: runtime-prompt=runs/T023/prompts/planner-attempt-31.md
[2026-07-20T11:23:38Z] auto-run: step=planner done rc=0
[2026-07-20T11:27:18Z] auto-run start: state=INIT
[2026-07-20T11:27:18Z] auto-run: running step=planner
[2026-07-20T11:27:18Z] prompt: resolved=prompts/generic/planner.md source=generic
[2026-07-20T11:27:18Z] prompt: generic fallback — injecting runs/T023/ticket.md
[2026-07-20T11:27:18Z] compose: global-context=docs/ai/global-context.md
[2026-07-20T11:27:18Z] compose: role=ai/roles/planner.md
[2026-07-20T11:27:18Z] compose: skill=ai/skills/workflow-discipline.md
[2026-07-20T11:27:18Z] compose: skill=ai/skills/architecture-discipline.md
[2026-07-20T11:27:18Z] compose: skill=ai/skills/documentation.md
[2026-07-20T11:27:18Z] compose: task (canonical prompt)
[2026-07-20T11:27:18Z] snapshot: runtime-prompt=runs/T023/prompts/planner-attempt-32.md
[2026-07-20T11:30:27Z] auto-run: step=planner done rc=0
[2026-07-20T11:33:31Z] auto-run start: state=INIT
[2026-07-20T11:33:31Z] auto-run: running step=planner
[2026-07-20T11:33:31Z] prompt: resolved=prompts/generic/planner.md source=generic
[2026-07-20T11:33:31Z] prompt: generic fallback — injecting runs/T023/ticket.md
[2026-07-20T11:33:31Z] compose: global-context=docs/ai/global-context.md
[2026-07-20T11:33:31Z] compose: role=ai/roles/planner.md
[2026-07-20T11:33:31Z] compose: skill=ai/skills/workflow-discipline.md
[2026-07-20T11:33:31Z] compose: skill=ai/skills/architecture-discipline.md
[2026-07-20T11:33:31Z] compose: skill=ai/skills/documentation.md
[2026-07-20T11:33:31Z] compose: task (canonical prompt)
[2026-07-20T11:33:31Z] snapshot: runtime-prompt=runs/T023/prompts/planner-attempt-33.md
[2026-07-20T11:39:16Z] auto-run: step=planner done rc=0
[2026-07-20T11:42:12Z] auto-run start: state=INIT
[2026-07-20T11:42:12Z] auto-run: running step=planner
[2026-07-20T11:42:12Z] prompt: resolved=prompts/generic/planner.md source=generic
[2026-07-20T11:42:12Z] prompt: generic fallback — injecting runs/T023/ticket.md
[2026-07-20T11:42:12Z] compose: global-context=docs/ai/global-context.md
[2026-07-20T11:42:12Z] compose: role=ai/roles/planner.md
[2026-07-20T11:42:12Z] compose: skill=ai/skills/workflow-discipline.md
[2026-07-20T11:42:12Z] compose: skill=ai/skills/architecture-discipline.md
[2026-07-20T11:42:12Z] compose: skill=ai/skills/documentation.md
[2026-07-20T11:42:12Z] compose: task (canonical prompt)
[2026-07-20T11:42:12Z] snapshot: runtime-prompt=runs/T023/prompts/planner-attempt-34.md
[2026-07-20T11:44:50Z] auto-run: step=planner done rc=0
[2026-07-20T11:48:29Z] auto-run start: state=INIT
[2026-07-20T11:48:29Z] auto-run: running step=planner
[2026-07-20T11:48:29Z] prompt: resolved=prompts/generic/planner.md source=generic
[2026-07-20T11:48:29Z] prompt: generic fallback — injecting runs/T023/ticket.md
[2026-07-20T11:48:29Z] compose: global-context=docs/ai/global-context.md
[2026-07-20T11:48:29Z] compose: role=ai/roles/planner.md
[2026-07-20T11:48:29Z] compose: skill=ai/skills/workflow-discipline.md
[2026-07-20T11:48:29Z] compose: skill=ai/skills/architecture-discipline.md
[2026-07-20T11:48:29Z] compose: skill=ai/skills/documentation.md
[2026-07-20T11:48:29Z] compose: task (canonical prompt)
[2026-07-20T11:48:29Z] snapshot: runtime-prompt=runs/T023/prompts/planner-attempt-35.md
[2026-07-20T11:51:32Z] auto-run: step=planner done rc=0
[2026-07-20T11:54:46Z] auto-run start: state=INIT
[2026-07-20T11:54:46Z] auto-run: running step=planner
[2026-07-20T11:54:46Z] prompt: resolved=prompts/generic/planner.md source=generic
[2026-07-20T11:54:46Z] prompt: generic fallback — injecting runs/T023/ticket.md
[2026-07-20T11:54:46Z] compose: global-context=docs/ai/global-context.md
[2026-07-20T11:54:46Z] compose: role=ai/roles/planner.md
[2026-07-20T11:54:46Z] compose: skill=ai/skills/workflow-discipline.md
[2026-07-20T11:54:46Z] compose: skill=ai/skills/architecture-discipline.md
[2026-07-20T11:54:46Z] compose: skill=ai/skills/documentation.md
[2026-07-20T11:54:46Z] compose: task (canonical prompt)
[2026-07-20T11:54:46Z] snapshot: runtime-prompt=runs/T023/prompts/planner-attempt-36.md
[2026-07-20T11:57:25Z] auto-run: step=planner done rc=0
[2026-07-20T12:01:03Z] auto-run start: state=INIT
[2026-07-20T12:01:03Z] auto-run: running step=planner
[2026-07-20T12:01:03Z] prompt: resolved=prompts/generic/planner.md source=generic
[2026-07-20T12:01:03Z] prompt: generic fallback — injecting runs/T023/ticket.md
[2026-07-20T12:01:03Z] compose: global-context=docs/ai/global-context.md
[2026-07-20T12:01:03Z] compose: role=ai/roles/planner.md
[2026-07-20T12:01:03Z] compose: skill=ai/skills/workflow-discipline.md
[2026-07-20T12:01:03Z] compose: skill=ai/skills/architecture-discipline.md
[2026-07-20T12:01:03Z] compose: skill=ai/skills/documentation.md
[2026-07-20T12:01:03Z] compose: task (canonical prompt)
[2026-07-20T12:01:03Z] snapshot: runtime-prompt=runs/T023/prompts/planner-attempt-37.md
[2026-07-20T12:05:59Z] auto-run: step=planner done rc=0
[2026-07-20T12:09:53Z] auto-run start: state=INIT
[2026-07-20T12:09:53Z] auto-run: running step=planner
[2026-07-20T12:09:53Z] prompt: resolved=prompts/generic/planner.md source=generic
[2026-07-20T12:09:53Z] prompt: generic fallback — injecting runs/T023/ticket.md
[2026-07-20T12:09:53Z] compose: global-context=docs/ai/global-context.md
[2026-07-20T12:09:53Z] compose: role=ai/roles/planner.md
[2026-07-20T12:09:53Z] compose: skill=ai/skills/workflow-discipline.md
[2026-07-20T12:09:53Z] compose: skill=ai/skills/architecture-discipline.md
[2026-07-20T12:09:53Z] compose: skill=ai/skills/documentation.md
[2026-07-20T12:09:53Z] compose: task (canonical prompt)
[2026-07-20T12:09:53Z] snapshot: runtime-prompt=runs/T023/prompts/planner-attempt-38.md
[2026-07-20T12:12:18Z] auto-run: step=planner done rc=0
[2026-07-20T12:16:08Z] auto-run start: state=INIT
[2026-07-20T12:16:08Z] auto-run: running step=planner
[2026-07-20T12:16:09Z] prompt: resolved=prompts/generic/planner.md source=generic
[2026-07-20T12:16:09Z] prompt: generic fallback — injecting runs/T023/ticket.md
[2026-07-20T12:16:09Z] compose: global-context=docs/ai/global-context.md
[2026-07-20T12:16:09Z] compose: role=ai/roles/planner.md
[2026-07-20T12:16:09Z] compose: skill=ai/skills/workflow-discipline.md
[2026-07-20T12:16:09Z] compose: skill=ai/skills/architecture-discipline.md
[2026-07-20T12:16:09Z] compose: skill=ai/skills/documentation.md
[2026-07-20T12:16:09Z] compose: task (canonical prompt)
[2026-07-20T12:16:09Z] snapshot: runtime-prompt=runs/T023/prompts/planner-attempt-39.md
[2026-07-20T12:19:24Z] auto-run: step=planner done rc=0
[2026-07-20T12:22:22Z] auto-run start: state=INIT
[2026-07-20T12:22:22Z] auto-run: running step=planner
[2026-07-20T12:22:22Z] prompt: resolved=prompts/generic/planner.md source=generic
[2026-07-20T12:22:22Z] prompt: generic fallback — injecting runs/T023/ticket.md
[2026-07-20T12:22:22Z] compose: global-context=docs/ai/global-context.md
[2026-07-20T12:22:22Z] compose: role=ai/roles/planner.md
[2026-07-20T12:22:22Z] compose: skill=ai/skills/workflow-discipline.md
[2026-07-20T12:22:22Z] compose: skill=ai/skills/architecture-discipline.md
[2026-07-20T12:22:22Z] compose: skill=ai/skills/documentation.md
[2026-07-20T12:22:22Z] compose: task (canonical prompt)
[2026-07-20T12:22:22Z] snapshot: runtime-prompt=runs/T023/prompts/planner-attempt-40.md
[2026-07-20T12:25:06Z] auto-run: step=planner done rc=0
[2026-07-20T12:28:35Z] auto-run start: state=INIT
[2026-07-20T12:28:35Z] auto-run: running step=planner
[2026-07-20T12:28:35Z] prompt: resolved=prompts/generic/planner.md source=generic
[2026-07-20T12:28:35Z] prompt: generic fallback — injecting runs/T023/ticket.md
[2026-07-20T12:28:35Z] compose: global-context=docs/ai/global-context.md
[2026-07-20T12:28:35Z] compose: role=ai/roles/planner.md
[2026-07-20T12:28:35Z] compose: skill=ai/skills/workflow-discipline.md
[2026-07-20T12:28:35Z] compose: skill=ai/skills/architecture-discipline.md
[2026-07-20T12:28:35Z] compose: skill=ai/skills/documentation.md
[2026-07-20T12:28:35Z] compose: task (canonical prompt)
[2026-07-20T12:28:35Z] snapshot: runtime-prompt=runs/T023/prompts/planner-attempt-41.md
[2026-07-20T12:32:24Z] auto-run: step=planner done rc=0
