[2026-07-10T15:02:40Z] auto-run start: state=INIT
[2026-07-10T15:02:40Z] auto-run: running step=planner
[2026-07-10T15:02:40Z] prompt: resolved=prompts/generic/planner.md source=generic
[2026-07-10T15:02:40Z] prompt: generic fallback — injecting runs/T008/ticket.md
[2026-07-10T15:02:40Z] compose: global-context=docs/ai/global-context.md
[2026-07-10T15:02:40Z] compose: role=ai/roles/planner.md
[2026-07-10T15:02:40Z] compose: skill=ai/skills/workflow-discipline.md
[2026-07-10T15:02:40Z] compose: skill=ai/skills/architecture-discipline.md
[2026-07-10T15:02:40Z] compose: skill=ai/skills/documentation.md
[2026-07-10T15:02:40Z] compose: task (canonical prompt)
[2026-07-10T15:02:40Z] snapshot: runtime-prompt=runs/T008/prompts/planner-attempt-1.md
[2026-07-10T15:03:01Z] auto-run: step=planner done rc=0
[2026-07-10T15:07:14Z] auto-run start: state=IMPLEMENTATION_APPROVED
[2026-07-10T15:07:14Z] auto-run: running step=tester
[2026-07-10T15:07:14Z] prompt: resolved=prompts/generic/tester.md source=generic
[2026-07-10T15:07:14Z] prompt: generic fallback — injecting runs/T008/ticket.md
[2026-07-10T15:07:14Z] compose: global-context=docs/ai/global-context.md
[2026-07-10T15:07:14Z] compose: role=ai/roles/tester.md
[2026-07-10T15:07:14Z] compose: skill=ai/skills/workflow-discipline.md
[2026-07-10T15:07:14Z] compose: skill=ai/skills/testing.md
[2026-07-10T15:07:14Z] compose: skill=ai/skills/debugging.md
[2026-07-10T15:07:14Z] compose: task (canonical prompt)
[2026-07-10T15:07:14Z] snapshot: runtime-prompt=runs/T008/prompts/tester-attempt-1.md
[2026-07-10T15:08:15Z] auto-run: step=tester done rc=0
[2026-07-10T15:08:15Z] auto-run: transition IMPLEMENTATION_APPROVED → TEST_COMPLETE
[2026-07-10T15:08:15Z] auto-run: auto-commit triggered (step=tester, include_code=True)
[2026-07-10T15:08:15Z] commit-checkpoint: unstaged runtime garbage: ['runs/T008/daemon.lock', 'runs/T008/runtime.log']
[2026-07-10T15:08:15Z] commit-checkpoint: sha=df3021b files=4 title='test(T008/workflow): tester — update 4 file(s)'
[2026-07-10T15:08:15Z] auto-run: auto-push triggered
[2026-07-10T15:08:15Z] push: tolerating runtime dirty files (not blocking): ['runs/T008/daemon.lock', 'runs/T008/runtime.log']
[2026-07-10T15:08:15Z] push: pushing branch=ticket/T008-define-mvp-product-scope
