[2026-07-11T13:10:54Z] auto-run start: state=INIT
[2026-07-11T13:10:54Z] auto-run: running step=planner
[2026-07-11T13:10:54Z] prompt: resolved=prompts/generic/planner.md source=generic
[2026-07-11T13:10:54Z] prompt: generic fallback — injecting runs/T007/ticket.md
[2026-07-11T13:10:54Z] compose: global-context=docs/ai/global-context.md
[2026-07-11T13:10:54Z] compose: role=ai/roles/planner.md
[2026-07-11T13:10:54Z] compose: skill=ai/skills/workflow-discipline.md
[2026-07-11T13:10:54Z] compose: skill=ai/skills/architecture-discipline.md
[2026-07-11T13:10:54Z] compose: skill=ai/skills/documentation.md
[2026-07-11T13:10:54Z] compose: task (canonical prompt)
[2026-07-11T13:10:54Z] snapshot: runtime-prompt=runs/T007/prompts/planner-attempt-1.md
[2026-07-11T13:13:07Z] auto-run: step=planner done rc=0
[2026-07-11T14:28:58Z] auto-run start: state=IMPLEMENTATION_APPROVED
[2026-07-11T14:28:58Z] auto-run: running step=tester
[2026-07-11T14:28:58Z] prompt: resolved=prompts/generic/tester.md source=generic
[2026-07-11T14:28:58Z] prompt: generic fallback — injecting runs/T007/ticket.md
[2026-07-11T14:28:58Z] compose: global-context=docs/ai/global-context.md
[2026-07-11T14:28:58Z] compose: role=ai/roles/tester.md
[2026-07-11T14:28:58Z] compose: skill=ai/skills/workflow-discipline.md
[2026-07-11T14:28:58Z] compose: skill=ai/skills/testing.md
[2026-07-11T14:28:58Z] compose: skill=ai/skills/debugging.md
[2026-07-11T14:28:58Z] compose: task (canonical prompt)
[2026-07-11T14:28:58Z] snapshot: runtime-prompt=runs/T007/prompts/tester-attempt-1.md
[2026-07-11T14:33:17Z] auto-run: step=tester done rc=0
[2026-07-11T14:33:17Z] auto-run: transition IMPLEMENTATION_APPROVED → TEST_COMPLETE
[2026-07-11T14:33:17Z] auto-run: auto-commit triggered (step=tester, include_code=True)
[2026-07-11T14:33:17Z] commit-checkpoint: unstaged runtime garbage: ['runs/T007/daemon.lock', 'runs/T007/runtime.log']
[2026-07-11T14:33:18Z] commit-checkpoint: sha=237860e files=22 title='test(T007/workflow): tester — update 22 file(s)'
[2026-07-11T14:33:18Z] auto-run: auto-push triggered
[2026-07-11T14:33:18Z] push: tolerating runtime dirty files (not blocking): ['runs/T007/daemon.lock', 'runs/T007/runtime.log']
[2026-07-11T14:33:18Z] push: pushing branch=ticket/T007-create-cra-creation-api
[2026-07-11T14:33:20Z] push: done branch=ticket/T007-create-cra-creation-api
[2026-07-11T14:33:20Z] auto-run: TEST_COMPLETE — running PR lifecycle
[2026-07-11T14:33:53Z] conflict-resolver: git rebase origin/main exit=0
[2026-07-11T14:33:53Z] conflict-resolver: rebase clean — no conflicts
[2026-07-11T14:33:53Z] conflict-resolver: running tests
[2026-07-11T14:33:53Z] conflict-resolver: test-report written: runs/T007/conflict/test-report.md
[2026-07-11T14:33:53Z] conflict-resolver: staging and committing resolution artifacts
[2026-07-11T14:33:53Z] conflict-resolver: commit: sha=a5e970e
[2026-07-11T14:33:53Z] conflict-resolver: git push --force-with-lease origin ticket/T007-create-cra-creation-api
[2026-07-11T14:34:00Z] conflict-resolver: push succeeded
[2026-07-11T14:34:00Z] conflict-resolver: state → CONFLICT_RESOLVED_REVIEW_NEEDED
[2026-07-11T14:34:00Z] auto-finalize-conflict: gate disabled for project='timizer-like'
[2026-07-11T14:34:00Z] conflict-resolver: transition CONFLICT_RESOLVED_REVIEW_NEEDED → TEST_COMPLETE (auto, PROJECT_SETTING)
[2026-07-11T14:34:01Z] auto-run: TEST_COMPLETE — running PR lifecycle
