[2026-07-12T09:43:39Z] auto-run start: state=INIT
[2026-07-12T09:43:39Z] auto-run: running step=planner
[2026-07-12T09:43:39Z] prompt: resolved=prompts/generic/planner.md source=generic
[2026-07-12T09:43:39Z] prompt: generic fallback — injecting runs/T022/ticket.md
[2026-07-12T09:43:39Z] compose: global-context=docs/ai/global-context.md
[2026-07-12T09:43:39Z] compose: role=ai/roles/planner.md
[2026-07-12T09:43:39Z] compose: skill=ai/skills/workflow-discipline.md
[2026-07-12T09:43:39Z] compose: skill=ai/skills/architecture-discipline.md
[2026-07-12T09:43:39Z] compose: skill=ai/skills/documentation.md
[2026-07-12T09:43:39Z] compose: task (canonical prompt)
[2026-07-12T09:43:39Z] snapshot: runtime-prompt=runs/T022/prompts/planner-attempt-1.md
[2026-07-12T09:46:59Z] auto-run: step=planner done rc=0
[2026-07-12T09:49:52Z] auto-run start: state=INIT
[2026-07-12T09:49:52Z] auto-run: running step=planner
[2026-07-12T09:49:52Z] prompt: resolved=prompts/generic/planner.md source=generic
[2026-07-12T09:49:52Z] prompt: generic fallback — injecting runs/T022/ticket.md
[2026-07-12T09:49:52Z] compose: global-context=docs/ai/global-context.md
[2026-07-12T09:49:52Z] compose: role=ai/roles/planner.md
[2026-07-12T09:49:52Z] compose: skill=ai/skills/workflow-discipline.md
[2026-07-12T09:49:52Z] compose: skill=ai/skills/architecture-discipline.md
[2026-07-12T09:49:52Z] compose: skill=ai/skills/documentation.md
[2026-07-12T09:49:52Z] compose: task (canonical prompt)
[2026-07-12T09:49:52Z] snapshot: runtime-prompt=runs/T022/prompts/planner-attempt-2.md
[2026-07-12T09:56:37Z] auto-run: step=planner done rc=0
[2026-07-12T09:59:39Z] auto-run start: state=INIT
[2026-07-12T09:59:39Z] auto-run: running step=planner
[2026-07-12T09:59:39Z] prompt: resolved=prompts/generic/planner.md source=generic
[2026-07-12T09:59:39Z] prompt: generic fallback — injecting runs/T022/ticket.md
[2026-07-12T09:59:39Z] compose: global-context=docs/ai/global-context.md
[2026-07-12T09:59:39Z] compose: role=ai/roles/planner.md
[2026-07-12T09:59:39Z] compose: skill=ai/skills/workflow-discipline.md
[2026-07-12T09:59:39Z] compose: skill=ai/skills/architecture-discipline.md
[2026-07-12T09:59:39Z] compose: skill=ai/skills/documentation.md
[2026-07-12T09:59:39Z] compose: task (canonical prompt)
[2026-07-12T09:59:39Z] snapshot: runtime-prompt=runs/T022/prompts/planner-attempt-3.md
[2026-07-12T10:04:00Z] auto-run: step=planner done rc=0
[2026-07-12T10:07:05Z] auto-run start: state=INIT
[2026-07-12T10:07:05Z] auto-run: running step=planner
[2026-07-12T10:07:05Z] prompt: resolved=prompts/generic/planner.md source=generic
[2026-07-12T10:07:05Z] prompt: generic fallback — injecting runs/T022/ticket.md
[2026-07-12T10:07:05Z] compose: global-context=docs/ai/global-context.md
[2026-07-12T10:07:05Z] compose: role=ai/roles/planner.md
[2026-07-12T10:07:05Z] compose: skill=ai/skills/workflow-discipline.md
[2026-07-12T10:07:05Z] compose: skill=ai/skills/architecture-discipline.md
[2026-07-12T10:07:05Z] compose: skill=ai/skills/documentation.md
[2026-07-12T10:07:05Z] compose: task (canonical prompt)
[2026-07-12T10:07:05Z] snapshot: runtime-prompt=runs/T022/prompts/planner-attempt-4.md
[2026-07-12T10:12:00Z] auto-run: step=planner done rc=0
[2026-07-12T10:51:12Z] auto-run start: state=INIT
[2026-07-12T10:51:12Z] auto-run: running step=planner
[2026-07-12T10:51:12Z] prompt: resolved=prompts/generic/planner.md source=generic
[2026-07-12T10:51:12Z] prompt: generic fallback — injecting runs/T022/ticket.md
[2026-07-12T10:51:12Z] compose: global-context=docs/ai/global-context.md
[2026-07-12T10:51:12Z] compose: role=ai/roles/planner.md
[2026-07-12T10:51:12Z] compose: skill=ai/skills/workflow-discipline.md
[2026-07-12T10:51:12Z] compose: skill=ai/skills/architecture-discipline.md
[2026-07-12T10:51:12Z] compose: skill=ai/skills/documentation.md
[2026-07-12T10:51:12Z] compose: task (canonical prompt)
[2026-07-12T10:51:12Z] snapshot: runtime-prompt=runs/T022/prompts/planner-attempt-6.md
[2026-07-12T10:54:44Z] auto-run: step=planner done rc=0
[2026-07-12T10:58:38Z] auto-run start: state=INIT
[2026-07-12T10:58:38Z] auto-run: running step=planner
[2026-07-12T10:58:38Z] prompt: resolved=prompts/generic/planner.md source=generic
[2026-07-12T10:58:38Z] prompt: generic fallback — injecting runs/T022/ticket.md
[2026-07-12T10:58:38Z] compose: global-context=docs/ai/global-context.md
[2026-07-12T10:58:38Z] compose: role=ai/roles/planner.md
[2026-07-12T10:58:38Z] compose: skill=ai/skills/workflow-discipline.md
[2026-07-12T10:58:38Z] compose: skill=ai/skills/architecture-discipline.md
[2026-07-12T10:58:38Z] compose: skill=ai/skills/documentation.md
[2026-07-12T10:58:38Z] compose: task (canonical prompt)
[2026-07-12T10:58:38Z] snapshot: runtime-prompt=runs/T022/prompts/planner-attempt-7.md
[2026-07-12T11:02:34Z] auto-run: step=planner done rc=0
[2026-07-12T11:05:58Z] auto-run start: state=INIT
[2026-07-12T11:05:58Z] auto-run: running step=planner
[2026-07-12T11:05:58Z] prompt: resolved=prompts/generic/planner.md source=generic
[2026-07-12T11:05:58Z] prompt: generic fallback — injecting runs/T022/ticket.md
[2026-07-12T11:05:58Z] compose: global-context=docs/ai/global-context.md
[2026-07-12T11:05:58Z] compose: role=ai/roles/planner.md
[2026-07-12T11:05:58Z] compose: skill=ai/skills/workflow-discipline.md
[2026-07-12T11:05:58Z] compose: skill=ai/skills/architecture-discipline.md
[2026-07-12T11:05:58Z] compose: skill=ai/skills/documentation.md
[2026-07-12T11:05:58Z] compose: task (canonical prompt)
[2026-07-12T11:05:58Z] snapshot: runtime-prompt=runs/T022/prompts/planner-attempt-8.md
[2026-07-12T11:12:17Z] auto-run: step=planner done rc=0
[2026-07-12T11:15:48Z] auto-run start: state=INIT
[2026-07-12T11:15:48Z] auto-run: running step=planner
[2026-07-12T11:15:48Z] prompt: resolved=prompts/generic/planner.md source=generic
[2026-07-12T11:15:48Z] prompt: generic fallback — injecting runs/T022/ticket.md
[2026-07-12T11:15:48Z] compose: global-context=docs/ai/global-context.md
[2026-07-12T11:15:48Z] compose: role=ai/roles/planner.md
[2026-07-12T11:15:48Z] compose: skill=ai/skills/workflow-discipline.md
[2026-07-12T11:15:48Z] compose: skill=ai/skills/architecture-discipline.md
[2026-07-12T11:15:48Z] compose: skill=ai/skills/documentation.md
[2026-07-12T11:15:48Z] compose: task (canonical prompt)
[2026-07-12T11:15:48Z] snapshot: runtime-prompt=runs/T022/prompts/planner-attempt-9.md
[2026-07-12T11:21:28Z] auto-run: step=planner done rc=0
[2026-07-12T11:24:23Z] auto-run start: state=INIT
[2026-07-12T11:24:23Z] auto-run: running step=planner
[2026-07-12T11:24:23Z] prompt: resolved=prompts/generic/planner.md source=generic
[2026-07-12T11:24:23Z] prompt: generic fallback — injecting runs/T022/ticket.md
[2026-07-12T11:24:23Z] compose: global-context=docs/ai/global-context.md
[2026-07-12T11:24:23Z] compose: role=ai/roles/planner.md
[2026-07-12T11:24:23Z] compose: skill=ai/skills/workflow-discipline.md
[2026-07-12T11:24:23Z] compose: skill=ai/skills/architecture-discipline.md
[2026-07-12T11:24:23Z] compose: skill=ai/skills/documentation.md
[2026-07-12T11:24:23Z] compose: task (canonical prompt)
[2026-07-12T11:24:23Z] snapshot: runtime-prompt=runs/T022/prompts/planner-attempt-10.md
[2026-07-12T11:32:43Z] auto-run: step=planner done rc=0
[2026-07-12T11:36:10Z] auto-run start: state=INIT
[2026-07-12T11:36:10Z] auto-run: running step=planner
[2026-07-12T11:36:10Z] prompt: resolved=prompts/generic/planner.md source=generic
[2026-07-12T11:36:10Z] prompt: generic fallback — injecting runs/T022/ticket.md
[2026-07-12T11:36:10Z] compose: global-context=docs/ai/global-context.md
[2026-07-12T11:36:10Z] compose: role=ai/roles/planner.md
[2026-07-12T11:36:10Z] compose: skill=ai/skills/workflow-discipline.md
[2026-07-12T11:36:10Z] compose: skill=ai/skills/architecture-discipline.md
[2026-07-12T11:36:10Z] compose: skill=ai/skills/documentation.md
[2026-07-12T11:36:10Z] compose: task (canonical prompt)
[2026-07-12T11:36:10Z] snapshot: runtime-prompt=runs/T022/prompts/planner-attempt-11.md
[2026-07-12T11:42:23Z] auto-run: step=planner done rc=0
[2026-07-12T11:46:14Z] auto-run start: state=INIT
[2026-07-12T11:46:14Z] auto-run: running step=planner
[2026-07-12T11:46:14Z] prompt: resolved=prompts/generic/planner.md source=generic
[2026-07-12T11:46:14Z] prompt: generic fallback — injecting runs/T022/ticket.md
[2026-07-12T11:46:14Z] compose: global-context=docs/ai/global-context.md
[2026-07-12T11:46:14Z] compose: role=ai/roles/planner.md
[2026-07-12T11:46:14Z] compose: skill=ai/skills/workflow-discipline.md
[2026-07-12T11:46:14Z] compose: skill=ai/skills/architecture-discipline.md
[2026-07-12T11:46:14Z] compose: skill=ai/skills/documentation.md
[2026-07-12T11:46:14Z] compose: task (canonical prompt)
[2026-07-12T11:46:14Z] snapshot: runtime-prompt=runs/T022/prompts/planner-attempt-12.md
[2026-07-12T11:50:11Z] auto-run: step=planner done rc=0
[2026-07-12T11:53:56Z] auto-run start: state=INIT
[2026-07-12T11:53:56Z] auto-run: running step=planner
[2026-07-12T11:53:56Z] prompt: resolved=prompts/generic/planner.md source=generic
[2026-07-12T11:53:56Z] prompt: generic fallback — injecting runs/T022/ticket.md
[2026-07-12T11:53:56Z] compose: global-context=docs/ai/global-context.md
[2026-07-12T11:53:56Z] compose: role=ai/roles/planner.md
[2026-07-12T11:53:56Z] compose: skill=ai/skills/workflow-discipline.md
[2026-07-12T11:53:56Z] compose: skill=ai/skills/architecture-discipline.md
[2026-07-12T11:53:56Z] compose: skill=ai/skills/documentation.md
[2026-07-12T11:53:56Z] compose: task (canonical prompt)
[2026-07-12T11:53:56Z] snapshot: runtime-prompt=runs/T022/prompts/planner-attempt-13.md
[2026-07-12T11:58:43Z] auto-run: step=planner done rc=0
[2026-07-12T12:01:12Z] auto-run start: state=INIT
[2026-07-12T12:01:12Z] auto-run: running step=planner
[2026-07-12T12:01:12Z] prompt: resolved=prompts/generic/planner.md source=generic
[2026-07-12T12:01:12Z] prompt: generic fallback — injecting runs/T022/ticket.md
[2026-07-12T12:01:12Z] compose: global-context=docs/ai/global-context.md
[2026-07-12T12:01:12Z] compose: role=ai/roles/planner.md
[2026-07-12T12:01:12Z] compose: skill=ai/skills/workflow-discipline.md
[2026-07-12T12:01:12Z] compose: skill=ai/skills/architecture-discipline.md
[2026-07-12T12:01:12Z] compose: skill=ai/skills/documentation.md
[2026-07-12T12:01:12Z] compose: task (canonical prompt)
[2026-07-12T12:01:12Z] snapshot: runtime-prompt=runs/T022/prompts/planner-attempt-14.md
[2026-07-12T12:06:15Z] auto-run: step=planner done rc=0
[2026-07-12T12:09:00Z] auto-run start: state=INIT
[2026-07-12T12:09:00Z] auto-run: running step=planner
[2026-07-12T12:09:00Z] prompt: resolved=prompts/generic/planner.md source=generic
[2026-07-12T12:09:00Z] prompt: generic fallback — injecting runs/T022/ticket.md
[2026-07-12T12:09:00Z] compose: global-context=docs/ai/global-context.md
[2026-07-12T12:09:00Z] compose: role=ai/roles/planner.md
[2026-07-12T12:09:00Z] compose: skill=ai/skills/workflow-discipline.md
[2026-07-12T12:09:00Z] compose: skill=ai/skills/architecture-discipline.md
[2026-07-12T12:09:00Z] compose: skill=ai/skills/documentation.md
[2026-07-12T12:09:00Z] compose: task (canonical prompt)
[2026-07-12T12:09:00Z] snapshot: runtime-prompt=runs/T022/prompts/planner-attempt-15.md
[2026-07-12T12:18:44Z] auto-run: step=planner done rc=0
[2026-07-12T12:21:37Z] auto-run start: state=INIT
[2026-07-12T12:21:37Z] auto-run: running step=planner
[2026-07-12T12:21:37Z] prompt: resolved=prompts/generic/planner.md source=generic
[2026-07-12T12:21:37Z] prompt: generic fallback — injecting runs/T022/ticket.md
[2026-07-12T12:21:37Z] compose: global-context=docs/ai/global-context.md
[2026-07-12T12:21:37Z] compose: role=ai/roles/planner.md
[2026-07-12T12:21:37Z] compose: skill=ai/skills/workflow-discipline.md
[2026-07-12T12:21:37Z] compose: skill=ai/skills/architecture-discipline.md
[2026-07-12T12:21:37Z] compose: skill=ai/skills/documentation.md
[2026-07-12T12:21:37Z] compose: task (canonical prompt)
[2026-07-12T12:21:37Z] snapshot: runtime-prompt=runs/T022/prompts/planner-attempt-16.md
[2026-07-12T12:26:20Z] auto-run: step=planner done rc=0
[2026-07-12T16:26:19Z] auto-run start: state=IMPLEMENTATION_APPROVED
[2026-07-12T16:26:19Z] auto-run: running step=tester
[2026-07-12T16:26:19Z] prompt: resolved=prompts/generic/tester.md source=generic
[2026-07-12T16:26:19Z] prompt: generic fallback — injecting runs/T022/ticket.md
[2026-07-12T16:26:19Z] compose: global-context=docs/ai/global-context.md
[2026-07-12T16:26:19Z] compose: role=ai/roles/tester.md
[2026-07-12T16:26:19Z] compose: skill=ai/skills/workflow-discipline.md
[2026-07-12T16:26:19Z] compose: skill=ai/skills/testing.md
[2026-07-12T16:26:19Z] compose: skill=ai/skills/debugging.md
[2026-07-12T16:26:19Z] compose: task (canonical prompt)
[2026-07-12T16:26:19Z] snapshot: runtime-prompt=runs/T022/prompts/tester-attempt-1.md
[2026-07-12T16:32:43Z] auto-run: step=tester done rc=0
[2026-07-12T16:32:43Z] auto-run: transition IMPLEMENTATION_APPROVED → TEST_COMPLETE
[2026-07-12T16:32:43Z] auto-run: auto-commit triggered (step=tester, include_code=True)
[2026-07-12T16:32:43Z] commit-checkpoint: unstaged runtime garbage: ['runs/T022/daemon.lock', 'runs/T022/runtime.log', 'runs/T022/workflow-status.md']
[2026-07-12T16:32:44Z] commit-checkpoint: sha=b0f4a08 files=3352 title='test(T022/workflow): tester — update 3352 file(s)'
[2026-07-12T16:32:44Z] auto-run: auto-push triggered
[2026-07-12T16:32:44Z] push: tolerating runtime dirty files (not blocking): ['runs/T022/daemon.lock', 'runs/T022/runtime.log', 'runs/T022/workflow-status.md']
[2026-07-12T16:32:44Z] push: pushing branch=ticket/T022-create-cra-total-summary-panel
[2026-07-12T16:32:49Z] push: done branch=ticket/T022-create-cra-total-summary-panel
[2026-07-12T16:32:50Z] auto-run: TEST_COMPLETE — running PR lifecycle
[2026-07-12T17:12:27Z] conflict-resolver: AI resolver pass 1 finished but conflict markers remain in: ['runs/T011/conflict/context.md', 'runs/T011/prompts/conflict-resolver-attempt-1.md', 'runs/T014/conflict/context.md', 'runs/T014/prompts/conflict-resolver-attempt-1.md', 'runs/T016/prompts/conflict-resolver-attempt-3.md']
[2026-07-12T17:12:27Z] conflict-resolver: [pass 2/3] start conflicted=['runs/T011/conflict/context.md', 'runs/T011/prompts/conflict-resolver-attempt-1.md', 'runs/T014/conflict/context.md', 'runs/T014/prompts/conflict-resolver-attempt-1.md', 'runs/T016/prompts/conflict-resolver-attempt-3.md']
[2026-07-12T17:12:28Z] conflict-resolver: context written: runs/T022/conflict/context.md
[2026-07-12T17:12:28Z] compose: global-context=docs/ai/global-context.md
[2026-07-12T17:12:28Z] compose: role=ai/roles/conflict-resolver.md
[2026-07-12T17:12:28Z] compose: skill=ai/skills/workflow-discipline.md
[2026-07-12T17:12:28Z] compose: skill=ai/skills/git-discipline.md
[2026-07-12T17:12:28Z] compose: skill=ai/skills/code-quality.md
[2026-07-12T17:12:28Z] compose: skill=ai/skills/refactor-safety.md
[2026-07-12T17:12:28Z] compose: task (canonical prompt)
[2026-07-12T17:12:28Z] conflict-resolver: prompt snapshot: runs/T022/prompts/conflict-resolver-attempt-1.md
[2026-07-12T17:12:28Z] conflict-resolver: invoking AI resolver pass 2
[2026-07-12T17:12:48Z] conflict-resolver: AI resolver pass 1 finished but conflict markers remain in: ['runs/T011/conflict/context.md', 'runs/T011/prompts/conflict-resolver-attempt-1.md', 'runs/T014/conflict/context.md', 'runs/T014/prompts/conflict-resolver-attempt-1.md', 'runs/T016/prompts/conflict-resolver-attempt-3.md']
[2026-07-12T17:12:48Z] conflict-resolver: [pass 2/3] start conflicted=['runs/T011/conflict/context.md', 'runs/T011/prompts/conflict-resolver-attempt-1.md', 'runs/T014/conflict/context.md', 'runs/T014/prompts/conflict-resolver-attempt-1.md', 'runs/T016/prompts/conflict-resolver-attempt-3.md']
[2026-07-12T17:12:48Z] conflict-resolver: context written: runs/T022/conflict/context.md
[2026-07-12T17:12:48Z] compose: global-context=docs/ai/global-context.md
[2026-07-12T17:12:48Z] compose: role=ai/roles/conflict-resolver.md
[2026-07-12T17:12:48Z] compose: skill=ai/skills/workflow-discipline.md
[2026-07-12T17:12:48Z] compose: skill=ai/skills/git-discipline.md
[2026-07-12T17:12:48Z] compose: skill=ai/skills/code-quality.md
[2026-07-12T17:12:48Z] compose: skill=ai/skills/refactor-safety.md
[2026-07-12T17:12:48Z] compose: task (canonical prompt)
[2026-07-12T17:12:49Z] conflict-resolver: prompt snapshot: runs/T022/prompts/conflict-resolver-attempt-2.md
[2026-07-12T17:12:49Z] conflict-resolver: invoking AI resolver pass 2
[2026-07-12T17:13:52Z] conflict-resolver: AI resolver pass 2 finished but conflict markers remain in: ['runs/T011/conflict/context.md', 'runs/T011/prompts/conflict-resolver-attempt-1.md', 'runs/T014/conflict/context.md', 'runs/T014/prompts/conflict-resolver-attempt-1.md', 'runs/T016/prompts/conflict-resolver-attempt-3.md']
[2026-07-12T17:13:52Z] conflict-resolver: [pass 3/3] start conflicted=['runs/T011/conflict/context.md', 'runs/T011/prompts/conflict-resolver-attempt-1.md', 'runs/T014/conflict/context.md', 'runs/T014/prompts/conflict-resolver-attempt-1.md', 'runs/T016/prompts/conflict-resolver-attempt-3.md']
[2026-07-12T17:13:53Z] conflict-resolver: context written: runs/T022/conflict/context.md
[2026-07-12T17:13:53Z] compose: global-context=docs/ai/global-context.md
[2026-07-12T17:13:53Z] compose: role=ai/roles/conflict-resolver.md
[2026-07-12T17:13:53Z] compose: skill=ai/skills/workflow-discipline.md
[2026-07-12T17:13:53Z] compose: skill=ai/skills/git-discipline.md
[2026-07-12T17:13:53Z] compose: skill=ai/skills/code-quality.md
[2026-07-12T17:13:53Z] compose: skill=ai/skills/refactor-safety.md
[2026-07-12T17:13:53Z] compose: task (canonical prompt)
[2026-07-12T17:13:53Z] conflict-resolver: prompt snapshot: runs/T022/prompts/conflict-resolver-attempt-3.md
[2026-07-12T17:13:53Z] conflict-resolver: invoking AI resolver pass 3
[2026-07-12T17:15:07Z] conflict-resolver: AI resolver pass 2 finished but conflict markers remain in: ['runs/T011/conflict/context.md', 'runs/T011/prompts/conflict-resolver-attempt-1.md', 'runs/T014/conflict/context.md', 'runs/T014/prompts/conflict-resolver-attempt-1.md', 'runs/T016/prompts/conflict-resolver-attempt-3.md']
[2026-07-12T17:15:07Z] conflict-resolver: [pass 3/3] start conflicted=['runs/T011/conflict/context.md', 'runs/T011/prompts/conflict-resolver-attempt-1.md', 'runs/T014/conflict/context.md', 'runs/T014/prompts/conflict-resolver-attempt-1.md', 'runs/T016/prompts/conflict-resolver-attempt-3.md']
[2026-07-12T17:15:08Z] conflict-resolver: context written: runs/T022/conflict/context.md
[2026-07-12T17:15:08Z] compose: global-context=docs/ai/global-context.md
[2026-07-12T17:15:08Z] compose: role=ai/roles/conflict-resolver.md
[2026-07-12T17:15:08Z] compose: skill=ai/skills/workflow-discipline.md
[2026-07-12T17:15:08Z] compose: skill=ai/skills/git-discipline.md
[2026-07-12T17:15:08Z] compose: skill=ai/skills/code-quality.md
[2026-07-12T17:15:08Z] compose: skill=ai/skills/refactor-safety.md
[2026-07-12T17:15:08Z] compose: task (canonical prompt)
[2026-07-12T17:15:08Z] conflict-resolver: prompt snapshot: runs/T022/prompts/conflict-resolver-attempt-4.md
[2026-07-12T17:15:08Z] conflict-resolver: invoking AI resolver pass 3
[2026-07-12T17:16:22Z] conflict-resolver: blocking dirty paths before rebase: ['runs/T011/conflict/context.md', 'runs/T011/prompts/conflict-resolver-attempt-1.md', 'runs/T014/conflict/context.md', 'runs/T014/prompts/conflict-resolver-attempt-1.md', 'runs/T016/prompts/conflict-resolver-attempt-3.md']
[2026-07-12T17:16:22Z] conflict-resolver: failed to prepare clean tree before rebase — blocking paths: ['runs/T011/conflict/context.md', 'runs/T011/prompts/conflict-resolver-attempt-1.md', 'runs/T014/conflict/context.md', 'runs/T014/prompts/conflict-resolver-attempt-1.md', 'runs/T016/prompts/conflict-resolver-attempt-3.md']
[2026-07-12T17:16:22Z] conflict-resolver: state → CONFLICT_RESOLUTION_FAILED
[2026-07-12T17:20:00Z] conflict-resolver: rebase aborted — false positives in runs/T011 runs/T014 runs/T016 snapshot files (conflict markers as content, not real git conflicts)
[2026-07-12T17:20:00Z] conflict-resolver: PR #55 already merged — state restored to TEST_COMPLETE
[2026-07-12T17:25:01Z] conflict-resolver: runtime tree still dirty after scrub: runs/T022/conflict/context.md, runs/T022/prompts/conflict-resolver-attempt-1.md
[2026-07-12T17:25:01Z] conflict-resolver: failed to prepare clean tree before rebase — blocking paths: []
[2026-07-12T17:25:01Z] conflict-resolver: state → CONFLICT_RESOLUTION_FAILED
[2026-07-12T17:27:07Z] conflict-resolver: AI resolver pass 1 finished but conflict markers remain in: ['runs/T011/conflict/context.md', 'runs/T011/prompts/conflict-resolver-attempt-1.md', 'runs/T014/conflict/context.md', 'runs/T014/prompts/conflict-resolver-attempt-1.md', 'runs/T016/prompts/conflict-resolver-attempt-3.md']
[2026-07-12T17:27:07Z] conflict-resolver: [pass 2/3] start conflicted=['runs/T011/conflict/context.md', 'runs/T011/prompts/conflict-resolver-attempt-1.md', 'runs/T014/conflict/context.md', 'runs/T014/prompts/conflict-resolver-attempt-1.md', 'runs/T016/prompts/conflict-resolver-attempt-3.md']
[2026-07-12T17:27:07Z] conflict-resolver: context written: runs/T022/conflict/context.md
[2026-07-12T17:27:07Z] compose: global-context=docs/ai/global-context.md
[2026-07-12T17:27:07Z] compose: role=ai/roles/conflict-resolver.md
[2026-07-12T17:27:07Z] compose: skill=ai/skills/workflow-discipline.md
[2026-07-12T17:27:07Z] compose: skill=ai/skills/git-discipline.md
[2026-07-12T17:27:07Z] compose: skill=ai/skills/code-quality.md
[2026-07-12T17:27:07Z] compose: skill=ai/skills/refactor-safety.md
[2026-07-12T17:27:07Z] compose: task (canonical prompt)
[2026-07-12T17:27:08Z] conflict-resolver: prompt snapshot: runs/T022/prompts/conflict-resolver-attempt-2.md
[2026-07-12T17:27:08Z] conflict-resolver: invoking AI resolver pass 2
[2026-07-12T17:27:29Z] conflict-resolver: AI resolver pass 1 finished but conflict markers remain in: ['runs/T011/conflict/context.md', 'runs/T011/prompts/conflict-resolver-attempt-1.md', 'runs/T014/conflict/context.md', 'runs/T014/prompts/conflict-resolver-attempt-1.md', 'runs/T016/prompts/conflict-resolver-attempt-3.md']
[2026-07-12T17:27:29Z] conflict-resolver: [pass 2/3] start conflicted=['runs/T011/conflict/context.md', 'runs/T011/prompts/conflict-resolver-attempt-1.md', 'runs/T014/conflict/context.md', 'runs/T014/prompts/conflict-resolver-attempt-1.md', 'runs/T016/prompts/conflict-resolver-attempt-3.md']
[2026-07-12T17:27:29Z] conflict-resolver: context written: runs/T022/conflict/context.md
[2026-07-12T17:27:30Z] compose: global-context=docs/ai/global-context.md
[2026-07-12T17:27:30Z] compose: role=ai/roles/conflict-resolver.md
[2026-07-12T17:27:30Z] compose: skill=ai/skills/workflow-discipline.md
[2026-07-12T17:27:30Z] compose: skill=ai/skills/git-discipline.md
[2026-07-12T17:27:30Z] compose: skill=ai/skills/code-quality.md
[2026-07-12T17:27:30Z] compose: skill=ai/skills/refactor-safety.md
[2026-07-12T17:27:30Z] compose: task (canonical prompt)
[2026-07-12T17:27:30Z] conflict-resolver: prompt snapshot: runs/T022/prompts/conflict-resolver-attempt-3.md
[2026-07-12T17:27:30Z] conflict-resolver: invoking AI resolver pass 2
[2026-07-12T17:31:56Z] conflict-resolver: AI resolver pass 2 finished but conflict markers remain in: ['runs/T011/conflict/context.md', 'runs/T011/prompts/conflict-resolver-attempt-1.md', 'runs/T014/conflict/context.md', 'runs/T014/prompts/conflict-resolver-attempt-1.md', 'runs/T016/prompts/conflict-resolver-attempt-3.md']
[2026-07-12T17:31:56Z] conflict-resolver: [pass 3/3] start conflicted=['runs/T011/conflict/context.md', 'runs/T011/prompts/conflict-resolver-attempt-1.md', 'runs/T014/conflict/context.md', 'runs/T014/prompts/conflict-resolver-attempt-1.md', 'runs/T016/prompts/conflict-resolver-attempt-3.md']
[2026-07-12T17:31:56Z] conflict-resolver: context written: runs/T022/conflict/context.md
[2026-07-12T17:31:56Z] compose: global-context=docs/ai/global-context.md
[2026-07-12T17:31:56Z] compose: role=ai/roles/conflict-resolver.md
[2026-07-12T17:31:56Z] compose: skill=ai/skills/workflow-discipline.md
[2026-07-12T17:31:56Z] compose: skill=ai/skills/git-discipline.md
[2026-07-12T17:31:56Z] compose: skill=ai/skills/code-quality.md
[2026-07-12T17:31:56Z] compose: skill=ai/skills/refactor-safety.md
[2026-07-12T17:31:56Z] compose: task (canonical prompt)
[2026-07-12T17:31:56Z] conflict-resolver: prompt snapshot: runs/T022/prompts/conflict-resolver-attempt-5.md
[2026-07-12T17:31:56Z] conflict-resolver: invoking AI resolver pass 3
