[2026-07-11T15:00:08Z] auto-run start: state=INIT
[2026-07-11T15:00:08Z] auto-run: running step=planner
[2026-07-11T15:00:08Z] prompt: resolved=prompts/generic/planner.md source=generic
[2026-07-11T15:00:08Z] prompt: generic fallback — injecting runs/T014/ticket.md
[2026-07-11T15:00:08Z] compose: global-context=docs/ai/global-context.md
[2026-07-11T15:00:08Z] compose: role=ai/roles/planner.md
[2026-07-11T15:00:08Z] compose: skill=ai/skills/workflow-discipline.md
[2026-07-11T15:00:08Z] compose: skill=ai/skills/architecture-discipline.md
[2026-07-11T15:00:08Z] compose: skill=ai/skills/documentation.md
[2026-07-11T15:00:08Z] compose: task (canonical prompt)
[2026-07-11T15:00:08Z] snapshot: runtime-prompt=runs/T014/prompts/planner-attempt-1.md
[2026-07-11T15:04:49Z] auto-run: step=planner done rc=0
[2026-07-11T15:13:50Z] auto-run start: state=INIT
[2026-07-11T15:13:50Z] auto-run: running step=planner
[2026-07-11T15:13:51Z] prompt: resolved=prompts/generic/planner.md source=generic
[2026-07-11T15:13:51Z] prompt: generic fallback — injecting runs/T014/ticket.md
[2026-07-11T15:13:51Z] compose: global-context=docs/ai/global-context.md
[2026-07-11T15:13:51Z] compose: role=ai/roles/planner.md
[2026-07-11T15:13:51Z] compose: skill=ai/skills/workflow-discipline.md
[2026-07-11T15:13:51Z] compose: skill=ai/skills/architecture-discipline.md
[2026-07-11T15:13:51Z] compose: skill=ai/skills/documentation.md
[2026-07-11T15:13:51Z] compose: task (canonical prompt)
[2026-07-11T15:13:51Z] snapshot: runtime-prompt=runs/T014/prompts/planner-attempt-2.md
[2026-07-11T15:17:51Z] auto-run: step=planner done rc=0
[2026-07-11T15:24:45Z] auto-run start: state=INIT
[2026-07-11T15:24:45Z] auto-run: running step=planner
[2026-07-11T15:24:45Z] prompt: resolved=prompts/generic/planner.md source=generic
[2026-07-11T15:24:45Z] prompt: generic fallback — injecting runs/T014/ticket.md
[2026-07-11T15:24:45Z] compose: global-context=docs/ai/global-context.md
[2026-07-11T15:24:45Z] compose: role=ai/roles/planner.md
[2026-07-11T15:24:45Z] compose: skill=ai/skills/workflow-discipline.md
[2026-07-11T15:24:45Z] compose: skill=ai/skills/architecture-discipline.md
[2026-07-11T15:24:45Z] compose: skill=ai/skills/documentation.md
[2026-07-11T15:24:45Z] compose: task (canonical prompt)
[2026-07-11T15:24:45Z] snapshot: runtime-prompt=runs/T014/prompts/planner-attempt-3.md
[2026-07-11T15:29:07Z] auto-run: step=planner done rc=0
[2026-07-11T21:37:04Z] auto-run start: state=INIT
[2026-07-11T21:37:04Z] auto-run: running step=planner
[2026-07-11T21:37:04Z] prompt: resolved=prompts/generic/planner.md source=generic
[2026-07-11T21:37:04Z] prompt: generic fallback — injecting runs/T014/ticket.md
[2026-07-11T21:37:04Z] compose: global-context=docs/ai/global-context.md
[2026-07-11T21:37:04Z] compose: role=ai/roles/planner.md
[2026-07-11T21:37:04Z] compose: skill=ai/skills/workflow-discipline.md
[2026-07-11T21:37:04Z] compose: skill=ai/skills/architecture-discipline.md
[2026-07-11T21:37:04Z] compose: skill=ai/skills/documentation.md
[2026-07-11T21:37:04Z] compose: task (canonical prompt)
[2026-07-11T21:37:04Z] snapshot: runtime-prompt=runs/T014/prompts/planner-attempt-4.md
[2026-07-11T21:41:29Z] auto-run: step=planner done rc=0
[2026-07-11T21:55:29Z] auto-run start: state=INIT
[2026-07-11T21:55:29Z] auto-run: running step=planner
[2026-07-11T21:55:29Z] prompt: resolved=prompts/generic/planner.md source=generic
[2026-07-11T21:55:29Z] prompt: generic fallback — injecting runs/T014/ticket.md
[2026-07-11T21:55:29Z] compose: global-context=docs/ai/global-context.md
[2026-07-11T21:55:29Z] compose: role=ai/roles/planner.md
[2026-07-11T21:55:29Z] compose: skill=ai/skills/workflow-discipline.md
[2026-07-11T21:55:29Z] compose: skill=ai/skills/architecture-discipline.md
[2026-07-11T21:55:29Z] compose: skill=ai/skills/documentation.md
[2026-07-11T21:55:29Z] compose: task (canonical prompt)
[2026-07-11T21:55:29Z] snapshot: runtime-prompt=runs/T014/prompts/planner-attempt-5.md
[2026-07-11T22:00:08Z] auto-run: step=planner done rc=0
[2026-07-11T22:03:58Z] auto-run start: state=INIT
[2026-07-11T22:03:58Z] auto-run: running step=planner
[2026-07-11T22:03:58Z] prompt: resolved=prompts/generic/planner.md source=generic
[2026-07-11T22:03:58Z] prompt: generic fallback — injecting runs/T014/ticket.md
[2026-07-11T22:03:58Z] compose: global-context=docs/ai/global-context.md
[2026-07-11T22:03:58Z] compose: role=ai/roles/planner.md
[2026-07-11T22:03:58Z] compose: skill=ai/skills/workflow-discipline.md
[2026-07-11T22:03:58Z] compose: skill=ai/skills/architecture-discipline.md
[2026-07-11T22:03:58Z] compose: skill=ai/skills/documentation.md
[2026-07-11T22:03:58Z] compose: task (canonical prompt)
[2026-07-11T22:03:58Z] snapshot: runtime-prompt=runs/T014/prompts/planner-attempt-6.md
[2026-07-11T22:08:30Z] auto-run: step=planner done rc=0
[2026-07-11T22:11:10Z] auto-run start: state=INIT
[2026-07-11T22:11:10Z] auto-run: running step=planner
[2026-07-11T22:11:10Z] prompt: resolved=prompts/generic/planner.md source=generic
[2026-07-11T22:11:10Z] prompt: generic fallback — injecting runs/T014/ticket.md
[2026-07-11T22:11:10Z] compose: global-context=docs/ai/global-context.md
[2026-07-11T22:11:10Z] compose: role=ai/roles/planner.md
[2026-07-11T22:11:10Z] compose: skill=ai/skills/workflow-discipline.md
[2026-07-11T22:11:10Z] compose: skill=ai/skills/architecture-discipline.md
[2026-07-11T22:11:10Z] compose: skill=ai/skills/documentation.md
[2026-07-11T22:11:10Z] compose: task (canonical prompt)
[2026-07-11T22:11:10Z] snapshot: runtime-prompt=runs/T014/prompts/planner-attempt-7.md
[2026-07-11T22:14:26Z] auto-run: step=planner done rc=0
[2026-07-11T22:17:11Z] auto-run start: state=INIT
[2026-07-11T22:17:11Z] auto-run: running step=planner
[2026-07-11T22:17:11Z] prompt: resolved=prompts/generic/planner.md source=generic
[2026-07-11T22:17:11Z] prompt: generic fallback — injecting runs/T014/ticket.md
[2026-07-11T22:17:11Z] compose: global-context=docs/ai/global-context.md
[2026-07-11T22:17:11Z] compose: role=ai/roles/planner.md
[2026-07-11T22:17:11Z] compose: skill=ai/skills/workflow-discipline.md
[2026-07-11T22:17:11Z] compose: skill=ai/skills/architecture-discipline.md
[2026-07-11T22:17:11Z] compose: skill=ai/skills/documentation.md
[2026-07-11T22:17:11Z] compose: task (canonical prompt)
[2026-07-11T22:17:11Z] snapshot: runtime-prompt=runs/T014/prompts/planner-attempt-8.md
[2026-07-11T22:20:14Z] auto-run: step=planner done rc=0
[2026-07-11T22:23:15Z] auto-run start: state=INIT
[2026-07-11T22:23:15Z] auto-run: running step=planner
[2026-07-11T22:23:15Z] prompt: resolved=prompts/generic/planner.md source=generic
[2026-07-11T22:23:15Z] prompt: generic fallback — injecting runs/T014/ticket.md
[2026-07-11T22:23:15Z] compose: global-context=docs/ai/global-context.md
[2026-07-11T22:23:15Z] compose: role=ai/roles/planner.md
[2026-07-11T22:23:15Z] compose: skill=ai/skills/workflow-discipline.md
[2026-07-11T22:23:15Z] compose: skill=ai/skills/architecture-discipline.md
[2026-07-11T22:23:15Z] compose: skill=ai/skills/documentation.md
[2026-07-11T22:23:15Z] compose: task (canonical prompt)
[2026-07-11T22:23:15Z] snapshot: runtime-prompt=runs/T014/prompts/planner-attempt-9.md
[2026-07-11T22:30:45Z] auto-run: step=planner done rc=0
[2026-07-11T22:34:08Z] auto-run start: state=INIT
[2026-07-11T22:34:08Z] auto-run: running step=planner
[2026-07-11T22:34:08Z] prompt: resolved=prompts/generic/planner.md source=generic
[2026-07-11T22:34:08Z] prompt: generic fallback — injecting runs/T014/ticket.md
[2026-07-11T22:34:08Z] compose: global-context=docs/ai/global-context.md
[2026-07-11T22:34:08Z] compose: role=ai/roles/planner.md
[2026-07-11T22:34:08Z] compose: skill=ai/skills/workflow-discipline.md
[2026-07-11T22:34:08Z] compose: skill=ai/skills/architecture-discipline.md
[2026-07-11T22:34:08Z] compose: skill=ai/skills/documentation.md
[2026-07-11T22:34:08Z] compose: task (canonical prompt)
[2026-07-11T22:34:08Z] snapshot: runtime-prompt=runs/T014/prompts/planner-attempt-10.md
[2026-07-11T22:37:26Z] auto-run: step=planner done rc=0
[2026-07-11T22:40:06Z] auto-run start: state=INIT
[2026-07-11T22:40:06Z] auto-run: running step=planner
[2026-07-11T22:40:06Z] prompt: resolved=prompts/generic/planner.md source=generic
[2026-07-11T22:40:06Z] prompt: generic fallback — injecting runs/T014/ticket.md
[2026-07-11T22:40:06Z] compose: global-context=docs/ai/global-context.md
[2026-07-11T22:40:06Z] compose: role=ai/roles/planner.md
[2026-07-11T22:40:06Z] compose: skill=ai/skills/workflow-discipline.md
[2026-07-11T22:40:06Z] compose: skill=ai/skills/architecture-discipline.md
[2026-07-11T22:40:06Z] compose: skill=ai/skills/documentation.md
[2026-07-11T22:40:06Z] compose: task (canonical prompt)
[2026-07-11T22:40:06Z] snapshot: runtime-prompt=runs/T014/prompts/planner-attempt-11.md
[2026-07-11T22:45:29Z] auto-run: step=planner done rc=0
[2026-07-11T22:48:33Z] auto-run start: state=INIT
[2026-07-11T22:48:33Z] auto-run: running step=planner
[2026-07-11T22:48:33Z] prompt: resolved=prompts/generic/planner.md source=generic
[2026-07-11T22:48:33Z] prompt: generic fallback — injecting runs/T014/ticket.md
[2026-07-11T22:48:33Z] compose: global-context=docs/ai/global-context.md
[2026-07-11T22:48:33Z] compose: role=ai/roles/planner.md
[2026-07-11T22:48:33Z] compose: skill=ai/skills/workflow-discipline.md
[2026-07-11T22:48:33Z] compose: skill=ai/skills/architecture-discipline.md
[2026-07-11T22:48:33Z] compose: skill=ai/skills/documentation.md
[2026-07-11T22:48:33Z] compose: task (canonical prompt)
[2026-07-11T22:48:33Z] snapshot: runtime-prompt=runs/T014/prompts/planner-attempt-12.md
[2026-07-11T22:52:22Z] auto-run: step=planner done rc=0
[2026-07-11T22:55:50Z] auto-run start: state=INIT
[2026-07-11T22:55:50Z] auto-run: running step=planner
[2026-07-11T22:55:50Z] prompt: resolved=prompts/generic/planner.md source=generic
[2026-07-11T22:55:50Z] prompt: generic fallback — injecting runs/T014/ticket.md
[2026-07-11T22:55:50Z] compose: global-context=docs/ai/global-context.md
[2026-07-11T22:55:50Z] compose: role=ai/roles/planner.md
[2026-07-11T22:55:50Z] compose: skill=ai/skills/workflow-discipline.md
[2026-07-11T22:55:50Z] compose: skill=ai/skills/architecture-discipline.md
[2026-07-11T22:55:50Z] compose: skill=ai/skills/documentation.md
[2026-07-11T22:55:50Z] compose: task (canonical prompt)
[2026-07-11T22:55:50Z] snapshot: runtime-prompt=runs/T014/prompts/planner-attempt-13.md
[2026-07-11T22:58:59Z] auto-run: step=planner done rc=0
[2026-07-11T23:01:52Z] auto-run start: state=INIT
[2026-07-11T23:01:52Z] auto-run: running step=planner
[2026-07-11T23:01:52Z] prompt: resolved=prompts/generic/planner.md source=generic
[2026-07-11T23:01:52Z] prompt: generic fallback — injecting runs/T014/ticket.md
[2026-07-11T23:01:52Z] compose: global-context=docs/ai/global-context.md
[2026-07-11T23:01:52Z] compose: role=ai/roles/planner.md
[2026-07-11T23:01:52Z] compose: skill=ai/skills/workflow-discipline.md
[2026-07-11T23:01:52Z] compose: skill=ai/skills/architecture-discipline.md
[2026-07-11T23:01:52Z] compose: skill=ai/skills/documentation.md
[2026-07-11T23:01:52Z] compose: task (canonical prompt)
[2026-07-11T23:01:52Z] snapshot: runtime-prompt=runs/T014/prompts/planner-attempt-14.md
[2026-07-11T23:06:37Z] auto-run: step=planner done rc=0
[2026-07-11T23:10:18Z] auto-run start: state=INIT
[2026-07-11T23:10:18Z] auto-run: running step=planner
[2026-07-11T23:10:18Z] prompt: resolved=prompts/generic/planner.md source=generic
[2026-07-11T23:10:18Z] prompt: generic fallback — injecting runs/T014/ticket.md
[2026-07-11T23:10:18Z] compose: global-context=docs/ai/global-context.md
[2026-07-11T23:10:18Z] compose: role=ai/roles/planner.md
[2026-07-11T23:10:18Z] compose: skill=ai/skills/workflow-discipline.md
[2026-07-11T23:10:18Z] compose: skill=ai/skills/architecture-discipline.md
[2026-07-11T23:10:18Z] compose: skill=ai/skills/documentation.md
[2026-07-11T23:10:18Z] compose: task (canonical prompt)
[2026-07-11T23:10:18Z] snapshot: runtime-prompt=runs/T014/prompts/planner-attempt-15.md
[2026-07-11T23:13:51Z] auto-run: step=planner done rc=0
[2026-07-11T23:17:35Z] auto-run start: state=INIT
[2026-07-11T23:17:35Z] auto-run: running step=planner
[2026-07-11T23:17:35Z] prompt: resolved=prompts/generic/planner.md source=generic
[2026-07-11T23:17:35Z] prompt: generic fallback — injecting runs/T014/ticket.md
[2026-07-11T23:17:35Z] compose: global-context=docs/ai/global-context.md
[2026-07-11T23:17:35Z] compose: role=ai/roles/planner.md
[2026-07-11T23:17:35Z] compose: skill=ai/skills/workflow-discipline.md
[2026-07-11T23:17:35Z] compose: skill=ai/skills/architecture-discipline.md
[2026-07-11T23:17:35Z] compose: skill=ai/skills/documentation.md
[2026-07-11T23:17:35Z] compose: task (canonical prompt)
[2026-07-11T23:17:35Z] snapshot: runtime-prompt=runs/T014/prompts/planner-attempt-16.md
[2026-07-11T23:19:33Z] auto-run: step=planner done rc=0
[2026-07-11T23:22:25Z] auto-run start: state=INIT
[2026-07-11T23:22:25Z] auto-run: running step=planner
[2026-07-11T23:22:25Z] prompt: resolved=prompts/generic/planner.md source=generic
[2026-07-11T23:22:25Z] prompt: generic fallback — injecting runs/T014/ticket.md
[2026-07-11T23:22:25Z] compose: global-context=docs/ai/global-context.md
[2026-07-11T23:22:25Z] compose: role=ai/roles/planner.md
[2026-07-11T23:22:25Z] compose: skill=ai/skills/workflow-discipline.md
[2026-07-11T23:22:25Z] compose: skill=ai/skills/architecture-discipline.md
[2026-07-11T23:22:25Z] compose: skill=ai/skills/documentation.md
[2026-07-11T23:22:25Z] compose: task (canonical prompt)
[2026-07-11T23:22:25Z] snapshot: runtime-prompt=runs/T014/prompts/planner-attempt-17.md
[2026-07-11T23:24:48Z] auto-run: step=planner done rc=0
[2026-07-11T23:28:24Z] auto-run start: state=INIT
[2026-07-11T23:28:24Z] auto-run: running step=planner
[2026-07-11T23:28:24Z] prompt: resolved=prompts/generic/planner.md source=generic
[2026-07-11T23:28:24Z] prompt: generic fallback — injecting runs/T014/ticket.md
[2026-07-11T23:28:24Z] compose: global-context=docs/ai/global-context.md
[2026-07-11T23:28:24Z] compose: role=ai/roles/planner.md
[2026-07-11T23:28:24Z] compose: skill=ai/skills/workflow-discipline.md
[2026-07-11T23:28:24Z] compose: skill=ai/skills/architecture-discipline.md
[2026-07-11T23:28:24Z] compose: skill=ai/skills/documentation.md
[2026-07-11T23:28:24Z] compose: task (canonical prompt)
[2026-07-11T23:28:24Z] snapshot: runtime-prompt=runs/T014/prompts/planner-attempt-18.md
[2026-07-11T23:32:37Z] auto-run: step=planner done rc=0
[2026-07-11T23:35:41Z] auto-run start: state=INIT
[2026-07-11T23:35:41Z] auto-run: running step=planner
[2026-07-11T23:35:41Z] prompt: resolved=prompts/generic/planner.md source=generic
[2026-07-11T23:35:41Z] prompt: generic fallback — injecting runs/T014/ticket.md
[2026-07-11T23:35:41Z] compose: global-context=docs/ai/global-context.md
[2026-07-11T23:35:41Z] compose: role=ai/roles/planner.md
[2026-07-11T23:35:41Z] compose: skill=ai/skills/workflow-discipline.md
[2026-07-11T23:35:41Z] compose: skill=ai/skills/architecture-discipline.md
[2026-07-11T23:35:41Z] compose: skill=ai/skills/documentation.md
[2026-07-11T23:35:41Z] compose: task (canonical prompt)
[2026-07-11T23:35:41Z] snapshot: runtime-prompt=runs/T014/prompts/planner-attempt-19.md
[2026-07-11T23:40:34Z] auto-run: step=planner done rc=0
[2026-07-11T23:44:11Z] auto-run start: state=INIT
[2026-07-11T23:44:11Z] auto-run: running step=planner
[2026-07-11T23:44:11Z] prompt: resolved=prompts/generic/planner.md source=generic
[2026-07-11T23:44:11Z] prompt: generic fallback — injecting runs/T014/ticket.md
[2026-07-11T23:44:11Z] compose: global-context=docs/ai/global-context.md
[2026-07-11T23:44:11Z] compose: role=ai/roles/planner.md
[2026-07-11T23:44:11Z] compose: skill=ai/skills/workflow-discipline.md
[2026-07-11T23:44:11Z] compose: skill=ai/skills/architecture-discipline.md
[2026-07-11T23:44:11Z] compose: skill=ai/skills/documentation.md
[2026-07-11T23:44:11Z] compose: task (canonical prompt)
[2026-07-11T23:44:11Z] snapshot: runtime-prompt=runs/T014/prompts/planner-attempt-20.md
[2026-07-11T23:49:56Z] auto-run: step=planner done rc=0
[2026-07-11T23:52:34Z] auto-run start: state=INIT
[2026-07-11T23:52:34Z] auto-run: running step=planner
[2026-07-11T23:52:34Z] prompt: resolved=prompts/generic/planner.md source=generic
[2026-07-11T23:52:34Z] prompt: generic fallback — injecting runs/T014/ticket.md
[2026-07-11T23:52:34Z] compose: global-context=docs/ai/global-context.md
[2026-07-11T23:52:34Z] compose: role=ai/roles/planner.md
[2026-07-11T23:52:34Z] compose: skill=ai/skills/workflow-discipline.md
[2026-07-11T23:52:34Z] compose: skill=ai/skills/architecture-discipline.md
[2026-07-11T23:52:34Z] compose: skill=ai/skills/documentation.md
[2026-07-11T23:52:34Z] compose: task (canonical prompt)
[2026-07-11T23:52:34Z] snapshot: runtime-prompt=runs/T014/prompts/planner-attempt-21.md
[2026-07-11T23:57:39Z] auto-run: step=planner done rc=0
[2026-07-12T00:19:18Z] auto-run start: state=IMPLEMENTATION_APPROVED
[2026-07-12T00:19:18Z] auto-run: running step=tester
[2026-07-12T00:19:18Z] prompt: resolved=prompts/generic/tester.md source=generic
[2026-07-12T00:19:18Z] prompt: generic fallback — injecting runs/T014/ticket.md
[2026-07-12T00:19:18Z] compose: global-context=docs/ai/global-context.md
[2026-07-12T00:19:18Z] compose: role=ai/roles/tester.md
[2026-07-12T00:19:18Z] compose: skill=ai/skills/workflow-discipline.md
[2026-07-12T00:19:18Z] compose: skill=ai/skills/testing.md
[2026-07-12T00:19:18Z] compose: skill=ai/skills/debugging.md
[2026-07-12T00:19:18Z] compose: task (canonical prompt)
[2026-07-12T00:19:18Z] snapshot: runtime-prompt=runs/T014/prompts/tester-attempt-1.md
[2026-07-12T00:21:15Z] auto-run: step=tester done rc=0
[2026-07-12T00:21:15Z] auto-run: transition IMPLEMENTATION_APPROVED → TEST_COMPLETE
[2026-07-12T00:21:15Z] auto-run: auto-commit triggered (step=tester, include_code=True)
[2026-07-12T00:21:15Z] commit-checkpoint: unstaged runtime garbage: ['runs/T014/daemon.lock', 'runs/T014/runtime.log', 'runs/T014/workflow-status.md']
[2026-07-12T00:21:15Z] commit-checkpoint: sha=63c15df files=33 title='test(T014/workflow): tester — update 33 file(s)'
[2026-07-12T00:21:15Z] auto-run: auto-push triggered
[2026-07-12T00:21:15Z] push: tolerating runtime dirty files (not blocking): ['runs/T014/daemon.lock', 'runs/T014/runtime.log', 'runs/T014/workflow-status.md']
[2026-07-12T00:21:15Z] push: pushing branch=ticket/T014-create-cra-history-api
[2026-07-12T00:21:18Z] push: done branch=ticket/T014-create-cra-history-api
[2026-07-12T00:21:18Z] auto-run: TEST_COMPLETE — running PR lifecycle
[2026-07-12T00:21:52Z] conflict-resolver: git rebase origin/main exit=1
[2026-07-12T00:21:52Z] conflict-resolver: conflicts detected: ['backend/target/maven-status/maven-compiler-plugin/compile/default-compile/inputFiles.lst', 'backend/target/maven-status/maven-compiler-plugin/testCompile/default-testCompile/createdFiles.lst', 'backend/target/maven-status/maven-compiler-plugin/testCompile/default-testCompile/inputFiles.lst', 'backend/target/surefire-reports/TEST-com.timizer.backend.cra.CraDayEntryTest.xml', 'backend/target/surefire-reports/TEST-com.timizer.backend.cra.CraTotalCalculationServiceTest.xml', 'backend/target/surefire-reports/TEST-com.timizer.backend.cra.MonthlyCraCreationServiceTest.xml', 'backend/target/surefire-reports/TEST-com.timizer.backend.cra.MonthlyCraReportPersistenceTest.xml', 'backend/target/surefire-reports/TEST-com.timizer.backend.cra.MonthlyCraReportRepositoryTest.xml', 'backend/target/surefire-reports/TEST-com.timizer.backend.cra.MonthlyCraReportTest.xml', 'backend/target/surefire-reports/TEST-com.timizer.backend.cra.api.CraControllerTest.xml', 'backend/target/surefire-reports/TEST-com.timizerlike.backend.cra.dto.CraDtoTest.xml', 'backend/target/surefire-reports/TEST-com.timizerlike.cra.pdf.model.CraPdfDocumentTest.xml', 'backend/target/surefire-reports/TEST-com.timizerlike.cra.service.CraCreationServiceTest.xml', 'backend/target/surefire-reports/com.timizer.backend.cra.CraTotalCalculationServiceTest.txt', 'backend/target/surefire-reports/com.timizer.backend.cra.MonthlyCraCreationServiceTest.txt', 'backend/target/surefire-reports/com.timizer.backend.cra.MonthlyCraReportPersistenceTest.txt', 'backend/target/surefire-reports/com.timizer.backend.cra.MonthlyCraReportRepositoryTest.txt', 'backend/target/surefire-reports/com.timizer.backend.cra.MonthlyCraReportTest.txt', 'backend/target/surefire-reports/com.timizer.backend.cra.api.CraControllerTest.txt']
[2026-07-12T00:21:52Z] conflict-resolver: [pass 1/3] start conflicted=['backend/target/maven-status/maven-compiler-plugin/compile/default-compile/inputFiles.lst', 'backend/target/maven-status/maven-compiler-plugin/testCompile/default-testCompile/createdFiles.lst', 'backend/target/maven-status/maven-compiler-plugin/testCompile/default-testCompile/inputFiles.lst', 'backend/target/surefire-reports/TEST-com.timizer.backend.cra.CraDayEntryTest.xml', 'backend/target/surefire-reports/TEST-com.timizer.backend.cra.CraTotalCalculationServiceTest.xml', 'backend/target/surefire-reports/TEST-com.timizer.backend.cra.MonthlyCraCreationServiceTest.xml', 'backend/target/surefire-reports/TEST-com.timizer.backend.cra.MonthlyCraReportPersistenceTest.xml', 'backend/target/surefire-reports/TEST-com.timizer.backend.cra.MonthlyCraReportRepositoryTest.xml', 'backend/target/surefire-reports/TEST-com.timizer.backend.cra.MonthlyCraReportTest.xml', 'backend/target/surefire-reports/TEST-com.timizer.backend.cra.api.CraControllerTest.xml', 'backend/target/surefire-reports/TEST-com.timizerlike.backend.cra.dto.CraDtoTest.xml', 'backend/target/surefire-reports/TEST-com.timizerlike.cra.pdf.model.CraPdfDocumentTest.xml', 'backend/target/surefire-reports/TEST-com.timizerlike.cra.service.CraCreationServiceTest.xml', 'backend/target/surefire-reports/com.timizer.backend.cra.CraTotalCalculationServiceTest.txt', 'backend/target/surefire-reports/com.timizer.backend.cra.MonthlyCraCreationServiceTest.txt', 'backend/target/surefire-reports/com.timizer.backend.cra.MonthlyCraReportPersistenceTest.txt', 'backend/target/surefire-reports/com.timizer.backend.cra.MonthlyCraReportRepositoryTest.txt', 'backend/target/surefire-reports/com.timizer.backend.cra.MonthlyCraReportTest.txt', 'backend/target/surefire-reports/com.timizer.backend.cra.api.CraControllerTest.txt', 'runs/T007/state.json', 'runs/T011/conflict/context.md', 'runs/T011/prompts/conflict-resolver-attempt-1.md', 'runs/T012/conflict/context.md', 'runs/T012/prompts/conflict-resolver-attempt-1.md', 'runs/T016/conflict/context.md', 'runs/T016/prompts/conflict-resolver-attempt-1.md', 'runs/T016/prompts/conflict-resolver-attempt-2.md', 'runs/T016/prompts/conflict-resolver-attempt-3.md']
[2026-07-12T00:21:53Z] conflict-resolver: context written: runs/T014/conflict/context.md
[2026-07-12T00:21:53Z] compose: global-context=docs/ai/global-context.md
[2026-07-12T00:21:53Z] compose: role=ai/roles/conflict-resolver.md
[2026-07-12T00:21:53Z] compose: skill=ai/skills/workflow-discipline.md
[2026-07-12T00:21:53Z] compose: skill=ai/skills/git-discipline.md
[2026-07-12T00:21:53Z] compose: skill=ai/skills/code-quality.md
[2026-07-12T00:21:53Z] compose: skill=ai/skills/refactor-safety.md
[2026-07-12T00:21:53Z] compose: task (canonical prompt)
[2026-07-12T00:21:53Z] conflict-resolver: prompt snapshot: runs/T014/prompts/conflict-resolver-attempt-1.md
[2026-07-12T00:21:53Z] conflict-resolver: invoking AI resolver pass 1
[2026-07-12T00:25:45Z] conflict-resolver: AI resolver pass 1 finished but conflict markers remain in: ['runs/T007/state.json', 'runs/T011/conflict/context.md', 'runs/T011/prompts/conflict-resolver-attempt-1.md', 'runs/T012/conflict/context.md', 'runs/T012/prompts/conflict-resolver-attempt-1.md', 'runs/T016/conflict/context.md', 'runs/T016/prompts/conflict-resolver-attempt-1.md', 'runs/T016/prompts/conflict-resolver-attempt-2.md', 'runs/T016/prompts/conflict-resolver-attempt-3.md']
[2026-07-12T00:25:45Z] conflict-resolver: [pass 2/3] start conflicted=['runs/T007/state.json', 'runs/T011/conflict/context.md', 'runs/T011/prompts/conflict-resolver-attempt-1.md', 'runs/T012/conflict/context.md', 'runs/T012/prompts/conflict-resolver-attempt-1.md', 'runs/T016/conflict/context.md', 'runs/T016/prompts/conflict-resolver-attempt-1.md', 'runs/T016/prompts/conflict-resolver-attempt-2.md', 'runs/T016/prompts/conflict-resolver-attempt-3.md']
[2026-07-12T00:25:46Z] conflict-resolver: context written: runs/T014/conflict/context.md
[2026-07-12T00:25:46Z] compose: global-context=docs/ai/global-context.md
[2026-07-12T00:25:46Z] compose: role=ai/roles/conflict-resolver.md
[2026-07-12T00:25:46Z] compose: skill=ai/skills/workflow-discipline.md
[2026-07-12T00:25:46Z] compose: skill=ai/skills/git-discipline.md
[2026-07-12T00:25:46Z] compose: skill=ai/skills/code-quality.md
[2026-07-12T00:25:46Z] compose: skill=ai/skills/refactor-safety.md
[2026-07-12T00:25:46Z] compose: task (canonical prompt)
[2026-07-12T00:25:46Z] conflict-resolver: prompt snapshot: runs/T014/prompts/conflict-resolver-attempt-2.md
[2026-07-12T00:25:46Z] conflict-resolver: invoking AI resolver pass 2
[2026-07-12T00:33:14Z] conflict-resolver: AI resolver pass 2 finished but conflict markers remain in: ['runs/T011/conflict/context.md', 'runs/T011/prompts/conflict-resolver-attempt-1.md', 'runs/T012/conflict/context.md', 'runs/T012/prompts/conflict-resolver-attempt-1.md', 'runs/T016/conflict/context.md', 'runs/T016/prompts/conflict-resolver-attempt-1.md', 'runs/T016/prompts/conflict-resolver-attempt-2.md', 'runs/T016/prompts/conflict-resolver-attempt-3.md']
[2026-07-12T00:33:14Z] conflict-resolver: [pass 3/3] start conflicted=['runs/T011/conflict/context.md', 'runs/T011/prompts/conflict-resolver-attempt-1.md', 'runs/T012/conflict/context.md', 'runs/T012/prompts/conflict-resolver-attempt-1.md', 'runs/T016/conflict/context.md', 'runs/T016/prompts/conflict-resolver-attempt-1.md', 'runs/T016/prompts/conflict-resolver-attempt-2.md', 'runs/T016/prompts/conflict-resolver-attempt-3.md']
[2026-07-12T00:33:15Z] conflict-resolver: context written: runs/T014/conflict/context.md
[2026-07-12T00:33:16Z] compose: global-context=docs/ai/global-context.md
[2026-07-12T00:33:16Z] compose: role=ai/roles/conflict-resolver.md
[2026-07-12T00:33:16Z] compose: skill=ai/skills/workflow-discipline.md
[2026-07-12T00:33:16Z] compose: skill=ai/skills/git-discipline.md
[2026-07-12T00:33:16Z] compose: skill=ai/skills/code-quality.md
[2026-07-12T00:33:16Z] compose: skill=ai/skills/refactor-safety.md
[2026-07-12T00:33:16Z] compose: task (canonical prompt)
[2026-07-12T00:33:16Z] conflict-resolver: prompt snapshot: runs/T014/prompts/conflict-resolver-attempt-3.md
[2026-07-12T00:33:16Z] conflict-resolver: invoking AI resolver pass 3
