[2026-07-11T10:13:14Z] auto-run start: state=INIT
[2026-07-11T10:13:14Z] auto-run: running step=planner
[2026-07-11T10:13:14Z] prompt: resolved=prompts/generic/planner.md source=generic
[2026-07-11T10:13:14Z] prompt: generic fallback — injecting runs/T004/ticket.md
[2026-07-11T10:13:14Z] compose: global-context=docs/ai/global-context.md
[2026-07-11T10:13:14Z] compose: role=ai/roles/planner.md
[2026-07-11T10:13:14Z] compose: skill=ai/skills/workflow-discipline.md
[2026-07-11T10:13:14Z] compose: skill=ai/skills/architecture-discipline.md
[2026-07-11T10:13:14Z] compose: skill=ai/skills/documentation.md
[2026-07-11T10:13:14Z] compose: task (canonical prompt)
[2026-07-11T10:13:14Z] snapshot: runtime-prompt=runs/T004/prompts/planner-attempt-1.md
[2026-07-11T10:15:09Z] auto-run: step=planner done rc=0
[2026-07-11T10:31:31Z] auto-run start: state=IMPLEMENTATION_APPROVED
[2026-07-11T10:31:31Z] auto-run: running step=tester
[2026-07-11T10:31:31Z] prompt: resolved=prompts/generic/tester.md source=generic
[2026-07-11T10:31:31Z] prompt: generic fallback — injecting runs/T004/ticket.md
[2026-07-11T10:31:31Z] compose: global-context=docs/ai/global-context.md
[2026-07-11T10:31:31Z] compose: role=ai/roles/tester.md
[2026-07-11T10:31:31Z] compose: skill=ai/skills/workflow-discipline.md
[2026-07-11T10:31:31Z] compose: skill=ai/skills/testing.md
[2026-07-11T10:31:31Z] compose: skill=ai/skills/debugging.md
[2026-07-11T10:31:31Z] compose: task (canonical prompt)
[2026-07-11T10:31:31Z] snapshot: runtime-prompt=runs/T004/prompts/tester-attempt-1.md
[2026-07-11T10:35:25Z] auto-run: step=tester done rc=0
[2026-07-11T10:35:25Z] auto-run: transition IMPLEMENTATION_APPROVED → TEST_COMPLETE
[2026-07-11T10:35:25Z] auto-run: auto-commit triggered (step=tester, include_code=True)
[2026-07-11T10:35:26Z] commit-checkpoint: unstaged runtime garbage: ['runs/T004/daemon.lock', 'runs/T004/runtime.log']
[2026-07-11T10:35:26Z] commit-checkpoint: sha=217849b files=5 title='test(T004/workflow): tester — update 5 file(s)'
[2026-07-11T10:35:26Z] auto-run: auto-push triggered
[2026-07-11T10:35:26Z] push: tolerating runtime dirty files (not blocking): ['runs/T004/daemon.lock', 'runs/T004/runtime.log']
[2026-07-11T10:35:26Z] push: pushing branch=ticket/T004-create-cra-repository
[2026-07-11T10:35:27Z] push: done branch=ticket/T004-create-cra-repository
[2026-07-11T10:35:28Z] auto-run: TEST_COMPLETE — running PR lifecycle
[2026-07-11T12:49:24Z] conflict-resolver: [pass 3/3] conflicted=['backend/src/main/java/com/timizer/backend/cra/CraDayEntry.java', 'backend/src/main/java/com/timizer/backend/cra/MonthlyCraReport.java'] | staged=['backend/src/main/java/com/timizer/backend/cra/CraDayEntry.java', 'backend/src/main/java/com/timizer/backend/cra/MonthlyCraReport.java'] | unresolved=[] | continue_rc=0
[2026-07-11T12:49:24Z] conflict-resolver: all conflicts resolved after 3 pass(es)
[2026-07-11T12:49:24Z] conflict-resolver: running tests
[2026-07-11T12:49:24Z] conflict-resolver: test-report written: runs/T004/conflict/test-report.md
[2026-07-11T12:49:24Z] conflict-resolver: staging and committing resolution artifacts
[2026-07-11T12:49:24Z] conflict-resolver: commit: sha=6ad2b34
[2026-07-11T12:49:24Z] conflict-resolver: git push --force-with-lease origin ticket/T004-create-cra-repository
[2026-07-11T12:49:27Z] conflict-resolver: push succeeded
[2026-07-11T12:49:27Z] conflict-resolver: state → CONFLICT_RESOLVED_REVIEW_NEEDED
[2026-07-11T12:49:27Z] conflict-resolver: done → CONFLICT_RESOLVED_REVIEW_NEEDED
[2026-07-11T13:09:29Z] human-approval: approve-conflict-resolution — CONFLICT_RESOLVED_REVIEW_NEEDED → TEST_COMPLETE
