[2026-07-11T13:10:57Z] auto-run start: state=INIT
[2026-07-11T13:10:57Z] auto-run: running step=planner
[2026-07-11T13:10:57Z] prompt: resolved=prompts/generic/planner.md source=generic
[2026-07-11T13:10:57Z] prompt: generic fallback — injecting runs/T016/ticket.md
[2026-07-11T13:10:57Z] compose: global-context=docs/ai/global-context.md
[2026-07-11T13:10:57Z] compose: role=ai/roles/planner.md
[2026-07-11T13:10:57Z] compose: skill=ai/skills/workflow-discipline.md
[2026-07-11T13:10:57Z] compose: skill=ai/skills/architecture-discipline.md
[2026-07-11T13:10:57Z] compose: skill=ai/skills/documentation.md
[2026-07-11T13:10:57Z] compose: task (canonical prompt)
[2026-07-11T13:10:57Z] snapshot: runtime-prompt=runs/T016/prompts/planner-attempt-1.md
[2026-07-11T13:14:03Z] auto-run: step=planner done rc=0
[2026-07-11T14:23:50Z] auto-run start: state=IMPLEMENTATION_APPROVED
[2026-07-11T14:23:50Z] auto-run: running step=tester
[2026-07-11T14:23:50Z] prompt: resolved=prompts/generic/tester.md source=generic
[2026-07-11T14:23:50Z] prompt: generic fallback — injecting runs/T016/ticket.md
[2026-07-11T14:23:50Z] compose: global-context=docs/ai/global-context.md
[2026-07-11T14:23:50Z] compose: role=ai/roles/tester.md
[2026-07-11T14:23:50Z] compose: skill=ai/skills/workflow-discipline.md
[2026-07-11T14:23:50Z] compose: skill=ai/skills/testing.md
[2026-07-11T14:23:50Z] compose: skill=ai/skills/debugging.md
[2026-07-11T14:23:50Z] compose: task (canonical prompt)
[2026-07-11T14:23:50Z] snapshot: runtime-prompt=runs/T016/prompts/tester-attempt-1.md
[2026-07-11T14:28:11Z] auto-run: step=tester done rc=0
[2026-07-11T14:28:11Z] auto-run: transition IMPLEMENTATION_APPROVED → TEST_COMPLETE
[2026-07-11T14:28:11Z] auto-run: auto-commit triggered (step=tester, include_code=True)
[2026-07-11T14:28:11Z] commit-checkpoint: unstaged runtime garbage: ['runs/T016/daemon.lock', 'runs/T016/runtime.log']
[2026-07-11T14:28:11Z] commit-checkpoint: sha=4f67fa7 files=4 title='test(T016/workflow): tester — update 4 file(s)'
[2026-07-11T14:28:11Z] auto-run: auto-push triggered
[2026-07-11T14:28:11Z] push: tolerating runtime dirty files (not blocking): ['runs/T016/daemon.lock', 'runs/T016/runtime.log']
[2026-07-11T14:28:11Z] push: pushing branch=ticket/T016-create-cra-pdf-generator
[2026-07-11T14:28:13Z] push: done branch=ticket/T016-create-cra-pdf-generator
[2026-07-11T14:28:14Z] auto-run: TEST_COMPLETE — running PR lifecycle
