[2026-07-20T15:49:34Z] auto-run start: state=INIT
[2026-07-20T15:49:34Z] auto-run: running step=planner
[2026-07-20T15:49:34Z] prompt: resolved=prompts/generic/planner.md source=generic
[2026-07-20T15:49:34Z] prompt: generic fallback — injecting runs/T029/ticket.md
[2026-07-20T15:49:34Z] compose: global-context=docs/ai/global-context.md
[2026-07-20T15:49:34Z] compose: role=ai/roles/planner.md
[2026-07-20T15:49:34Z] compose: skill=ai/skills/workflow-discipline.md
[2026-07-20T15:49:34Z] compose: skill=ai/skills/architecture-discipline.md
[2026-07-20T15:49:34Z] compose: skill=ai/skills/documentation.md
[2026-07-20T15:49:34Z] compose: task (canonical prompt)
[2026-07-20T15:49:34Z] snapshot: runtime-prompt=runs/T029/prompts/planner-attempt-1.md
[2026-07-20T15:52:59Z] auto-run: step=planner done rc=0
[2026-07-20T15:55:58Z] auto-run start: state=INIT
[2026-07-20T15:55:58Z] auto-run: running step=planner
[2026-07-20T15:55:58Z] prompt: resolved=prompts/generic/planner.md source=generic
[2026-07-20T15:55:58Z] prompt: generic fallback — injecting runs/T029/ticket.md
[2026-07-20T15:55:58Z] compose: global-context=docs/ai/global-context.md
[2026-07-20T15:55:58Z] compose: role=ai/roles/planner.md
[2026-07-20T15:55:58Z] compose: skill=ai/skills/workflow-discipline.md
[2026-07-20T15:55:58Z] compose: skill=ai/skills/architecture-discipline.md
[2026-07-20T15:55:58Z] compose: skill=ai/skills/documentation.md
[2026-07-20T15:55:58Z] compose: task (canonical prompt)
[2026-07-20T15:55:58Z] snapshot: runtime-prompt=runs/T029/prompts/planner-attempt-2.md
[2026-07-20T16:00:08Z] auto-run: step=planner done rc=0
[2026-07-20T16:03:38Z] auto-run start: state=INIT
[2026-07-20T16:03:38Z] auto-run: running step=planner
[2026-07-20T16:03:38Z] prompt: resolved=prompts/generic/planner.md source=generic
[2026-07-20T16:03:38Z] prompt: generic fallback — injecting runs/T029/ticket.md
[2026-07-20T16:03:38Z] compose: global-context=docs/ai/global-context.md
[2026-07-20T16:03:38Z] compose: role=ai/roles/planner.md
[2026-07-20T16:03:38Z] compose: skill=ai/skills/workflow-discipline.md
[2026-07-20T16:03:38Z] compose: skill=ai/skills/architecture-discipline.md
[2026-07-20T16:03:38Z] compose: skill=ai/skills/documentation.md
[2026-07-20T16:03:38Z] compose: task (canonical prompt)
[2026-07-20T16:03:38Z] snapshot: runtime-prompt=runs/T029/prompts/planner-attempt-3.md
[2026-07-20T16:06:54Z] auto-run: step=planner done rc=0
