[2026-07-11T09:57:48Z] auto-run start: state=INIT
[2026-07-11T09:57:48Z] auto-run: running step=planner
[2026-07-11T09:57:48Z] prompt: resolved=prompts/generic/planner.md source=generic
[2026-07-11T09:57:48Z] prompt: generic fallback — injecting runs/T002/ticket.md
[2026-07-11T09:57:48Z] compose: global-context=docs/ai/global-context.md
[2026-07-11T09:57:48Z] compose: role=ai/roles/planner.md
[2026-07-11T09:57:48Z] compose: skill=ai/skills/workflow-discipline.md
[2026-07-11T09:57:48Z] compose: skill=ai/skills/architecture-discipline.md
[2026-07-11T09:57:48Z] compose: skill=ai/skills/documentation.md
[2026-07-11T09:57:48Z] compose: task (canonical prompt)
[2026-07-11T09:57:48Z] snapshot: runtime-prompt=runs/T002/prompts/planner-attempt-1.md
[2026-07-11T10:00:25Z] auto-run: step=planner done rc=0
[2026-07-11T10:09:40Z] auto-run start: state=IMPLEMENTATION_APPROVED
[2026-07-11T10:09:40Z] auto-run: running step=tester
[2026-07-11T10:09:40Z] prompt: resolved=prompts/generic/tester.md source=generic
[2026-07-11T10:09:40Z] prompt: generic fallback — injecting runs/T002/ticket.md
[2026-07-11T10:09:40Z] compose: global-context=docs/ai/global-context.md
[2026-07-11T10:09:40Z] compose: role=ai/roles/tester.md
[2026-07-11T10:09:40Z] compose: skill=ai/skills/workflow-discipline.md
[2026-07-11T10:09:40Z] compose: skill=ai/skills/testing.md
[2026-07-11T10:09:40Z] compose: skill=ai/skills/debugging.md
[2026-07-11T10:09:40Z] compose: task (canonical prompt)
[2026-07-11T10:09:40Z] snapshot: runtime-prompt=runs/T002/prompts/tester-attempt-1.md
[2026-07-11T10:11:59Z] auto-run: step=tester done rc=0
[2026-07-11T10:11:59Z] auto-run: transition IMPLEMENTATION_APPROVED → TEST_COMPLETE
[2026-07-11T10:11:59Z] auto-run: auto-commit triggered (step=tester, include_code=True)
[2026-07-11T10:11:59Z] commit-checkpoint: unstaged runtime garbage: ['runs/T002/daemon.lock', 'runs/T002/runtime.log']
[2026-07-11T10:11:59Z] commit-checkpoint: sha=20dc2bc files=5 title='test(T002/workflow): tester — update 5 file(s)'
[2026-07-11T10:11:59Z] auto-run: auto-push triggered
[2026-07-11T10:11:59Z] push: tolerating runtime dirty files (not blocking): ['runs/T002/daemon.lock', 'runs/T002/runtime.log']
[2026-07-11T10:11:59Z] push: pushing branch=ticket/T002-create-cra-monthly-report-entity
[2026-07-11T10:12:00Z] push: done branch=ticket/T002-create-cra-monthly-report-entity
[2026-07-11T10:12:01Z] auto-run: TEST_COMPLETE — running PR lifecycle
