[2026-07-20T07:39:52Z] auto-run start: state=INIT
[2026-07-20T07:39:52Z] auto-run: running step=planner
[2026-07-20T07:39:52Z] prompt: resolved=prompts/generic/planner.md source=generic
[2026-07-20T07:39:52Z] prompt: generic fallback — injecting runs/T021/ticket.md
[2026-07-20T07:39:52Z] compose: global-context=docs/ai/global-context.md
[2026-07-20T07:39:52Z] compose: role=ai/roles/planner.md
[2026-07-20T07:39:52Z] compose: skill=ai/skills/workflow-discipline.md
[2026-07-20T07:39:52Z] compose: skill=ai/skills/architecture-discipline.md
[2026-07-20T07:39:52Z] compose: skill=ai/skills/documentation.md
[2026-07-20T07:39:52Z] compose: task (canonical prompt)
[2026-07-20T07:39:52Z] snapshot: runtime-prompt=runs/T021/prompts/planner-attempt-1.md
[2026-07-20T07:45:10Z] auto-run: step=planner done rc=0
[2026-07-20T07:57:14Z] auto-run start: state=INIT
[2026-07-20T07:57:14Z] auto-run: running step=planner
[2026-07-20T07:57:14Z] prompt: resolved=prompts/generic/planner.md source=generic
[2026-07-20T07:57:14Z] prompt: generic fallback — injecting runs/T021/ticket.md
[2026-07-20T07:57:14Z] compose: global-context=docs/ai/global-context.md
[2026-07-20T07:57:14Z] compose: role=ai/roles/planner.md
[2026-07-20T07:57:14Z] compose: skill=ai/skills/workflow-discipline.md
[2026-07-20T07:57:14Z] compose: skill=ai/skills/architecture-discipline.md
[2026-07-20T07:57:14Z] compose: skill=ai/skills/documentation.md
[2026-07-20T07:57:14Z] compose: task (canonical prompt)
[2026-07-20T07:57:14Z] snapshot: runtime-prompt=runs/T021/prompts/planner-attempt-2.md
[2026-07-20T08:00:33Z] auto-run: step=planner done rc=0
[2026-07-20T08:03:25Z] auto-run start: state=INIT
[2026-07-20T08:03:25Z] auto-run: running step=planner
[2026-07-20T08:03:25Z] prompt: resolved=prompts/generic/planner.md source=generic
[2026-07-20T08:03:25Z] prompt: generic fallback — injecting runs/T021/ticket.md
[2026-07-20T08:03:25Z] compose: global-context=docs/ai/global-context.md
[2026-07-20T08:03:25Z] compose: role=ai/roles/planner.md
[2026-07-20T08:03:25Z] compose: skill=ai/skills/workflow-discipline.md
[2026-07-20T08:03:25Z] compose: skill=ai/skills/architecture-discipline.md
[2026-07-20T08:03:25Z] compose: skill=ai/skills/documentation.md
[2026-07-20T08:03:25Z] compose: task (canonical prompt)
[2026-07-20T08:03:25Z] snapshot: runtime-prompt=runs/T021/prompts/planner-attempt-3.md
[2026-07-20T08:07:17Z] auto-run: step=planner done rc=0
[2026-07-20T08:10:51Z] auto-run start: state=INIT
[2026-07-20T08:10:51Z] auto-run: running step=planner
[2026-07-20T08:10:52Z] prompt: resolved=prompts/generic/planner.md source=generic
[2026-07-20T08:10:52Z] prompt: generic fallback — injecting runs/T021/ticket.md
[2026-07-20T08:10:52Z] compose: global-context=docs/ai/global-context.md
[2026-07-20T08:10:52Z] compose: role=ai/roles/planner.md
[2026-07-20T08:10:52Z] compose: skill=ai/skills/workflow-discipline.md
[2026-07-20T08:10:52Z] compose: skill=ai/skills/architecture-discipline.md
[2026-07-20T08:10:52Z] compose: skill=ai/skills/documentation.md
[2026-07-20T08:10:52Z] compose: task (canonical prompt)
[2026-07-20T08:10:52Z] snapshot: runtime-prompt=runs/T021/prompts/planner-attempt-4.md
[2026-07-20T08:15:37Z] auto-run: step=planner done rc=0
[2026-07-20T08:19:36Z] auto-run start: state=INIT
[2026-07-20T08:19:36Z] auto-run: running step=planner
[2026-07-20T08:19:36Z] prompt: resolved=prompts/generic/planner.md source=generic
[2026-07-20T08:19:36Z] prompt: generic fallback — injecting runs/T021/ticket.md
[2026-07-20T08:19:36Z] compose: global-context=docs/ai/global-context.md
[2026-07-20T08:19:36Z] compose: role=ai/roles/planner.md
[2026-07-20T08:19:36Z] compose: skill=ai/skills/workflow-discipline.md
[2026-07-20T08:19:36Z] compose: skill=ai/skills/architecture-discipline.md
[2026-07-20T08:19:36Z] compose: skill=ai/skills/documentation.md
[2026-07-20T08:19:36Z] compose: task (canonical prompt)
[2026-07-20T08:19:36Z] snapshot: runtime-prompt=runs/T021/prompts/planner-attempt-5.md
[2026-07-20T08:22:48Z] auto-run: step=planner done rc=0
[2026-07-20T08:25:51Z] auto-run start: state=INIT
[2026-07-20T08:25:51Z] auto-run: running step=planner
[2026-07-20T08:25:51Z] prompt: resolved=prompts/generic/planner.md source=generic
[2026-07-20T08:25:51Z] prompt: generic fallback — injecting runs/T021/ticket.md
[2026-07-20T08:25:51Z] compose: global-context=docs/ai/global-context.md
[2026-07-20T08:25:51Z] compose: role=ai/roles/planner.md
[2026-07-20T08:25:51Z] compose: skill=ai/skills/workflow-discipline.md
[2026-07-20T08:25:51Z] compose: skill=ai/skills/architecture-discipline.md
[2026-07-20T08:25:51Z] compose: skill=ai/skills/documentation.md
[2026-07-20T08:25:51Z] compose: task (canonical prompt)
[2026-07-20T08:25:51Z] snapshot: runtime-prompt=runs/T021/prompts/planner-attempt-6.md
[2026-07-20T08:29:47Z] auto-run: step=planner done rc=0
