[2026-07-11T15:00:06Z] auto-run start: state=INIT
[2026-07-11T15:00:06Z] auto-run: running step=planner
[2026-07-11T15:00:06Z] prompt: resolved=prompts/generic/planner.md source=generic
[2026-07-11T15:00:06Z] prompt: generic fallback — injecting runs/T011/ticket.md
[2026-07-11T15:00:06Z] compose: global-context=docs/ai/global-context.md
[2026-07-11T15:00:06Z] compose: role=ai/roles/planner.md
[2026-07-11T15:00:06Z] compose: skill=ai/skills/workflow-discipline.md
[2026-07-11T15:00:06Z] compose: skill=ai/skills/architecture-discipline.md
[2026-07-11T15:00:06Z] compose: skill=ai/skills/documentation.md
[2026-07-11T15:00:06Z] compose: task (canonical prompt)
[2026-07-11T15:00:06Z] snapshot: runtime-prompt=runs/T011/prompts/planner-attempt-1.md
[2026-07-11T15:03:20Z] auto-run: step=planner done rc=0
[2026-07-11T15:13:46Z] auto-run start: state=INIT
[2026-07-11T15:13:46Z] auto-run: running step=planner
[2026-07-11T15:13:46Z] prompt: resolved=prompts/generic/planner.md source=generic
[2026-07-11T15:13:46Z] prompt: generic fallback — injecting runs/T011/ticket.md
[2026-07-11T15:13:46Z] compose: global-context=docs/ai/global-context.md
[2026-07-11T15:13:46Z] compose: role=ai/roles/planner.md
[2026-07-11T15:13:46Z] compose: skill=ai/skills/workflow-discipline.md
[2026-07-11T15:13:46Z] compose: skill=ai/skills/architecture-discipline.md
[2026-07-11T15:13:46Z] compose: skill=ai/skills/documentation.md
[2026-07-11T15:13:46Z] compose: task (canonical prompt)
[2026-07-11T15:13:46Z] snapshot: runtime-prompt=runs/T011/prompts/planner-attempt-2.md
[2026-07-11T15:17:43Z] auto-run: step=planner done rc=0
[2026-07-11T15:24:42Z] auto-run start: state=INIT
[2026-07-11T15:24:42Z] auto-run: running step=planner
[2026-07-11T15:24:42Z] prompt: resolved=prompts/generic/planner.md source=generic
[2026-07-11T15:24:42Z] prompt: generic fallback — injecting runs/T011/ticket.md
[2026-07-11T15:24:42Z] compose: global-context=docs/ai/global-context.md
[2026-07-11T15:24:42Z] compose: role=ai/roles/planner.md
[2026-07-11T15:24:42Z] compose: skill=ai/skills/workflow-discipline.md
[2026-07-11T15:24:42Z] compose: skill=ai/skills/architecture-discipline.md
[2026-07-11T15:24:42Z] compose: skill=ai/skills/documentation.md
[2026-07-11T15:24:42Z] compose: task (canonical prompt)
[2026-07-11T15:24:42Z] snapshot: runtime-prompt=runs/T011/prompts/planner-attempt-3.md
[2026-07-11T15:29:58Z] auto-run: step=planner done rc=0
[2026-07-11T21:37:02Z] auto-run start: state=INIT
[2026-07-11T21:37:02Z] auto-run: running step=planner
[2026-07-11T21:37:02Z] prompt: resolved=prompts/generic/planner.md source=generic
[2026-07-11T21:37:02Z] prompt: generic fallback — injecting runs/T011/ticket.md
[2026-07-11T21:37:02Z] compose: global-context=docs/ai/global-context.md
[2026-07-11T21:37:02Z] compose: role=ai/roles/planner.md
[2026-07-11T21:37:02Z] compose: skill=ai/skills/workflow-discipline.md
[2026-07-11T21:37:02Z] compose: skill=ai/skills/architecture-discipline.md
[2026-07-11T21:37:02Z] compose: skill=ai/skills/documentation.md
[2026-07-11T21:37:02Z] compose: task (canonical prompt)
[2026-07-11T21:37:02Z] snapshot: runtime-prompt=runs/T011/prompts/planner-attempt-4.md
[2026-07-11T21:40:51Z] auto-run: step=planner done rc=0
[2026-07-11T21:55:28Z] auto-run start: state=INIT
[2026-07-11T21:55:28Z] auto-run: running step=planner
[2026-07-11T21:55:28Z] prompt: resolved=prompts/generic/planner.md source=generic
[2026-07-11T21:55:28Z] prompt: generic fallback — injecting runs/T011/ticket.md
[2026-07-11T21:55:28Z] compose: global-context=docs/ai/global-context.md
[2026-07-11T21:55:28Z] compose: role=ai/roles/planner.md
[2026-07-11T21:55:28Z] compose: skill=ai/skills/workflow-discipline.md
[2026-07-11T21:55:28Z] compose: skill=ai/skills/architecture-discipline.md
[2026-07-11T21:55:28Z] compose: skill=ai/skills/documentation.md
[2026-07-11T21:55:28Z] compose: task (canonical prompt)
[2026-07-11T21:55:28Z] snapshot: runtime-prompt=runs/T011/prompts/planner-attempt-5.md
[2026-07-11T21:58:20Z] auto-run: step=planner done rc=0
[2026-07-11T22:01:32Z] auto-run start: state=INIT
[2026-07-11T22:01:32Z] auto-run: running step=planner
[2026-07-11T22:01:32Z] prompt: resolved=prompts/generic/planner.md source=generic
[2026-07-11T22:01:32Z] prompt: generic fallback — injecting runs/T011/ticket.md
[2026-07-11T22:01:32Z] compose: global-context=docs/ai/global-context.md
[2026-07-11T22:01:32Z] compose: role=ai/roles/planner.md
[2026-07-11T22:01:32Z] compose: skill=ai/skills/workflow-discipline.md
[2026-07-11T22:01:32Z] compose: skill=ai/skills/architecture-discipline.md
[2026-07-11T22:01:32Z] compose: skill=ai/skills/documentation.md
[2026-07-11T22:01:32Z] compose: task (canonical prompt)
[2026-07-11T22:01:32Z] snapshot: runtime-prompt=runs/T011/prompts/planner-attempt-6.md
[2026-07-11T22:04:47Z] auto-run: step=planner done rc=0
[2026-07-11T22:07:37Z] auto-run start: state=INIT
[2026-07-11T22:07:37Z] auto-run: running step=planner
[2026-07-11T22:07:37Z] prompt: resolved=prompts/generic/planner.md source=generic
[2026-07-11T22:07:37Z] prompt: generic fallback — injecting runs/T011/ticket.md
[2026-07-11T22:07:37Z] compose: global-context=docs/ai/global-context.md
[2026-07-11T22:07:37Z] compose: role=ai/roles/planner.md
[2026-07-11T22:07:37Z] compose: skill=ai/skills/workflow-discipline.md
[2026-07-11T22:07:37Z] compose: skill=ai/skills/architecture-discipline.md
[2026-07-11T22:07:37Z] compose: skill=ai/skills/documentation.md
[2026-07-11T22:07:37Z] compose: task (canonical prompt)
[2026-07-11T22:07:37Z] snapshot: runtime-prompt=runs/T011/prompts/planner-attempt-7.md
[2026-07-11T22:12:04Z] auto-run: step=planner done rc=0
