[2026-07-11T09:57:49Z] auto-run start: state=INIT
[2026-07-11T09:57:49Z] auto-run: running step=planner
[2026-07-11T09:57:49Z] prompt: resolved=prompts/generic/planner.md source=generic
[2026-07-11T09:57:49Z] prompt: generic fallback — injecting runs/T005/ticket.md
[2026-07-11T09:57:49Z] compose: global-context=docs/ai/global-context.md
[2026-07-11T09:57:49Z] compose: role=ai/roles/planner.md
[2026-07-11T09:57:49Z] compose: skill=ai/skills/workflow-discipline.md
[2026-07-11T09:57:49Z] compose: skill=ai/skills/architecture-discipline.md
[2026-07-11T09:57:49Z] compose: skill=ai/skills/documentation.md
[2026-07-11T09:57:49Z] compose: task (canonical prompt)
[2026-07-11T09:57:49Z] snapshot: runtime-prompt=runs/T005/prompts/planner-attempt-1.md
[2026-07-11T09:59:20Z] auto-run: step=planner done rc=0
[2026-07-11T10:04:53Z] auto-run start: state=IMPLEMENTATION_APPROVED
[2026-07-11T10:04:53Z] auto-run: running step=tester
[2026-07-11T10:04:53Z] prompt: resolved=prompts/generic/tester.md source=generic
[2026-07-11T10:04:53Z] prompt: generic fallback — injecting runs/T005/ticket.md
[2026-07-11T10:04:53Z] compose: global-context=docs/ai/global-context.md
[2026-07-11T10:04:53Z] compose: role=ai/roles/tester.md
[2026-07-11T10:04:53Z] compose: skill=ai/skills/workflow-discipline.md
[2026-07-11T10:04:53Z] compose: skill=ai/skills/testing.md
[2026-07-11T10:04:53Z] compose: skill=ai/skills/debugging.md
[2026-07-11T10:04:53Z] compose: task (canonical prompt)
[2026-07-11T10:04:53Z] snapshot: runtime-prompt=runs/T005/prompts/tester-attempt-1.md
[2026-07-11T10:06:49Z] auto-run: step=tester done rc=0
[2026-07-11T10:06:49Z] auto-run: transition IMPLEMENTATION_APPROVED → TEST_COMPLETE
[2026-07-11T10:06:49Z] auto-run: auto-commit triggered (step=tester, include_code=True)
[2026-07-11T10:06:49Z] commit-checkpoint: unstaged runtime garbage: ['runs/T005/daemon.lock', 'runs/T005/runtime.log']
[2026-07-11T10:06:49Z] commit-checkpoint: sha=6d47762 files=4 title='test(T005/workflow): tester — update 4 file(s)'
[2026-07-11T10:06:49Z] auto-run: auto-push triggered
[2026-07-11T10:06:50Z] push: tolerating runtime dirty files (not blocking): ['runs/T005/daemon.lock', 'runs/T005/runtime.log']
[2026-07-11T10:06:50Z] push: pushing branch=ticket/T005-create-cra-dtos
[2026-07-11T10:06:51Z] push: done branch=ticket/T005-create-cra-dtos
[2026-07-11T10:06:52Z] auto-run: TEST_COMPLETE — running PR lifecycle
