[2026-07-12T09:43:41Z] auto-run start: state=INIT
[2026-07-12T09:43:41Z] auto-run: running step=planner
[2026-07-12T09:43:41Z] prompt: resolved=prompts/generic/planner.md source=generic
[2026-07-12T09:43:41Z] prompt: generic fallback — injecting runs/T025/ticket.md
[2026-07-12T09:43:41Z] compose: global-context=docs/ai/global-context.md
[2026-07-12T09:43:41Z] compose: role=ai/roles/planner.md
[2026-07-12T09:43:41Z] compose: skill=ai/skills/workflow-discipline.md
[2026-07-12T09:43:41Z] compose: skill=ai/skills/architecture-discipline.md
[2026-07-12T09:43:41Z] compose: skill=ai/skills/documentation.md
[2026-07-12T09:43:41Z] compose: task (canonical prompt)
[2026-07-12T09:43:41Z] snapshot: runtime-prompt=runs/T025/prompts/planner-attempt-1.md
[2026-07-12T09:46:18Z] auto-run: step=planner done rc=0
[2026-07-12T09:49:53Z] auto-run start: state=INIT
[2026-07-12T09:49:53Z] auto-run: running step=planner
[2026-07-12T09:49:53Z] prompt: resolved=prompts/generic/planner.md source=generic
[2026-07-12T09:49:53Z] prompt: generic fallback — injecting runs/T025/ticket.md
[2026-07-12T09:49:53Z] compose: global-context=docs/ai/global-context.md
[2026-07-12T09:49:53Z] compose: role=ai/roles/planner.md
[2026-07-12T09:49:53Z] compose: skill=ai/skills/workflow-discipline.md
[2026-07-12T09:49:53Z] compose: skill=ai/skills/architecture-discipline.md
[2026-07-12T09:49:53Z] compose: skill=ai/skills/documentation.md
[2026-07-12T09:49:53Z] compose: task (canonical prompt)
[2026-07-12T09:49:53Z] snapshot: runtime-prompt=runs/T025/prompts/planner-attempt-2.md
[2026-07-12T09:54:27Z] auto-run: step=planner done rc=0
[2026-07-12T09:57:08Z] auto-run start: state=INIT
[2026-07-12T09:57:08Z] auto-run: running step=planner
[2026-07-12T09:57:08Z] prompt: resolved=prompts/generic/planner.md source=generic
[2026-07-12T09:57:08Z] prompt: generic fallback — injecting runs/T025/ticket.md
[2026-07-12T09:57:08Z] compose: global-context=docs/ai/global-context.md
[2026-07-12T09:57:08Z] compose: role=ai/roles/planner.md
[2026-07-12T09:57:08Z] compose: skill=ai/skills/workflow-discipline.md
[2026-07-12T09:57:08Z] compose: skill=ai/skills/architecture-discipline.md
[2026-07-12T09:57:08Z] compose: skill=ai/skills/documentation.md
[2026-07-12T09:57:08Z] compose: task (canonical prompt)
[2026-07-12T09:57:08Z] snapshot: runtime-prompt=runs/T025/prompts/planner-attempt-3.md
[2026-07-12T10:01:59Z] auto-run: step=planner done rc=0
[2026-07-12T10:05:48Z] auto-run start: state=INIT
[2026-07-12T10:05:48Z] auto-run: running step=planner
[2026-07-12T10:05:48Z] prompt: resolved=prompts/generic/planner.md source=generic
[2026-07-12T10:05:48Z] prompt: generic fallback — injecting runs/T025/ticket.md
[2026-07-12T10:05:48Z] compose: global-context=docs/ai/global-context.md
[2026-07-12T10:05:48Z] compose: role=ai/roles/planner.md
[2026-07-12T10:05:48Z] compose: skill=ai/skills/workflow-discipline.md
[2026-07-12T10:05:48Z] compose: skill=ai/skills/architecture-discipline.md
[2026-07-12T10:05:48Z] compose: skill=ai/skills/documentation.md
[2026-07-12T10:05:48Z] compose: task (canonical prompt)
[2026-07-12T10:05:48Z] snapshot: runtime-prompt=runs/T025/prompts/planner-attempt-4.md
[2026-07-12T10:09:57Z] auto-run: step=planner done rc=0
