[2026-07-10T15:08:33Z] auto-run start: state=INIT
[2026-07-10T15:08:33Z] auto-run: running step=planner
[2026-07-10T15:08:33Z] prompt: resolved=prompts/generic/planner.md source=generic
[2026-07-10T15:08:33Z] prompt: generic fallback — injecting runs/T010/ticket.md
[2026-07-10T15:08:33Z] compose: global-context=docs/ai/global-context.md
[2026-07-10T15:08:33Z] compose: role=ai/roles/planner.md
[2026-07-10T15:08:33Z] compose: skill=ai/skills/workflow-discipline.md
[2026-07-10T15:08:33Z] compose: skill=ai/skills/architecture-discipline.md
[2026-07-10T15:08:33Z] compose: skill=ai/skills/documentation.md
[2026-07-10T15:08:33Z] compose: task (canonical prompt)
[2026-07-10T15:08:33Z] snapshot: runtime-prompt=runs/T010/prompts/planner-attempt-1.md
[2026-07-10T15:09:14Z] auto-run: step=planner done rc=0
[2026-07-10T15:15:42Z] auto-run start: state=IMPLEMENTATION_APPROVED
[2026-07-10T15:15:42Z] auto-run: running step=tester
[2026-07-10T15:15:42Z] prompt: resolved=prompts/generic/tester.md source=generic
[2026-07-10T15:15:42Z] prompt: generic fallback — injecting runs/T010/ticket.md
[2026-07-10T15:15:42Z] compose: global-context=docs/ai/global-context.md
[2026-07-10T15:15:42Z] compose: role=ai/roles/tester.md
[2026-07-10T15:15:42Z] compose: skill=ai/skills/workflow-discipline.md
[2026-07-10T15:15:42Z] compose: skill=ai/skills/testing.md
[2026-07-10T15:15:42Z] compose: skill=ai/skills/debugging.md
[2026-07-10T15:15:42Z] compose: task (canonical prompt)
[2026-07-10T15:15:42Z] snapshot: runtime-prompt=runs/T010/prompts/tester-attempt-1.md
[2026-07-10T15:18:31Z] auto-run: step=tester done rc=0
[2026-07-10T15:18:31Z] auto-run: transition IMPLEMENTATION_APPROVED → TEST_COMPLETE
[2026-07-10T15:18:31Z] auto-run: auto-commit triggered (step=tester, include_code=True)
[2026-07-10T15:18:31Z] commit-checkpoint: unstaged runtime garbage: ['runs/T010/daemon.lock', 'runs/T010/runtime.log']
[2026-07-10T15:18:31Z] commit-checkpoint: sha=b5c7a59 files=4 title='test(T010/workflow): tester — update 4 file(s)'
[2026-07-10T15:18:31Z] auto-run: auto-push triggered
[2026-07-10T15:18:31Z] push: tolerating runtime dirty files (not blocking): ['runs/T010/daemon.lock', 'runs/T010/runtime.log']
[2026-07-10T15:18:31Z] push: pushing branch=ticket/T010-bootstrap-react-frontend
[2026-07-10T15:18:33Z] push: done branch=ticket/T010-bootstrap-react-frontend
[2026-07-10T15:18:34Z] auto-run: TEST_COMPLETE — running PR lifecycle
