[2026-07-10T15:08:35Z] auto-run start: state=INIT
[2026-07-10T15:08:35Z] auto-run: running step=planner
[2026-07-10T15:08:35Z] prompt: resolved=prompts/generic/planner.md source=generic
[2026-07-10T15:08:35Z] prompt: generic fallback — injecting runs/T009/ticket.md
[2026-07-10T15:08:35Z] compose: global-context=docs/ai/global-context.md
[2026-07-10T15:08:35Z] compose: role=ai/roles/planner.md
[2026-07-10T15:08:35Z] compose: skill=ai/skills/workflow-discipline.md
[2026-07-10T15:08:35Z] compose: skill=ai/skills/architecture-discipline.md
[2026-07-10T15:08:35Z] compose: skill=ai/skills/documentation.md
[2026-07-10T15:08:35Z] compose: task (canonical prompt)
[2026-07-10T15:08:35Z] snapshot: runtime-prompt=runs/T009/prompts/planner-attempt-1.md
[2026-07-10T15:09:12Z] auto-run: step=planner done rc=0
[2026-07-10T15:21:36Z] auto-run start: state=IMPLEMENTATION_APPROVED
[2026-07-10T15:21:36Z] auto-run: running step=tester
[2026-07-10T15:21:36Z] prompt: resolved=prompts/generic/tester.md source=generic
[2026-07-10T15:21:36Z] prompt: generic fallback — injecting runs/T009/ticket.md
[2026-07-10T15:21:36Z] compose: global-context=docs/ai/global-context.md
[2026-07-10T15:21:36Z] compose: role=ai/roles/tester.md
[2026-07-10T15:21:36Z] compose: skill=ai/skills/workflow-discipline.md
[2026-07-10T15:21:36Z] compose: skill=ai/skills/testing.md
[2026-07-10T15:21:36Z] compose: skill=ai/skills/debugging.md
[2026-07-10T15:21:36Z] compose: task (canonical prompt)
[2026-07-10T15:21:36Z] snapshot: runtime-prompt=runs/T009/prompts/tester-attempt-1.md
[2026-07-10T15:25:44Z] auto-run: step=tester done rc=0
[2026-07-10T15:25:44Z] auto-run: transition IMPLEMENTATION_APPROVED → TEST_COMPLETE
[2026-07-10T15:25:44Z] auto-run: auto-commit triggered (step=tester, include_code=True)
[2026-07-10T15:25:44Z] commit-checkpoint: unstaged runtime garbage: ['runs/T009/daemon.lock', 'runs/T009/runtime.log']
[2026-07-10T15:25:44Z] commit-checkpoint: sha=cb5f84d files=5 title='test(T009/workflow): tester — update 5 file(s)'
[2026-07-10T15:25:44Z] auto-run: auto-push triggered
[2026-07-10T15:25:45Z] push: tolerating runtime dirty files (not blocking): ['runs/T009/daemon.lock', 'runs/T009/runtime.log']
[2026-07-10T15:25:45Z] push: pushing branch=ticket/T009-bootstrap-spring-boot-backend
[2026-07-10T15:25:46Z] push: done branch=ticket/T009-bootstrap-spring-boot-backend
[2026-07-10T15:25:47Z] auto-run: TEST_COMPLETE — running PR lifecycle
