[2026-07-11T09:57:51Z] auto-run start: state=INIT
[2026-07-11T09:57:51Z] auto-run: running step=planner
[2026-07-11T09:57:51Z] prompt: resolved=prompts/generic/planner.md source=generic
[2026-07-11T09:57:51Z] prompt: generic fallback — injecting runs/T030/ticket.md
[2026-07-11T09:57:51Z] compose: global-context=docs/ai/global-context.md
[2026-07-11T09:57:51Z] compose: role=ai/roles/planner.md
[2026-07-11T09:57:51Z] compose: skill=ai/skills/workflow-discipline.md
[2026-07-11T09:57:51Z] compose: skill=ai/skills/architecture-discipline.md
[2026-07-11T09:57:51Z] compose: skill=ai/skills/documentation.md
[2026-07-11T09:57:51Z] compose: task (canonical prompt)
[2026-07-11T09:57:51Z] snapshot: runtime-prompt=runs/T030/prompts/planner-attempt-1.md
[2026-07-11T10:00:06Z] auto-run: step=planner done rc=0
[2026-07-11T10:07:17Z] auto-run start: state=IMPLEMENTATION_APPROVED
[2026-07-11T10:07:17Z] auto-run: running step=tester
[2026-07-11T10:07:17Z] prompt: resolved=prompts/generic/tester.md source=generic
[2026-07-11T10:07:17Z] prompt: generic fallback — injecting runs/T030/ticket.md
[2026-07-11T10:07:17Z] compose: global-context=docs/ai/global-context.md
[2026-07-11T10:07:17Z] compose: role=ai/roles/tester.md
[2026-07-11T10:07:17Z] compose: skill=ai/skills/workflow-discipline.md
[2026-07-11T10:07:17Z] compose: skill=ai/skills/testing.md
[2026-07-11T10:07:17Z] compose: skill=ai/skills/debugging.md
[2026-07-11T10:07:17Z] compose: task (canonical prompt)
[2026-07-11T10:07:17Z] snapshot: runtime-prompt=runs/T030/prompts/tester-attempt-1.md
[2026-07-11T10:08:44Z] auto-run: step=tester done rc=0
[2026-07-11T10:08:44Z] auto-run: transition IMPLEMENTATION_APPROVED → TEST_COMPLETE
[2026-07-11T10:08:44Z] auto-run: auto-commit triggered (step=tester, include_code=True)
[2026-07-11T10:08:44Z] commit-checkpoint: unstaged runtime garbage: ['runs/T030/daemon.lock', 'runs/T030/runtime.log']
[2026-07-11T10:08:44Z] commit-checkpoint: sha=decbb17 files=4 title='test(T030/workflow): tester — update 4 file(s)'
[2026-07-11T10:08:44Z] auto-run: auto-push triggered
[2026-07-11T10:08:44Z] push: tolerating runtime dirty files (not blocking): ['runs/T030/daemon.lock', 'runs/T030/runtime.log']
[2026-07-11T10:08:44Z] push: pushing branch=ticket/T030-document-local-development-workflow
[2026-07-11T10:08:46Z] push: done branch=ticket/T030-document-local-development-workflow
[2026-07-11T10:08:46Z] auto-run: TEST_COMPLETE — running PR lifecycle
