[2026-07-12T00:24:16Z] auto-run start: state=INIT
[2026-07-12T00:24:16Z] auto-run: running step=planner
[2026-07-12T00:24:16Z] prompt: resolved=prompts/generic/planner.md source=generic
[2026-07-12T00:24:16Z] prompt: generic fallback — injecting runs/T017/ticket.md
[2026-07-12T00:24:16Z] compose: global-context=docs/ai/global-context.md
[2026-07-12T00:24:16Z] compose: role=ai/roles/planner.md
[2026-07-12T00:24:16Z] compose: skill=ai/skills/workflow-discipline.md
[2026-07-12T00:24:16Z] compose: skill=ai/skills/architecture-discipline.md
[2026-07-12T00:24:16Z] compose: skill=ai/skills/documentation.md
[2026-07-12T00:24:16Z] compose: task (canonical prompt)
[2026-07-12T00:24:16Z] snapshot: runtime-prompt=runs/T017/prompts/planner-attempt-1.md
[2026-07-12T00:27:59Z] auto-run: step=planner done rc=0
[2026-07-12T00:50:42Z] auto-run start: state=INIT
[2026-07-12T00:50:42Z] auto-run: running step=planner
[2026-07-12T00:50:42Z] prompt: resolved=prompts/generic/planner.md source=generic
[2026-07-12T00:50:42Z] prompt: generic fallback — injecting runs/T017/ticket.md
[2026-07-12T00:50:42Z] compose: global-context=docs/ai/global-context.md
[2026-07-12T00:50:42Z] compose: role=ai/roles/planner.md
[2026-07-12T00:50:42Z] compose: skill=ai/skills/workflow-discipline.md
[2026-07-12T00:50:42Z] compose: skill=ai/skills/architecture-discipline.md
[2026-07-12T00:50:42Z] compose: skill=ai/skills/documentation.md
[2026-07-12T00:50:42Z] compose: task (canonical prompt)
[2026-07-12T00:50:42Z] snapshot: runtime-prompt=runs/T017/prompts/planner-attempt-2.md
[2026-07-12T00:53:27Z] auto-run: step=planner done rc=0
[2026-07-12T07:22:14Z] auto-run start: state=INIT
[2026-07-12T07:22:14Z] auto-run: running step=planner
[2026-07-12T07:22:14Z] prompt: resolved=prompts/generic/planner.md source=generic
[2026-07-12T07:22:14Z] prompt: generic fallback — injecting runs/T017/ticket.md
[2026-07-12T07:22:14Z] compose: global-context=docs/ai/global-context.md
[2026-07-12T07:22:14Z] compose: role=ai/roles/planner.md
[2026-07-12T07:22:14Z] compose: skill=ai/skills/workflow-discipline.md
[2026-07-12T07:22:14Z] compose: skill=ai/skills/architecture-discipline.md
[2026-07-12T07:22:14Z] compose: skill=ai/skills/documentation.md
[2026-07-12T07:22:14Z] compose: task (canonical prompt)
[2026-07-12T07:22:14Z] snapshot: runtime-prompt=runs/T017/prompts/planner-attempt-3.md
[2026-07-12T07:27:26Z] auto-run: step=planner done rc=0
[2026-07-12T07:30:40Z] auto-run start: state=INIT
[2026-07-12T07:30:40Z] auto-run: running step=planner
[2026-07-12T07:30:40Z] prompt: resolved=prompts/generic/planner.md source=generic
[2026-07-12T07:30:40Z] prompt: generic fallback — injecting runs/T017/ticket.md
[2026-07-12T07:30:40Z] compose: global-context=docs/ai/global-context.md
[2026-07-12T07:30:40Z] compose: role=ai/roles/planner.md
[2026-07-12T07:30:40Z] compose: skill=ai/skills/workflow-discipline.md
[2026-07-12T07:30:40Z] compose: skill=ai/skills/architecture-discipline.md
[2026-07-12T07:30:40Z] compose: skill=ai/skills/documentation.md
[2026-07-12T07:30:40Z] compose: task (canonical prompt)
[2026-07-12T07:30:40Z] snapshot: runtime-prompt=runs/T017/prompts/planner-attempt-4.md
[2026-07-12T07:35:54Z] auto-run: step=planner done rc=0
[2026-07-12T07:39:06Z] auto-run start: state=INIT
[2026-07-12T07:39:06Z] auto-run: running step=planner
[2026-07-12T07:39:06Z] prompt: resolved=prompts/generic/planner.md source=generic
[2026-07-12T07:39:06Z] prompt: generic fallback — injecting runs/T017/ticket.md
[2026-07-12T07:39:06Z] compose: global-context=docs/ai/global-context.md
[2026-07-12T07:39:06Z] compose: role=ai/roles/planner.md
[2026-07-12T07:39:06Z] compose: skill=ai/skills/workflow-discipline.md
[2026-07-12T07:39:06Z] compose: skill=ai/skills/architecture-discipline.md
[2026-07-12T07:39:06Z] compose: skill=ai/skills/documentation.md
[2026-07-12T07:39:06Z] compose: task (canonical prompt)
[2026-07-12T07:39:06Z] snapshot: runtime-prompt=runs/T017/prompts/planner-attempt-5.md
[2026-07-12T07:43:20Z] auto-run: step=planner done rc=0
[2026-07-12T08:02:07Z] conflict-resolver: git rebase origin/main exit=1
[2026-07-12T08:02:07Z] conflict-resolver: conflicts detected: ['backend/target/classes/com/timizerlike/backend/cra/web/CraApiExceptionHandler.class', 'backend/target/maven-status/maven-compiler-plugin/compile/default-compile/createdFiles.lst', 'backend/target/maven-status/maven-compiler-plugin/compile/default-compile/inputFiles.lst', 'backend/target/maven-status/maven-compiler-plugin/testCompile/default-testCompile/createdFiles.lst', 'backend/target/maven-status/maven-compiler-plugin/testCompile/default-testCompile/inputFiles.lst', 'backend/target/surefire-reports/TEST-com.timizer.backend.cra.CraDayEntryTest.xml', 'backend/target/surefire-reports/TEST-com.timizer.backend.cra.CraDayEntryUpdateWorkValueTest.xml', 'backend/target/surefire-reports/TEST-com.timizer.backend.cra.CraTotalCalculationServiceTest.xml', 'backend/target/surefire-reports/TEST-com.timizer.backend.cra.MonthlyCraCreationServiceTest.xml', 'backend/target/surefire-reports/TEST-com.timizer.backend.cra.MonthlyCraReportPersistenceTest.xml', 'backend/target/surefire-reports/TEST-com.timizer.backend.cra.MonthlyCraReportRepositoryTest.xml', 'backend/target/surefire-reports/TEST-com.timizer.backend.cra.MonthlyCraReportTest.xml', 'backend/target/surefire-reports/TEST-com.timizer.backend.cra.api.CraControllerTest.xml', 'backend/target/surefire-reports/TEST-com.timizerlike.backend.cra.dto.CraDtoTest.xml', 'backend/target/surefire-reports/TEST-com.timizerlike.backend.cra.web.CraDayControllerTest.xml', 'backend/target/surefire-reports/TEST-com.timizerlike.backend.cra.web.CraValidationControllerTest.xml', 'backend/target/surefire-reports/TEST-com.timizerlike.cra.pdf.CraPdfGeneratorTest.xml', 'backend/target/surefire-reports/TEST-com.timizerlike.cra.pdf.model.CraPdfDocumentTest.xml', 'backend/target/surefire-reports/TEST-com.timizerlike.cra.service.CraCreationServiceTest.xml', 'backend/target/surefire-reports/TEST-com.timizerlike.cra.service.CraDayUpdateServiceTest.xml', 'backend/target/surefire-reports/TEST-com.timizerlike.cra.service.CraValidationServiceTest.xml', 'backend/target/surefire-reports/com.timizer.backend.cra.MonthlyCraCreationServiceTest.txt', 'backend/target/surefire-reports/com.timizer.backend.cra.MonthlyCraReportPersistenceTest.txt', 'backend/target/surefire-reports/com.timizer.backend.cra.MonthlyCraReportRepositoryTest.txt', 'backend/target/surefire-reports/com.timizer.backend.cra.MonthlyCraReportTest.txt', 'backend/target/surefire-reports/com.timizer.backend.cra.api.CraControllerTest.txt', 'backend/target/surefire-reports/com.timizerlike.backend.cra.dto.CraDtoTest.txt', 'backend/target/surefire-reports/com.timizerlike.backend.cra.web.CraDayControllerTest.txt', 'backend/target/surefire-reports/com.timizerlike.backend.cra.web.CraValidationControllerTest.txt', 'backend/target/surefire-reports/com.timizerlike.cra.service.CraValidationServiceTest.txt']
[2026-07-12T08:02:07Z] conflict-resolver: [pass 1/3] start conflicted=['backend/target/classes/com/timizerlike/backend/cra/web/CraApiExceptionHandler.class', 'backend/target/maven-status/maven-compiler-plugin/compile/default-compile/createdFiles.lst', 'backend/target/maven-status/maven-compiler-plugin/compile/default-compile/inputFiles.lst', 'backend/target/maven-status/maven-compiler-plugin/testCompile/default-testCompile/createdFiles.lst', 'backend/target/maven-status/maven-compiler-plugin/testCompile/default-testCompile/inputFiles.lst', 'backend/target/surefire-reports/TEST-com.timizer.backend.cra.CraDayEntryTest.xml', 'backend/target/surefire-reports/TEST-com.timizer.backend.cra.CraDayEntryUpdateWorkValueTest.xml', 'backend/target/surefire-reports/TEST-com.timizer.backend.cra.CraTotalCalculationServiceTest.xml', 'backend/target/surefire-reports/TEST-com.timizer.backend.cra.MonthlyCraCreationServiceTest.xml', 'backend/target/surefire-reports/TEST-com.timizer.backend.cra.MonthlyCraReportPersistenceTest.xml', 'backend/target/surefire-reports/TEST-com.timizer.backend.cra.MonthlyCraReportRepositoryTest.xml', 'backend/target/surefire-reports/TEST-com.timizer.backend.cra.MonthlyCraReportTest.xml', 'backend/target/surefire-reports/TEST-com.timizer.backend.cra.api.CraControllerTest.xml', 'backend/target/surefire-reports/TEST-com.timizerlike.backend.cra.dto.CraDtoTest.xml', 'backend/target/surefire-reports/TEST-com.timizerlike.backend.cra.web.CraDayControllerTest.xml', 'backend/target/surefire-reports/TEST-com.timizerlike.backend.cra.web.CraValidationControllerTest.xml', 'backend/target/surefire-reports/TEST-com.timizerlike.cra.pdf.CraPdfGeneratorTest.xml', 'backend/target/surefire-reports/TEST-com.timizerlike.cra.pdf.model.CraPdfDocumentTest.xml', 'backend/target/surefire-reports/TEST-com.timizerlike.cra.service.CraCreationServiceTest.xml', 'backend/target/surefire-reports/TEST-com.timizerlike.cra.service.CraDayUpdateServiceTest.xml', 'backend/target/surefire-reports/TEST-com.timizerlike.cra.service.CraValidationServiceTest.xml', 'backend/target/surefire-reports/com.timizer.backend.cra.MonthlyCraCreationServiceTest.txt', 'backend/target/surefire-reports/com.timizer.backend.cra.MonthlyCraReportPersistenceTest.txt', 'backend/target/surefire-reports/com.timizer.backend.cra.MonthlyCraReportRepositoryTest.txt', 'backend/target/surefire-reports/com.timizer.backend.cra.MonthlyCraReportTest.txt', 'backend/target/surefire-reports/com.timizer.backend.cra.api.CraControllerTest.txt', 'backend/target/surefire-reports/com.timizerlike.backend.cra.dto.CraDtoTest.txt', 'backend/target/surefire-reports/com.timizerlike.backend.cra.web.CraDayControllerTest.txt', 'backend/target/surefire-reports/com.timizerlike.backend.cra.web.CraValidationControllerTest.txt', 'backend/target/surefire-reports/com.timizerlike.cra.service.CraValidationServiceTest.txt', 'runs/T007/state.json', 'runs/T011/conflict/context.md', 'runs/T011/prompts/conflict-resolver-attempt-1.md', 'runs/T012/conflict/context.md', 'runs/T012/prompts/conflict-resolver-attempt-1.md', 'runs/T014/conflict/context.md', 'runs/T014/prompts/conflict-resolver-attempt-1.md', 'runs/T014/runtime.log', 'runs/T016/conflict/context.md', 'runs/T016/prompts/conflict-resolver-attempt-1.md', 'runs/T016/prompts/conflict-resolver-attempt-2.md', 'runs/T016/prompts/conflict-resolver-attempt-3.md']
[2026-07-12T08:02:10Z] conflict-resolver: context written: runs/T017/conflict/context.md
[2026-07-12T08:02:10Z] compose: global-context=docs/ai/global-context.md
[2026-07-12T08:02:10Z] compose: role=ai/roles/conflict-resolver.md
[2026-07-12T08:02:10Z] compose: skill=ai/skills/workflow-discipline.md
[2026-07-12T08:02:10Z] compose: skill=ai/skills/git-discipline.md
[2026-07-12T08:02:10Z] compose: skill=ai/skills/code-quality.md
[2026-07-12T08:02:10Z] compose: skill=ai/skills/refactor-safety.md
[2026-07-12T08:02:10Z] compose: task (canonical prompt)
[2026-07-12T08:02:10Z] conflict-resolver: prompt snapshot: runs/T017/prompts/conflict-resolver-attempt-1.md
[2026-07-12T08:02:10Z] conflict-resolver: invoking AI resolver pass 1
