[2026-07-11T10:13:16Z] auto-run start: state=INIT
[2026-07-11T10:13:16Z] auto-run: running step=planner
[2026-07-11T10:13:16Z] prompt: resolved=prompts/generic/planner.md source=generic
[2026-07-11T10:13:16Z] prompt: generic fallback — injecting runs/T015/ticket.md
[2026-07-11T10:13:16Z] compose: global-context=docs/ai/global-context.md
[2026-07-11T10:13:16Z] compose: role=ai/roles/planner.md
[2026-07-11T10:13:16Z] compose: skill=ai/skills/workflow-discipline.md
[2026-07-11T10:13:16Z] compose: skill=ai/skills/architecture-discipline.md
[2026-07-11T10:13:16Z] compose: skill=ai/skills/documentation.md
[2026-07-11T10:13:16Z] compose: task (canonical prompt)
[2026-07-11T10:13:16Z] snapshot: runtime-prompt=runs/T015/prompts/planner-attempt-1.md
[2026-07-11T10:14:45Z] auto-run: step=planner done rc=0
[2026-07-11T10:23:58Z] auto-run start: state=IMPLEMENTATION_APPROVED
[2026-07-11T10:23:58Z] auto-run: running step=tester
[2026-07-11T10:23:58Z] prompt: resolved=prompts/generic/tester.md source=generic
[2026-07-11T10:23:58Z] prompt: generic fallback — injecting runs/T015/ticket.md
[2026-07-11T10:23:58Z] compose: global-context=docs/ai/global-context.md
[2026-07-11T10:23:58Z] compose: role=ai/roles/tester.md
[2026-07-11T10:23:58Z] compose: skill=ai/skills/workflow-discipline.md
[2026-07-11T10:23:58Z] compose: skill=ai/skills/testing.md
[2026-07-11T10:23:58Z] compose: skill=ai/skills/debugging.md
[2026-07-11T10:23:58Z] compose: task (canonical prompt)
[2026-07-11T10:23:58Z] snapshot: runtime-prompt=runs/T015/prompts/tester-attempt-1.md
[2026-07-11T10:27:15Z] auto-run: step=tester done rc=0
[2026-07-11T10:27:15Z] auto-run: transition IMPLEMENTATION_APPROVED → TEST_COMPLETE
[2026-07-11T10:27:15Z] auto-run: auto-commit triggered (step=tester, include_code=True)
[2026-07-11T10:27:15Z] commit-checkpoint: unstaged runtime garbage: ['runs/T015/daemon.lock', 'runs/T015/runtime.log']
[2026-07-11T10:27:15Z] commit-checkpoint: sha=f986c7b files=5 title='test(T015/workflow): tester — update 5 file(s)'
[2026-07-11T10:27:15Z] auto-run: auto-push triggered
[2026-07-11T10:27:15Z] push: tolerating runtime dirty files (not blocking): ['runs/T015/daemon.lock', 'runs/T015/runtime.log']
[2026-07-11T10:27:15Z] push: pushing branch=ticket/T015-create-pdf-data-model
[2026-07-11T10:27:17Z] push: done branch=ticket/T015-create-pdf-data-model
[2026-07-11T10:27:17Z] auto-run: TEST_COMPLETE — running PR lifecycle
