[2026-07-10T15:08:31Z] auto-run start: state=INIT
[2026-07-10T15:08:31Z] auto-run: running step=planner
[2026-07-10T15:08:32Z] prompt: resolved=prompts/generic/planner.md source=generic
[2026-07-10T15:08:32Z] prompt: generic fallback — injecting runs/T001/ticket.md
[2026-07-10T15:08:32Z] compose: global-context=docs/ai/global-context.md
[2026-07-10T15:08:32Z] compose: role=ai/roles/planner.md
[2026-07-10T15:08:32Z] compose: skill=ai/skills/workflow-discipline.md
[2026-07-10T15:08:32Z] compose: skill=ai/skills/architecture-discipline.md
[2026-07-10T15:08:32Z] compose: skill=ai/skills/documentation.md
[2026-07-10T15:08:32Z] compose: task (canonical prompt)
[2026-07-10T15:08:32Z] snapshot: runtime-prompt=runs/T001/prompts/planner-attempt-1.md
[2026-07-10T15:09:34Z] auto-run: step=planner done rc=0
[2026-07-10T20:33:44Z] auto-run start: state=IMPLEMENTATION_APPROVED
[2026-07-10T20:33:44Z] auto-run: running step=tester
[2026-07-10T20:33:44Z] prompt: resolved=prompts/generic/tester.md source=generic
[2026-07-10T20:33:44Z] prompt: generic fallback — injecting runs/T001/ticket.md
[2026-07-10T20:33:44Z] compose: global-context=docs/ai/global-context.md
[2026-07-10T20:33:44Z] compose: role=ai/roles/tester.md
[2026-07-10T20:33:44Z] compose: skill=ai/skills/workflow-discipline.md
[2026-07-10T20:33:44Z] compose: skill=ai/skills/testing.md
[2026-07-10T20:33:44Z] compose: skill=ai/skills/debugging.md
[2026-07-10T20:33:44Z] compose: task (canonical prompt)
[2026-07-10T20:33:44Z] snapshot: runtime-prompt=runs/T001/prompts/tester-attempt-5.md
[2026-07-10T20:36:16Z] auto-run: step=tester done rc=0
[2026-07-10T20:36:16Z] auto-run: transition IMPLEMENTATION_APPROVED → TEST_COMPLETE
[2026-07-10T20:36:16Z] auto-run: auto-commit triggered (step=tester, include_code=True)
[2026-07-10T20:36:16Z] commit-checkpoint: unstaged runtime garbage: ['runs/T001/daemon.lock', 'runs/T001/runtime.log']
[2026-07-10T20:36:16Z] commit-checkpoint: sha=430748d files=4 title='test(T001/workflow): tester — update 4 file(s)'
[2026-07-10T20:36:16Z] auto-run: auto-push triggered
[2026-07-10T20:36:16Z] push: tolerating runtime dirty files (not blocking): ['runs/T001/daemon.lock', 'runs/T001/runtime.log']
[2026-07-10T20:36:16Z] push: pushing branch=ticket/T001-configure-local-sqlite-database
[2026-07-10T20:36:18Z] push: done branch=ticket/T001-configure-local-sqlite-database
[2026-07-10T20:36:18Z] auto-run: TEST_COMPLETE — running PR lifecycle
