[2026-07-20T13:06:23Z] auto-run start: state=INIT
[2026-07-20T13:06:23Z] auto-run: running step=planner
[2026-07-20T13:06:23Z] prompt: resolved=prompts/generic/planner.md source=generic
[2026-07-20T13:06:23Z] prompt: generic fallback — injecting runs/T024/ticket.md
[2026-07-20T13:06:23Z] compose: global-context=docs/ai/global-context.md
[2026-07-20T13:06:23Z] compose: role=ai/roles/planner.md
[2026-07-20T13:06:23Z] compose: skill=ai/skills/workflow-discipline.md
[2026-07-20T13:06:23Z] compose: skill=ai/skills/architecture-discipline.md
[2026-07-20T13:06:23Z] compose: skill=ai/skills/documentation.md
[2026-07-20T13:06:23Z] compose: task (canonical prompt)
[2026-07-20T13:06:23Z] snapshot: runtime-prompt=runs/T024/prompts/planner-attempt-1.md
[2026-07-20T13:09:53Z] auto-run: step=planner done rc=0
[2026-07-20T13:12:43Z] auto-run start: state=INIT
[2026-07-20T13:12:43Z] auto-run: running step=planner
[2026-07-20T13:12:43Z] prompt: resolved=prompts/generic/planner.md source=generic
[2026-07-20T13:12:43Z] prompt: generic fallback — injecting runs/T024/ticket.md
[2026-07-20T13:12:43Z] compose: global-context=docs/ai/global-context.md
[2026-07-20T13:12:43Z] compose: role=ai/roles/planner.md
[2026-07-20T13:12:43Z] compose: skill=ai/skills/workflow-discipline.md
[2026-07-20T13:12:43Z] compose: skill=ai/skills/architecture-discipline.md
[2026-07-20T13:12:43Z] compose: skill=ai/skills/documentation.md
[2026-07-20T13:12:43Z] compose: task (canonical prompt)
[2026-07-20T13:12:43Z] snapshot: runtime-prompt=runs/T024/prompts/planner-attempt-2.md
[2026-07-20T13:15:29Z] auto-run: step=planner done rc=0
[2026-07-20T13:19:00Z] auto-run start: state=INIT
[2026-07-20T13:19:00Z] auto-run: running step=planner
[2026-07-20T13:19:00Z] prompt: resolved=prompts/generic/planner.md source=generic
[2026-07-20T13:19:00Z] prompt: generic fallback — injecting runs/T024/ticket.md
[2026-07-20T13:19:00Z] compose: global-context=docs/ai/global-context.md
[2026-07-20T13:19:00Z] compose: role=ai/roles/planner.md
[2026-07-20T13:19:00Z] compose: skill=ai/skills/workflow-discipline.md
[2026-07-20T13:19:00Z] compose: skill=ai/skills/architecture-discipline.md
[2026-07-20T13:19:00Z] compose: skill=ai/skills/documentation.md
[2026-07-20T13:19:00Z] compose: task (canonical prompt)
[2026-07-20T13:19:00Z] snapshot: runtime-prompt=runs/T024/prompts/planner-attempt-3.md
[2026-07-20T13:24:49Z] auto-run: step=planner done rc=0
[2026-07-20T13:27:48Z] auto-run start: state=INIT
[2026-07-20T13:27:48Z] auto-run: running step=planner
[2026-07-20T13:27:48Z] prompt: resolved=prompts/generic/planner.md source=generic
[2026-07-20T13:27:48Z] prompt: generic fallback — injecting runs/T024/ticket.md
[2026-07-20T13:27:48Z] compose: global-context=docs/ai/global-context.md
[2026-07-20T13:27:48Z] compose: role=ai/roles/planner.md
[2026-07-20T13:27:48Z] compose: skill=ai/skills/workflow-discipline.md
[2026-07-20T13:27:48Z] compose: skill=ai/skills/architecture-discipline.md
[2026-07-20T13:27:48Z] compose: skill=ai/skills/documentation.md
[2026-07-20T13:27:48Z] compose: task (canonical prompt)
[2026-07-20T13:27:48Z] snapshot: runtime-prompt=runs/T024/prompts/planner-attempt-4.md
[2026-07-20T13:31:16Z] auto-run: step=planner done rc=0
[2026-07-20T13:34:07Z] auto-run start: state=INIT
[2026-07-20T13:34:07Z] auto-run: running step=planner
[2026-07-20T13:34:07Z] prompt: resolved=prompts/generic/planner.md source=generic
[2026-07-20T13:34:07Z] prompt: generic fallback — injecting runs/T024/ticket.md
[2026-07-20T13:34:07Z] compose: global-context=docs/ai/global-context.md
[2026-07-20T13:34:07Z] compose: role=ai/roles/planner.md
[2026-07-20T13:34:07Z] compose: skill=ai/skills/workflow-discipline.md
[2026-07-20T13:34:07Z] compose: skill=ai/skills/architecture-discipline.md
[2026-07-20T13:34:07Z] compose: skill=ai/skills/documentation.md
[2026-07-20T13:34:07Z] compose: task (canonical prompt)
[2026-07-20T13:34:07Z] snapshot: runtime-prompt=runs/T024/prompts/planner-attempt-5.md
[2026-07-20T13:37:35Z] auto-run: step=planner done rc=0
[2026-07-20T13:40:28Z] auto-run start: state=INIT
[2026-07-20T13:40:28Z] auto-run: running step=planner
[2026-07-20T13:40:28Z] prompt: resolved=prompts/generic/planner.md source=generic
[2026-07-20T13:40:28Z] prompt: generic fallback — injecting runs/T024/ticket.md
[2026-07-20T13:40:28Z] compose: global-context=docs/ai/global-context.md
[2026-07-20T13:40:28Z] compose: role=ai/roles/planner.md
[2026-07-20T13:40:28Z] compose: skill=ai/skills/workflow-discipline.md
[2026-07-20T13:40:28Z] compose: skill=ai/skills/architecture-discipline.md
[2026-07-20T13:40:28Z] compose: skill=ai/skills/documentation.md
[2026-07-20T13:40:28Z] compose: task (canonical prompt)
[2026-07-20T13:40:28Z] snapshot: runtime-prompt=runs/T024/prompts/planner-attempt-6.md
[2026-07-20T13:44:47Z] auto-run: step=planner done rc=0
[2026-07-20T13:48:03Z] auto-run start: state=INIT
[2026-07-20T13:48:03Z] auto-run: running step=planner
[2026-07-20T13:48:03Z] prompt: resolved=prompts/generic/planner.md source=generic
[2026-07-20T13:48:03Z] prompt: generic fallback — injecting runs/T024/ticket.md
[2026-07-20T13:48:03Z] compose: global-context=docs/ai/global-context.md
[2026-07-20T13:48:03Z] compose: role=ai/roles/planner.md
[2026-07-20T13:48:03Z] compose: skill=ai/skills/workflow-discipline.md
[2026-07-20T13:48:03Z] compose: skill=ai/skills/architecture-discipline.md
[2026-07-20T13:48:03Z] compose: skill=ai/skills/documentation.md
[2026-07-20T13:48:03Z] compose: task (canonical prompt)
[2026-07-20T13:48:03Z] snapshot: runtime-prompt=runs/T024/prompts/planner-attempt-7.md
[2026-07-20T13:52:57Z] auto-run: step=planner done rc=0
