[2026-07-11T13:10:55Z] auto-run start: state=INIT
[2026-07-11T13:10:55Z] auto-run: running step=planner
[2026-07-11T13:10:55Z] prompt: resolved=prompts/generic/planner.md source=generic
[2026-07-11T13:10:55Z] prompt: generic fallback — injecting runs/T012/ticket.md
[2026-07-11T13:10:55Z] compose: global-context=docs/ai/global-context.md
[2026-07-11T13:10:55Z] compose: role=ai/roles/planner.md
[2026-07-11T13:10:55Z] compose: skill=ai/skills/workflow-discipline.md
[2026-07-11T13:10:55Z] compose: skill=ai/skills/architecture-discipline.md
[2026-07-11T13:10:55Z] compose: skill=ai/skills/documentation.md
[2026-07-11T13:10:55Z] compose: task (canonical prompt)
[2026-07-11T13:10:55Z] snapshot: runtime-prompt=runs/T012/prompts/planner-attempt-1.md
[2026-07-11T13:13:58Z] auto-run: step=planner done rc=0
[2026-07-11T14:54:04Z] conflict-resolver: git rebase origin/main exit=1
[2026-07-11T14:54:04Z] conflict-resolver: conflicts detected: ['backend/target/classes/com/timizer/backend/cra/CraDayEntry.class', 'backend/target/classes/com/timizer/backend/cra/CraDetailsMapper.class', 'backend/target/classes/com/timizerlike/backend/cra/dto/CraDayEntryDto.class', 'backend/target/maven-status/maven-compiler-plugin/compile/default-compile/createdFiles.lst', 'backend/target/maven-status/maven-compiler-plugin/compile/default-compile/inputFiles.lst', 'backend/target/maven-status/maven-compiler-plugin/testCompile/default-testCompile/createdFiles.lst', 'backend/target/maven-status/maven-compiler-plugin/testCompile/default-testCompile/inputFiles.lst', 'backend/target/surefire-reports/TEST-com.timizer.backend.cra.CraDayEntryTest.xml', 'backend/target/surefire-reports/TEST-com.timizer.backend.cra.MonthlyCraCreationServiceTest.xml', 'backend/target/surefire-reports/TEST-com.timizer.backend.cra.MonthlyCraReportPersistenceTest.xml', 'backend/target/surefire-reports/TEST-com.timizer.backend.cra.MonthlyCraReportRepositoryTest.xml', 'backend/target/surefire-reports/TEST-com.timizer.backend.cra.MonthlyCraReportTest.xml', 'backend/target/surefire-reports/TEST-com.timizer.backend.cra.api.CraControllerTest.xml', 'backend/target/surefire-reports/TEST-com.timizerlike.backend.cra.dto.CraDtoTest.xml', 'backend/target/surefire-reports/TEST-com.timizerlike.cra.pdf.model.CraPdfDocumentTest.xml', 'backend/target/surefire-reports/TEST-com.timizerlike.cra.service.CraCreationServiceTest.xml', 'backend/target/surefire-reports/com.timizer.backend.cra.CraDayEntryTest.txt', 'backend/target/surefire-reports/com.timizer.backend.cra.MonthlyCraCreationServiceTest.txt', 'backend/target/surefire-reports/com.timizer.backend.cra.MonthlyCraReportPersistenceTest.txt', 'backend/target/surefire-reports/com.timizer.backend.cra.MonthlyCraReportRepositoryTest.txt', 'backend/target/surefire-reports/com.timizer.backend.cra.MonthlyCraReportTest.txt', 'backend/target/surefire-reports/com.timizer.backend.cra.api.CraControllerTest.txt', 'backend/target/surefire-reports/com.timizerlike.backend.cra.dto.CraDtoTest.txt', 'backend/target/surefire-reports/com.timizerlike.cra.pdf.model.CraPdfDocumentTest.txt', 'backend/target/surefire-reports/com.timizerlike.cra.service.CraCreationServiceTest.txt', 'backend/target/test-classes/com/timizer/backend/cra/CraDayEntryTest.class', 'backend/target/test-classes/com/timizer/backend/cra/MonthlyCraCreationServiceTest.class', 'backend/target/test-classes/com/timizer/backend/cra/MonthlyCraReportRepositoryTest.class', 'backend/target/test-classes/com/timizer/backend/cra/MonthlyCraReportTest.class', 'backend/target/test-classes/com/timizer/backend/cra/api/CraControllerTest.class', 'backend/target/test-classes/com/timizerlike/backend/cra/dto/CraDtoTest.class']
[2026-07-11T14:54:05Z] conflict-resolver: [pass 1/3] start conflicted=['backend/target/classes/com/timizer/backend/cra/CraDayEntry.class', 'backend/target/classes/com/timizer/backend/cra/CraDetailsMapper.class', 'backend/target/classes/com/timizerlike/backend/cra/dto/CraDayEntryDto.class', 'backend/target/maven-status/maven-compiler-plugin/compile/default-compile/createdFiles.lst', 'backend/target/maven-status/maven-compiler-plugin/compile/default-compile/inputFiles.lst', 'backend/target/maven-status/maven-compiler-plugin/testCompile/default-testCompile/createdFiles.lst', 'backend/target/maven-status/maven-compiler-plugin/testCompile/default-testCompile/inputFiles.lst', 'backend/target/surefire-reports/TEST-com.timizer.backend.cra.CraDayEntryTest.xml', 'backend/target/surefire-reports/TEST-com.timizer.backend.cra.MonthlyCraCreationServiceTest.xml', 'backend/target/surefire-reports/TEST-com.timizer.backend.cra.MonthlyCraReportPersistenceTest.xml', 'backend/target/surefire-reports/TEST-com.timizer.backend.cra.MonthlyCraReportRepositoryTest.xml', 'backend/target/surefire-reports/TEST-com.timizer.backend.cra.MonthlyCraReportTest.xml', 'backend/target/surefire-reports/TEST-com.timizer.backend.cra.api.CraControllerTest.xml', 'backend/target/surefire-reports/TEST-com.timizerlike.backend.cra.dto.CraDtoTest.xml', 'backend/target/surefire-reports/TEST-com.timizerlike.cra.pdf.model.CraPdfDocumentTest.xml', 'backend/target/surefire-reports/TEST-com.timizerlike.cra.service.CraCreationServiceTest.xml', 'backend/target/surefire-reports/com.timizer.backend.cra.CraDayEntryTest.txt', 'backend/target/surefire-reports/com.timizer.backend.cra.MonthlyCraCreationServiceTest.txt', 'backend/target/surefire-reports/com.timizer.backend.cra.MonthlyCraReportPersistenceTest.txt', 'backend/target/surefire-reports/com.timizer.backend.cra.MonthlyCraReportRepositoryTest.txt', 'backend/target/surefire-reports/com.timizer.backend.cra.MonthlyCraReportTest.txt', 'backend/target/surefire-reports/com.timizer.backend.cra.api.CraControllerTest.txt', 'backend/target/surefire-reports/com.timizerlike.backend.cra.dto.CraDtoTest.txt', 'backend/target/surefire-reports/com.timizerlike.cra.pdf.model.CraPdfDocumentTest.txt', 'backend/target/surefire-reports/com.timizerlike.cra.service.CraCreationServiceTest.txt', 'backend/target/test-classes/com/timizer/backend/cra/CraDayEntryTest.class', 'backend/target/test-classes/com/timizer/backend/cra/MonthlyCraCreationServiceTest.class', 'backend/target/test-classes/com/timizer/backend/cra/MonthlyCraReportRepositoryTest.class', 'backend/target/test-classes/com/timizer/backend/cra/MonthlyCraReportTest.class', 'backend/target/test-classes/com/timizer/backend/cra/api/CraControllerTest.class', 'backend/target/test-classes/com/timizerlike/backend/cra/dto/CraDtoTest.class', 'runs/T004/prompts/conflict-resolver-attempt-1.md', 'runs/T004/prompts/conflict-resolver-attempt-2.md']
[2026-07-11T14:54:06Z] conflict-resolver: context written: runs/T012/conflict/context.md
[2026-07-11T14:54:06Z] compose: global-context=docs/ai/global-context.md
[2026-07-11T14:54:06Z] compose: role=ai/roles/conflict-resolver.md
[2026-07-11T14:54:06Z] compose: skill=ai/skills/workflow-discipline.md
[2026-07-11T14:54:06Z] compose: skill=ai/skills/git-discipline.md
[2026-07-11T14:54:06Z] compose: skill=ai/skills/code-quality.md
[2026-07-11T14:54:06Z] compose: skill=ai/skills/refactor-safety.md
[2026-07-11T14:54:06Z] compose: task (canonical prompt)
[2026-07-11T14:54:06Z] conflict-resolver: prompt snapshot: runs/T012/prompts/conflict-resolver-attempt-1.md
[2026-07-11T14:54:06Z] conflict-resolver: invoking AI resolver pass 1
