[2026-07-12T08:09:33Z] auto-run start: state=INIT
[2026-07-12T08:09:33Z] auto-run: running step=planner
[2026-07-12T08:09:33Z] prompt: resolved=prompts/generic/planner.md source=generic
[2026-07-12T08:09:33Z] prompt: generic fallback — injecting runs/T028/ticket.md
[2026-07-12T08:09:33Z] compose: global-context=docs/ai/global-context.md
[2026-07-12T08:09:33Z] compose: role=ai/roles/planner.md
[2026-07-12T08:09:33Z] compose: skill=ai/skills/workflow-discipline.md
[2026-07-12T08:09:33Z] compose: skill=ai/skills/architecture-discipline.md
[2026-07-12T08:09:33Z] compose: skill=ai/skills/documentation.md
[2026-07-12T08:09:33Z] compose: task (canonical prompt)
[2026-07-12T08:09:33Z] snapshot: runtime-prompt=runs/T028/prompts/planner-attempt-1.md
[2026-07-12T08:12:56Z] auto-run: step=planner done rc=0
[2026-07-12T08:15:43Z] auto-run start: state=INIT
[2026-07-12T08:15:43Z] auto-run: running step=planner
[2026-07-12T08:15:43Z] prompt: resolved=prompts/generic/planner.md source=generic
[2026-07-12T08:15:43Z] prompt: generic fallback — injecting runs/T028/ticket.md
[2026-07-12T08:15:43Z] compose: global-context=docs/ai/global-context.md
[2026-07-12T08:15:43Z] compose: role=ai/roles/planner.md
[2026-07-12T08:15:43Z] compose: skill=ai/skills/workflow-discipline.md
[2026-07-12T08:15:43Z] compose: skill=ai/skills/architecture-discipline.md
[2026-07-12T08:15:43Z] compose: skill=ai/skills/documentation.md
[2026-07-12T08:15:43Z] compose: task (canonical prompt)
[2026-07-12T08:15:43Z] snapshot: runtime-prompt=runs/T028/prompts/planner-attempt-2.md
[2026-07-12T08:20:17Z] auto-run: step=planner done rc=0
[2026-07-12T08:23:03Z] auto-run start: state=INIT
[2026-07-12T08:23:03Z] auto-run: running step=planner
[2026-07-12T08:23:03Z] prompt: resolved=prompts/generic/planner.md source=generic
[2026-07-12T08:23:03Z] prompt: generic fallback — injecting runs/T028/ticket.md
[2026-07-12T08:23:03Z] compose: global-context=docs/ai/global-context.md
[2026-07-12T08:23:03Z] compose: role=ai/roles/planner.md
[2026-07-12T08:23:03Z] compose: skill=ai/skills/workflow-discipline.md
[2026-07-12T08:23:03Z] compose: skill=ai/skills/architecture-discipline.md
[2026-07-12T08:23:03Z] compose: skill=ai/skills/documentation.md
[2026-07-12T08:23:03Z] compose: task (canonical prompt)
[2026-07-12T08:23:03Z] snapshot: runtime-prompt=runs/T028/prompts/planner-attempt-3.md
[2026-07-12T08:31:48Z] auto-run: step=planner done rc=0
