[2026-07-12T09:43:36Z] auto-run start: state=INIT
[2026-07-12T09:43:36Z] auto-run: running step=planner
[2026-07-12T09:43:36Z] prompt: resolved=prompts/generic/planner.md source=generic
[2026-07-12T09:43:36Z] prompt: generic fallback — injecting runs/T019/ticket.md
[2026-07-12T09:43:36Z] compose: global-context=docs/ai/global-context.md
[2026-07-12T09:43:36Z] compose: role=ai/roles/planner.md
[2026-07-12T09:43:36Z] compose: skill=ai/skills/workflow-discipline.md
[2026-07-12T09:43:36Z] compose: skill=ai/skills/architecture-discipline.md
[2026-07-12T09:43:36Z] compose: skill=ai/skills/documentation.md
[2026-07-12T09:43:36Z] compose: task (canonical prompt)
[2026-07-12T09:43:36Z] snapshot: runtime-prompt=runs/T019/prompts/planner-attempt-1.md
[2026-07-12T09:47:08Z] auto-run: step=planner done rc=0
[2026-07-12T09:49:48Z] auto-run start: state=INIT
[2026-07-12T09:49:48Z] auto-run: running step=planner
[2026-07-12T09:49:48Z] prompt: resolved=prompts/generic/planner.md source=generic
[2026-07-12T09:49:48Z] prompt: generic fallback — injecting runs/T019/ticket.md
[2026-07-12T09:49:48Z] compose: global-context=docs/ai/global-context.md
[2026-07-12T09:49:48Z] compose: role=ai/roles/planner.md
[2026-07-12T09:49:48Z] compose: skill=ai/skills/workflow-discipline.md
[2026-07-12T09:49:48Z] compose: skill=ai/skills/architecture-discipline.md
[2026-07-12T09:49:48Z] compose: skill=ai/skills/documentation.md
[2026-07-12T09:49:48Z] compose: task (canonical prompt)
[2026-07-12T09:49:48Z] snapshot: runtime-prompt=runs/T019/prompts/planner-attempt-2.md
[2026-07-12T09:54:38Z] auto-run: step=planner done rc=0
[2026-07-12T09:58:23Z] auto-run start: state=INIT
[2026-07-12T09:58:23Z] auto-run: running step=planner
[2026-07-12T09:58:23Z] prompt: resolved=prompts/generic/planner.md source=generic
[2026-07-12T09:58:23Z] prompt: generic fallback — injecting runs/T019/ticket.md
[2026-07-12T09:58:23Z] compose: global-context=docs/ai/global-context.md
[2026-07-12T09:58:23Z] compose: role=ai/roles/planner.md
[2026-07-12T09:58:23Z] compose: skill=ai/skills/workflow-discipline.md
[2026-07-12T09:58:23Z] compose: skill=ai/skills/architecture-discipline.md
[2026-07-12T09:58:23Z] compose: skill=ai/skills/documentation.md
[2026-07-12T09:58:23Z] compose: task (canonical prompt)
[2026-07-12T09:58:23Z] snapshot: runtime-prompt=runs/T019/prompts/planner-attempt-3.md
[2026-07-12T10:03:08Z] auto-run: step=planner done rc=0
[2026-07-12T10:07:03Z] auto-run start: state=INIT
[2026-07-12T10:07:03Z] auto-run: running step=planner
[2026-07-12T10:07:03Z] prompt: resolved=prompts/generic/planner.md source=generic
[2026-07-12T10:07:03Z] prompt: generic fallback — injecting runs/T019/ticket.md
[2026-07-12T10:07:03Z] compose: global-context=docs/ai/global-context.md
[2026-07-12T10:07:03Z] compose: role=ai/roles/planner.md
[2026-07-12T10:07:03Z] compose: skill=ai/skills/workflow-discipline.md
[2026-07-12T10:07:03Z] compose: skill=ai/skills/architecture-discipline.md
[2026-07-12T10:07:03Z] compose: skill=ai/skills/documentation.md
[2026-07-12T10:07:03Z] compose: task (canonical prompt)
[2026-07-12T10:07:03Z] snapshot: runtime-prompt=runs/T019/prompts/planner-attempt-4.md
[2026-07-12T10:10:38Z] auto-run: step=planner done rc=0
[2026-07-12T10:14:29Z] auto-run start: state=INIT
[2026-07-12T10:14:30Z] auto-run: running step=planner
[2026-07-12T10:14:30Z] prompt: resolved=prompts/generic/planner.md source=generic
[2026-07-12T10:14:30Z] prompt: generic fallback — injecting runs/T019/ticket.md
[2026-07-12T10:14:30Z] compose: global-context=docs/ai/global-context.md
[2026-07-12T10:14:30Z] compose: role=ai/roles/planner.md
[2026-07-12T10:14:30Z] compose: skill=ai/skills/workflow-discipline.md
[2026-07-12T10:14:30Z] compose: skill=ai/skills/architecture-discipline.md
[2026-07-12T10:14:30Z] compose: skill=ai/skills/documentation.md
[2026-07-12T10:14:30Z] compose: task (canonical prompt)
[2026-07-12T10:14:30Z] snapshot: runtime-prompt=runs/T019/prompts/planner-attempt-5.md
[2026-07-12T10:18:35Z] auto-run: step=planner done rc=0
[2026-07-12T10:51:05Z] auto-run start: state=INIT
[2026-07-12T10:51:05Z] auto-run: running step=planner
[2026-07-12T10:51:05Z] prompt: resolved=prompts/generic/planner.md source=generic
[2026-07-12T10:51:05Z] prompt: generic fallback — injecting runs/T019/ticket.md
[2026-07-12T10:51:05Z] compose: global-context=docs/ai/global-context.md
[2026-07-12T10:51:05Z] compose: role=ai/roles/planner.md
[2026-07-12T10:51:05Z] compose: skill=ai/skills/workflow-discipline.md
[2026-07-12T10:51:05Z] compose: skill=ai/skills/architecture-discipline.md
[2026-07-12T10:51:05Z] compose: skill=ai/skills/documentation.md
[2026-07-12T10:51:05Z] compose: task (canonical prompt)
[2026-07-12T10:51:05Z] snapshot: runtime-prompt=runs/T019/prompts/planner-attempt-7.md
[2026-07-12T10:53:43Z] auto-run: step=planner done rc=0
[2026-07-12T10:57:22Z] auto-run start: state=INIT
[2026-07-12T10:57:22Z] auto-run: running step=planner
[2026-07-12T10:57:22Z] prompt: resolved=prompts/generic/planner.md source=generic
[2026-07-12T10:57:22Z] prompt: generic fallback — injecting runs/T019/ticket.md
[2026-07-12T10:57:22Z] compose: global-context=docs/ai/global-context.md
[2026-07-12T10:57:22Z] compose: role=ai/roles/planner.md
[2026-07-12T10:57:22Z] compose: skill=ai/skills/workflow-discipline.md
[2026-07-12T10:57:22Z] compose: skill=ai/skills/architecture-discipline.md
[2026-07-12T10:57:22Z] compose: skill=ai/skills/documentation.md
[2026-07-12T10:57:22Z] compose: task (canonical prompt)
[2026-07-12T10:57:22Z] snapshot: runtime-prompt=runs/T019/prompts/planner-attempt-8.md
[2026-07-12T11:00:16Z] auto-run: step=planner done rc=0
[2026-07-12T11:03:32Z] auto-run start: state=INIT
[2026-07-12T11:03:32Z] auto-run: running step=planner
[2026-07-12T11:03:32Z] prompt: resolved=prompts/generic/planner.md source=generic
[2026-07-12T11:03:32Z] prompt: generic fallback — injecting runs/T019/ticket.md
[2026-07-12T11:03:32Z] compose: global-context=docs/ai/global-context.md
[2026-07-12T11:03:32Z] compose: role=ai/roles/planner.md
[2026-07-12T11:03:32Z] compose: skill=ai/skills/workflow-discipline.md
[2026-07-12T11:03:32Z] compose: skill=ai/skills/architecture-discipline.md
[2026-07-12T11:03:32Z] compose: skill=ai/skills/documentation.md
[2026-07-12T11:03:32Z] compose: task (canonical prompt)
[2026-07-12T11:03:32Z] snapshot: runtime-prompt=runs/T019/prompts/planner-attempt-9.md
[2026-07-12T11:06:28Z] auto-run: step=planner done rc=0
[2026-07-12T11:09:40Z] auto-run start: state=INIT
[2026-07-12T11:09:40Z] auto-run: running step=planner
[2026-07-12T11:09:40Z] prompt: resolved=prompts/generic/planner.md source=generic
[2026-07-12T11:09:40Z] prompt: generic fallback — injecting runs/T019/ticket.md
[2026-07-12T11:09:40Z] compose: global-context=docs/ai/global-context.md
[2026-07-12T11:09:40Z] compose: role=ai/roles/planner.md
[2026-07-12T11:09:40Z] compose: skill=ai/skills/workflow-discipline.md
[2026-07-12T11:09:40Z] compose: skill=ai/skills/architecture-discipline.md
[2026-07-12T11:09:40Z] compose: skill=ai/skills/documentation.md
[2026-07-12T11:09:40Z] compose: task (canonical prompt)
[2026-07-12T11:09:40Z] snapshot: runtime-prompt=runs/T019/prompts/planner-attempt-10.md
[2026-07-12T11:14:10Z] auto-run: step=planner done rc=0
[2026-07-12T11:26:51Z] auto-run start: state=IMPLEMENTATION_APPROVED
[2026-07-12T11:26:51Z] auto-run: running step=tester
[2026-07-12T11:26:52Z] prompt: resolved=prompts/generic/tester.md source=generic
[2026-07-12T11:26:52Z] prompt: generic fallback — injecting runs/T019/ticket.md
[2026-07-12T11:26:52Z] compose: global-context=docs/ai/global-context.md
[2026-07-12T11:26:52Z] compose: role=ai/roles/tester.md
[2026-07-12T11:26:52Z] compose: skill=ai/skills/workflow-discipline.md
[2026-07-12T11:26:52Z] compose: skill=ai/skills/testing.md
[2026-07-12T11:26:52Z] compose: skill=ai/skills/debugging.md
[2026-07-12T11:26:52Z] compose: task (canonical prompt)
[2026-07-12T11:26:52Z] snapshot: runtime-prompt=runs/T019/prompts/tester-attempt-1.md
[2026-07-12T11:27:55Z] auto-run: step=tester done rc=0
[2026-07-12T11:27:55Z] auto-run: transition IMPLEMENTATION_APPROVED → TEST_COMPLETE
[2026-07-12T11:27:55Z] auto-run: auto-commit triggered (step=tester, include_code=True)
[2026-07-12T11:27:55Z] commit-checkpoint: unstaged runtime garbage: ['runs/T019/daemon.lock', 'runs/T019/runtime.log', 'runs/T019/workflow-status.md']
[2026-07-12T11:27:55Z] commit-checkpoint: sha=e569b94 files=4 title='test(T019/workflow): tester — update 4 file(s)'
[2026-07-12T11:27:55Z] auto-run: auto-push triggered
[2026-07-12T11:27:55Z] push: tolerating runtime dirty files (not blocking): ['runs/T019/daemon.lock', 'runs/T019/runtime.log', 'runs/T019/workflow-status.md']
[2026-07-12T11:27:55Z] push: pushing branch=ticket/T019-create-cra-month-selector
[2026-07-12T11:27:57Z] push: done branch=ticket/T019-create-cra-month-selector
[2026-07-12T11:27:57Z] auto-run: TEST_COMPLETE — running PR lifecycle
[2026-07-12T11:51:09Z] conflict-resolver: blocking dirty paths before rebase: ['frontend/node_modules/.package-lock.json', 'frontend/node_modules/.vite/vitest/da39a3ee5e6b4b0d3255bfef95601890afd80709/results.json', 'frontend/node_modules/lru-cache/LICENSE', 'frontend/node_modules/lru-cache/README.md', 'frontend/node_modules/lru-cache/package.json']
[2026-07-12T11:51:10Z] conflict-resolver: failed to prepare clean tree before rebase — blocking paths: ['frontend/node_modules/.package-lock.json', 'frontend/node_modules/.vite/vitest/da39a3ee5e6b4b0d3255bfef95601890afd80709/results.json', 'frontend/node_modules/lru-cache/LICENSE', 'frontend/node_modules/lru-cache/README.md', 'frontend/node_modules/lru-cache/package.json']
[2026-07-12T11:51:10Z] conflict-resolver: state → CONFLICT_RESOLUTION_FAILED
[2026-07-12T11:52:48Z] conflict-resolver: AI resolver pass 1 finished but conflict markers remain in: ['runs/T011/conflict/context.md', 'runs/T011/prompts/conflict-resolver-attempt-1.md', 'runs/T014/conflict/context.md', 'runs/T014/prompts/conflict-resolver-attempt-1.md', 'runs/T016/prompts/conflict-resolver-attempt-3.md']
[2026-07-12T11:52:48Z] conflict-resolver: [pass 2/3] start conflicted=['runs/T011/conflict/context.md', 'runs/T011/prompts/conflict-resolver-attempt-1.md', 'runs/T014/conflict/context.md', 'runs/T014/prompts/conflict-resolver-attempt-1.md', 'runs/T016/prompts/conflict-resolver-attempt-3.md']
[2026-07-12T11:52:49Z] conflict-resolver: context written: runs/T019/conflict/context.md
[2026-07-12T11:52:50Z] compose: global-context=docs/ai/global-context.md
[2026-07-12T11:52:50Z] compose: role=ai/roles/conflict-resolver.md
[2026-07-12T11:52:50Z] compose: skill=ai/skills/workflow-discipline.md
[2026-07-12T11:52:50Z] compose: skill=ai/skills/git-discipline.md
[2026-07-12T11:52:50Z] compose: skill=ai/skills/code-quality.md
[2026-07-12T11:52:50Z] compose: skill=ai/skills/refactor-safety.md
[2026-07-12T11:52:50Z] compose: task (canonical prompt)
[2026-07-12T11:52:50Z] conflict-resolver: prompt snapshot: runs/T019/prompts/conflict-resolver-attempt-1.md
[2026-07-12T11:52:50Z] conflict-resolver: invoking AI resolver pass 2
[2026-07-12T11:53:30Z] conflict-resolver: AI resolver pass 2 finished but conflict markers remain in: ['runs/T011/conflict/context.md', 'runs/T011/prompts/conflict-resolver-attempt-1.md', 'runs/T014/conflict/context.md', 'runs/T014/prompts/conflict-resolver-attempt-1.md', 'runs/T016/prompts/conflict-resolver-attempt-3.md']
[2026-07-12T11:53:30Z] conflict-resolver: [pass 3/3] start conflicted=['runs/T011/conflict/context.md', 'runs/T011/prompts/conflict-resolver-attempt-1.md', 'runs/T014/conflict/context.md', 'runs/T014/prompts/conflict-resolver-attempt-1.md', 'runs/T016/prompts/conflict-resolver-attempt-3.md']
[2026-07-12T11:53:36Z] conflict-resolver: context written: runs/T019/conflict/context.md
[2026-07-12T11:53:38Z] compose: global-context=docs/ai/global-context.md
[2026-07-12T11:53:38Z] compose: role=ai/roles/conflict-resolver.md
[2026-07-12T11:53:38Z] compose: skill=ai/skills/workflow-discipline.md
[2026-07-12T11:53:38Z] compose: skill=ai/skills/git-discipline.md
[2026-07-12T11:53:38Z] compose: skill=ai/skills/code-quality.md
[2026-07-12T11:53:38Z] compose: skill=ai/skills/refactor-safety.md
[2026-07-12T11:53:38Z] compose: task (canonical prompt)
[2026-07-12T11:53:39Z] conflict-resolver: prompt snapshot: runs/T019/prompts/conflict-resolver-attempt-2.md
[2026-07-12T11:53:39Z] conflict-resolver: invoking AI resolver pass 3
[2026-07-12T11:56:31Z] conflict-resolver: AI resolver pass 3 complete — no actual conflict markers found; 5 files are false positives (embedded diff artifacts from prior tickets); no edits made
